#
# There is insufficient memory for the Java Runtime Environment to continue.
# Native memory allocation (malloc) failed to allocate 4402128 bytes. Error detail: Chunk::new
# Possible reasons:
#   The system is out of physical RAM or swap space
#   This process is running with CompressedOops enabled, and the Java Heap may be blocking the growth of the native heap
# Possible solutions:
#   Reduce memory load on the system
#   Increase physical memory or swap space
#   Check if swap backing store is full
#   Decrease Java heap size (-Xmx/-Xms)
#   Decrease number of Java threads
#   Decrease Java thread stack sizes (-Xss)
#   Set larger code cache with -XX:ReservedCodeCacheSize=
#   JVM is running with Unscaled Compressed Oops mode in which the Java heap is
#     placed in the first 4GB address space. The Java Heap base address is the
#     maximum limit for the native heap growth. Please use -XX:HeapBaseMinAddress
#     to set the Java Heap base and to place the Java Heap above 4GB virtual address.
# This output file may be truncated or incomplete.
#
#  Out of Memory Error (arena.cpp:162), pid=15576, tid=9848
#
# JRE version: Java(TM) SE Runtime Environment (24.0.2+12) (build 24.0.2+12-54)
# Java VM: Java HotSpot(TM) 64-Bit Server VM (24.0.2+12-54, mixed mode, sharing, tiered, compressed oops, compressed class ptrs, g1 gc, windows-amd64)
# No core dump will be written. Minidumps are not enabled by default on client versions of Windows
#

---------------  S U M M A R Y ------------

Command Line: -javaagent:C:\Program Files\JetBrains\IntelliJ IDEA Community Edition 2025.2.1\lib\idea_rt.jar=57881 -Dfile.encoding=UTF-8 -Dsun.stdout.encoding=UTF-8 -Dsun.stderr.encoding=UTF-8 com.rmis.rmis.RmisApplication

Host: Intel(R) Core(TM) i3-1005G1 CPU @ 1.20GHz, 4 cores, 3G,  Windows 11 , 64 bit Build 26100 (10.0.26100.7705)
Time: Sat Feb 28 14:52:01 2026 Sri Lanka Standard Time elapsed time: 3.596403 seconds (0d 0h 0m 3s)

---------------  T H R E A D  ---------------

Current thread (0x000002131b71e470):  JavaThread "C2 CompilerThread0" daemon [_thread_in_native, id=9848, stack(0x000000a748800000,0x000000a748900000) (1024K)]


Current CompileTask:
C2:3596 1067       4       jdk.internal.util.xml.impl.Parser::step (891 bytes)

Stack: [0x000000a748800000,0x000000a748900000]
Native frames: (J=compiled Java code, j=interpreted, Vv=VM code, C=native code)
V  [jvm.dll+0x730829]  (no source info available)
V  [jvm.dll+0x8d9da3]  (no source info available)
V  [jvm.dll+0x8dc28d]  (no source info available)
V  [jvm.dll+0x8dc903]  (no source info available)
V  [jvm.dll+0x2a9f56]  (no source info available)
V  [jvm.dll+0xced7f]  (no source info available)
V  [jvm.dll+0xcefdf]  (no source info available)
V  [jvm.dll+0x154c83]  (no source info available)
V  [jvm.dll+0x73604f]  (no source info available)
V  [jvm.dll+0x26f8dc]  (no source info available)
V  [jvm.dll+0x26e8ff]  (no source info available)
V  [jvm.dll+0x1e9c90]  (no source info available)
V  [jvm.dll+0x27e0cb]  (no source info available)
V  [jvm.dll+0x27c36a]  (no source info available)
V  [jvm.dll+0x42f396]  (no source info available)
V  [jvm.dll+0x87d9eb]  (no source info available)
V  [jvm.dll+0x72ef45]  (no source info available)
C  [ucrtbase.dll+0x37b0]  (no source info available)
C  [KERNEL32.DLL+0x2e8d7]  (no source info available)
C  [ntdll.dll+0x8c40c]  (no source info available)

Lock stack of current Java thread (top to bottom):


---------------  P R O C E S S  ---------------

Threads class SMR info:
_java_thread_list=0x0000021361739f90, length=12, elements={
0x000002137fdbcde0, 0x000002131b70ee00, 0x000002131b712820, 0x000002131b716c70,
0x000002131b717890, 0x000002131b71b8f0, 0x000002131b71c510, 0x000002131b71e470,
0x000002131b723340, 0x000002131b918fd0, 0x0000021361494fe0, 0x0000021361495720
}

Java Threads: ( => current thread )
  0x000002137fdbcde0 JavaThread "main"                              [_thread_in_native, id=12320, stack(0x000000a747a00000,0x000000a747b00000) (1024K)]
  0x000002131b70ee00 JavaThread "Reference Handler"          daemon [_thread_blocked, id=15912, stack(0x000000a748200000,0x000000a748300000) (1024K)]
  0x000002131b712820 JavaThread "Finalizer"                  daemon [_thread_blocked, id=13876, stack(0x000000a748300000,0x000000a748400000) (1024K)]
  0x000002131b716c70 JavaThread "Signal Dispatcher"          daemon [_thread_blocked, id=1660, stack(0x000000a748400000,0x000000a748500000) (1024K)]
  0x000002131b717890 JavaThread "Attach Listener"            daemon [_thread_in_native, id=11748, stack(0x000000a748500000,0x000000a748600000) (1024K)]
  0x000002131b71b8f0 JavaThread "Service Thread"             daemon [_thread_blocked, id=15288, stack(0x000000a748600000,0x000000a748700000) (1024K)]
  0x000002131b71c510 JavaThread "Monitor Deflation Thread"   daemon [_thread_blocked, id=9528, stack(0x000000a748700000,0x000000a748800000) (1024K)]
=>0x000002131b71e470 JavaThread "C2 CompilerThread0"         daemon [_thread_in_native, id=9848, stack(0x000000a748800000,0x000000a748900000) (1024K)]
  0x000002131b723340 JavaThread "C1 CompilerThread0"         daemon [_thread_blocked, id=3740, stack(0x000000a748900000,0x000000a748a00000) (1024K)]
  0x000002131b918fd0 JavaThread "Common-Cleaner"             daemon [_thread_blocked, id=5396, stack(0x000000a748a00000,0x000000a748b00000) (1024K)]
  0x0000021361494fe0 JavaThread "Monitor Ctrl-Break"         daemon [_thread_in_native, id=4008, stack(0x000000a748b00000,0x000000a748c00000) (1024K)]
  0x0000021361495720 JavaThread "Notification Thread"        daemon [_thread_blocked, id=13636, stack(0x000000a748c00000,0x000000a748d00000) (1024K)]
Total: 12

Other Threads:
  0x000002131b6fe660 VMThread "VM Thread"                           [id=15984, stack(0x000000a748100000,0x000000a748200000) (1024K)]
  0x000002131b6eef00 WatcherThread "VM Periodic Task Thread"        [id=2412, stack(0x000000a748000000,0x000000a748100000) (1024K)]
  0x000002137fdf4680 WorkerThread "GC Thread#0"                     [id=7464, stack(0x000000a747b00000,0x000000a747c00000) (1024K)]
  0x000002137fe00250 ConcurrentGCThread "G1 Main Marker"            [id=11828, stack(0x000000a747c00000,0x000000a747d00000) (1024K)]
  0x000002137fe02c60 WorkerThread "G1 Conc#0"                       [id=8632, stack(0x000000a747d00000,0x000000a747e00000) (1024K)]
  0x000002137fe57b60 ConcurrentGCThread "G1 Refine#0"               [id=11144, stack(0x000000a747e00000,0x000000a747f00000) (1024K)]
  0x000002137fe595d0 ConcurrentGCThread "G1 Service"                [id=15296, stack(0x000000a747f00000,0x000000a748000000) (1024K)]
Total: 7

Threads with active compile tasks:
C2 CompilerThread0  3730 1067       4       jdk.internal.util.xml.impl.Parser::step (891 bytes)
Total: 1

VM state: not at safepoint (normal execution)

VM Mutex/Monitor currently owned by a thread: None

Heap address: 0x00000000c3a00000, size: 966 MB, Compressed Oops mode: 32-bit

CDS archive(s) mapped at: [0x000002131c000000-0x000002131cd40000-0x000002131cd40000), size 13893632, SharedBaseAddress: 0x000002131c000000, ArchiveRelocationMode: 1.
Compressed class space mapped at: 0x000002131d000000-0x000002135d000000, reserved size: 1073741824
UseCompressedClassPointers 1, UseCompactObjectHeaders 0
Narrow klass pointer bits 32, Max shift 3
Narrow klass base: 0x000002131c000000, Narrow klass shift: 0
Encoding Range: [0x000002131c000000 - 0x000002141c000000), (4294967296 bytes)
Klass Range:    [0x000002131c000000 - 0x000002135d000000), (1090519040 bytes)
Klass ID Range:  [8 - 1090519033) (1090519025)

GC Precious Log:
 CardTable entry size: 512
 Card Set container configuration: InlinePtr #cards 5 size 8 Array Of Cards #cards 10 size 36 Howl #buckets 4 coarsen threshold 1843 Howl Bitmap #cards 512 size 80 coarsen threshold 460 Card regions per heap region 1 cards per card region 2048
 CPUs: 4 total, 4 available
 Memory: 3863M
 Large Page Support: Disabled
 NUMA Support: Disabled
 Compressed Oops: Enabled (32-bit)
 Heap Region Size: 1M
 Heap Min Capacity: 8M
 Heap Initial Capacity: 62M
 Heap Max Capacity: 966M
 Pre-touch: Disabled
 Parallel Workers: 4
 Concurrent Workers: 1
 Concurrent Refinement Workers: 4
 Periodic GC: Disabled

Heap:
 garbage-first heap   total reserved 989184K, committed 65536K, used 21620K [0x00000000c3a00000, 0x0000000100000000)
  region size 1024K, 19 young (19456K), 0 survivors (0K)
 Metaspace       used 5438K, committed 5568K, reserved 1114112K
  class space    used 440K, committed 512K, reserved 1048576K

Heap Regions: E=young(eden), S=young(survivor), O=old, HS=humongous(starts), HC=humongous(continues), CS=collection set, F=free, TAMS=top-at-mark-start, PB=parsable bottom
|   0|0x00000000c3a00000, 0x00000000c3b00000, 0x00000000c3b00000|100%|HS|  |TAMS 0x00000000c3a00000| PB 0x00000000c3a00000| Complete |  0
|   1|0x00000000c3b00000, 0x00000000c3c00000, 0x00000000c3c00000|100%|HS|  |TAMS 0x00000000c3b00000| PB 0x00000000c3b00000| Complete |  0
|   2|0x00000000c3c00000, 0x00000000c3c00000, 0x00000000c3d00000|  0%| F|  |TAMS 0x00000000c3c00000| PB 0x00000000c3c00000| Untracked |  0
|   3|0x00000000c3d00000, 0x00000000c3d00000, 0x00000000c3e00000|  0%| F|  |TAMS 0x00000000c3d00000| PB 0x00000000c3d00000| Untracked |  0
|   4|0x00000000c3e00000, 0x00000000c3e00000, 0x00000000c3f00000|  0%| F|  |TAMS 0x00000000c3e00000| PB 0x00000000c3e00000| Untracked |  0
|   5|0x00000000c3f00000, 0x00000000c3f00000, 0x00000000c4000000|  0%| F|  |TAMS 0x00000000c3f00000| PB 0x00000000c3f00000| Untracked |  0
|   6|0x00000000c4000000, 0x00000000c4000000, 0x00000000c4100000|  0%| F|  |TAMS 0x00000000c4000000| PB 0x00000000c4000000| Untracked |  0
|   7|0x00000000c4100000, 0x00000000c4100000, 0x00000000c4200000|  0%| F|  |TAMS 0x00000000c4100000| PB 0x00000000c4100000| Untracked |  0
|   8|0x00000000c4200000, 0x00000000c4200000, 0x00000000c4300000|  0%| F|  |TAMS 0x00000000c4200000| PB 0x00000000c4200000| Untracked |  0
|   9|0x00000000c4300000, 0x00000000c4300000, 0x00000000c4400000|  0%| F|  |TAMS 0x00000000c4300000| PB 0x00000000c4300000| Untracked |  0
|  10|0x00000000c4400000, 0x00000000c4400000, 0x00000000c4500000|  0%| F|  |TAMS 0x00000000c4400000| PB 0x00000000c4400000| Untracked |  0
|  11|0x00000000c4500000, 0x00000000c4500000, 0x00000000c4600000|  0%| F|  |TAMS 0x00000000c4500000| PB 0x00000000c4500000| Untracked |  0
|  12|0x00000000c4600000, 0x00000000c4600000, 0x00000000c4700000|  0%| F|  |TAMS 0x00000000c4600000| PB 0x00000000c4600000| Untracked |  0
|  13|0x00000000c4700000, 0x00000000c4700000, 0x00000000c4800000|  0%| F|  |TAMS 0x00000000c4700000| PB 0x00000000c4700000| Untracked |  0
|  14|0x00000000c4800000, 0x00000000c4800000, 0x00000000c4900000|  0%| F|  |TAMS 0x00000000c4800000| PB 0x00000000c4800000| Untracked |  0
|  15|0x00000000c4900000, 0x00000000c4900000, 0x00000000c4a00000|  0%| F|  |TAMS 0x00000000c4900000| PB 0x00000000c4900000| Untracked |  0
|  16|0x00000000c4a00000, 0x00000000c4a00000, 0x00000000c4b00000|  0%| F|  |TAMS 0x00000000c4a00000| PB 0x00000000c4a00000| Untracked |  0
|  17|0x00000000c4b00000, 0x00000000c4b00000, 0x00000000c4c00000|  0%| F|  |TAMS 0x00000000c4b00000| PB 0x00000000c4b00000| Untracked |  0
|  18|0x00000000c4c00000, 0x00000000c4c00000, 0x00000000c4d00000|  0%| F|  |TAMS 0x00000000c4c00000| PB 0x00000000c4c00000| Untracked |  0
|  19|0x00000000c4d00000, 0x00000000c4d00000, 0x00000000c4e00000|  0%| F|  |TAMS 0x00000000c4d00000| PB 0x00000000c4d00000| Untracked |  0
|  20|0x00000000c4e00000, 0x00000000c4e00000, 0x00000000c4f00000|  0%| F|  |TAMS 0x00000000c4e00000| PB 0x00000000c4e00000| Untracked |  0
|  21|0x00000000c4f00000, 0x00000000c4f00000, 0x00000000c5000000|  0%| F|  |TAMS 0x00000000c4f00000| PB 0x00000000c4f00000| Untracked |  0
|  22|0x00000000c5000000, 0x00000000c5000000, 0x00000000c5100000|  0%| F|  |TAMS 0x00000000c5000000| PB 0x00000000c5000000| Untracked |  0
|  23|0x00000000c5100000, 0x00000000c5100000, 0x00000000c5200000|  0%| F|  |TAMS 0x00000000c5100000| PB 0x00000000c5100000| Untracked |  0
|  24|0x00000000c5200000, 0x00000000c5200000, 0x00000000c5300000|  0%| F|  |TAMS 0x00000000c5200000| PB 0x00000000c5200000| Untracked |  0
|  25|0x00000000c5300000, 0x00000000c5300000, 0x00000000c5400000|  0%| F|  |TAMS 0x00000000c5300000| PB 0x00000000c5300000| Untracked |  0
|  26|0x00000000c5400000, 0x00000000c5400000, 0x00000000c5500000|  0%| F|  |TAMS 0x00000000c5400000| PB 0x00000000c5400000| Untracked |  0
|  27|0x00000000c5500000, 0x00000000c5500000, 0x00000000c5600000|  0%| F|  |TAMS 0x00000000c5500000| PB 0x00000000c5500000| Untracked |  0
|  28|0x00000000c5600000, 0x00000000c5600000, 0x00000000c5700000|  0%| F|  |TAMS 0x00000000c5600000| PB 0x00000000c5600000| Untracked |  0
|  29|0x00000000c5700000, 0x00000000c5700000, 0x00000000c5800000|  0%| F|  |TAMS 0x00000000c5700000| PB 0x00000000c5700000| Untracked |  0
|  30|0x00000000c5800000, 0x00000000c5800000, 0x00000000c5900000|  0%| F|  |TAMS 0x00000000c5800000| PB 0x00000000c5800000| Untracked |  0
|  31|0x00000000c5900000, 0x00000000c5900000, 0x00000000c5a00000|  0%| F|  |TAMS 0x00000000c5900000| PB 0x00000000c5900000| Untracked |  0
|  32|0x00000000c5a00000, 0x00000000c5a00000, 0x00000000c5b00000|  0%| F|  |TAMS 0x00000000c5a00000| PB 0x00000000c5a00000| Untracked |  0
|  33|0x00000000c5b00000, 0x00000000c5b00000, 0x00000000c5c00000|  0%| F|  |TAMS 0x00000000c5b00000| PB 0x00000000c5b00000| Untracked |  0
|  34|0x00000000c5c00000, 0x00000000c5c00000, 0x00000000c5d00000|  0%| F|  |TAMS 0x00000000c5c00000| PB 0x00000000c5c00000| Untracked |  0
|  35|0x00000000c5d00000, 0x00000000c5d00000, 0x00000000c5e00000|  0%| F|  |TAMS 0x00000000c5d00000| PB 0x00000000c5d00000| Untracked |  0
|  36|0x00000000c5e00000, 0x00000000c5e00000, 0x00000000c5f00000|  0%| F|  |TAMS 0x00000000c5e00000| PB 0x00000000c5e00000| Untracked |  0
|  37|0x00000000c5f00000, 0x00000000c5f00000, 0x00000000c6000000|  0%| F|  |TAMS 0x00000000c5f00000| PB 0x00000000c5f00000| Untracked |  0
|  38|0x00000000c6000000, 0x00000000c6000000, 0x00000000c6100000|  0%| F|  |TAMS 0x00000000c6000000| PB 0x00000000c6000000| Untracked |  0
|  39|0x00000000c6100000, 0x00000000c6100000, 0x00000000c6200000|  0%| F|  |TAMS 0x00000000c6100000| PB 0x00000000c6100000| Untracked |  0
|  40|0x00000000c6200000, 0x00000000c6200000, 0x00000000c6300000|  0%| F|  |TAMS 0x00000000c6200000| PB 0x00000000c6200000| Untracked |  0
|  41|0x00000000c6300000, 0x00000000c6300000, 0x00000000c6400000|  0%| F|  |TAMS 0x00000000c6300000| PB 0x00000000c6300000| Untracked |  0
|  42|0x00000000c6400000, 0x00000000c6400000, 0x00000000c6500000|  0%| F|  |TAMS 0x00000000c6400000| PB 0x00000000c6400000| Untracked |  0
|  43|0x00000000c6500000, 0x00000000c6580000, 0x00000000c6600000| 50%| E|  |TAMS 0x00000000c6500000| PB 0x00000000c6500000| Complete |  0
|  44|0x00000000c6600000, 0x00000000c6700000, 0x00000000c6700000|100%| E|CS|TAMS 0x00000000c6600000| PB 0x00000000c6600000| Complete |  0
|  45|0x00000000c6700000, 0x00000000c6800000, 0x00000000c6800000|100%| E|CS|TAMS 0x00000000c6700000| PB 0x00000000c6700000| Complete |  0
|  46|0x00000000c6800000, 0x00000000c6900000, 0x00000000c6900000|100%| E|CS|TAMS 0x00000000c6800000| PB 0x00000000c6800000| Complete |  0
|  47|0x00000000c6900000, 0x00000000c6a00000, 0x00000000c6a00000|100%| E|CS|TAMS 0x00000000c6900000| PB 0x00000000c6900000| Complete |  0
|  48|0x00000000c6a00000, 0x00000000c6b00000, 0x00000000c6b00000|100%| E|CS|TAMS 0x00000000c6a00000| PB 0x00000000c6a00000| Complete |  0
|  49|0x00000000c6b00000, 0x00000000c6c00000, 0x00000000c6c00000|100%| E|CS|TAMS 0x00000000c6b00000| PB 0x00000000c6b00000| Complete |  0
|  50|0x00000000c6c00000, 0x00000000c6d00000, 0x00000000c6d00000|100%| E|CS|TAMS 0x00000000c6c00000| PB 0x00000000c6c00000| Complete |  0
|  51|0x00000000c6d00000, 0x00000000c6e00000, 0x00000000c6e00000|100%| E|CS|TAMS 0x00000000c6d00000| PB 0x00000000c6d00000| Complete |  0
|  52|0x00000000c6e00000, 0x00000000c6f00000, 0x00000000c6f00000|100%| E|CS|TAMS 0x00000000c6e00000| PB 0x00000000c6e00000| Complete |  0
|  53|0x00000000c6f00000, 0x00000000c7000000, 0x00000000c7000000|100%| E|CS|TAMS 0x00000000c6f00000| PB 0x00000000c6f00000| Complete |  0
|  54|0x00000000c7000000, 0x00000000c7100000, 0x00000000c7100000|100%| E|CS|TAMS 0x00000000c7000000| PB 0x00000000c7000000| Complete |  0
|  55|0x00000000c7100000, 0x00000000c7200000, 0x00000000c7200000|100%| E|CS|TAMS 0x00000000c7100000| PB 0x00000000c7100000| Complete |  0
|  56|0x00000000c7200000, 0x00000000c7300000, 0x00000000c7300000|100%| E|CS|TAMS 0x00000000c7200000| PB 0x00000000c7200000| Complete |  0
|  57|0x00000000c7300000, 0x00000000c7400000, 0x00000000c7400000|100%| E|CS|TAMS 0x00000000c7300000| PB 0x00000000c7300000| Complete |  0
|  58|0x00000000c7400000, 0x00000000c7500000, 0x00000000c7500000|100%| E|CS|TAMS 0x00000000c7400000| PB 0x00000000c7400000| Complete |  0
|  59|0x00000000c7500000, 0x00000000c7600000, 0x00000000c7600000|100%| E|CS|TAMS 0x00000000c7500000| PB 0x00000000c7500000| Complete |  0
|  60|0x00000000c7600000, 0x00000000c7700000, 0x00000000c7700000|100%| E|CS|TAMS 0x00000000c7600000| PB 0x00000000c7600000| Complete |  0
|  61|0x00000000c7700000, 0x00000000c7800000, 0x00000000c7800000|100%| E|CS|TAMS 0x00000000c7700000| PB 0x00000000c7700000| Complete |  0
| 964|0x00000000ffe00000, 0x00000000fff00000, 0x00000000fff00000|100%| O|  |TAMS 0x00000000ffe00000| PB 0x00000000ffe00000| Untracked |  0
| 965|0x00000000fff00000, 0x00000000fff1d248, 0x0000000100000000| 11%| O|  |TAMS 0x00000000fff00000| PB 0x00000000fff00000| Untracked |  0

Card table byte_map: [0x0000021318010000,0x0000021318200000] _byte_map_base: 0x00000213179f3000

Marking Bits: (CMBitMap*) 0x000002137fdf4d90
 Bits: [0x0000021318200000, 0x0000021319118000)

Polling page: 0x000002137fe80000

Metaspace:

Usage:
  Non-class:      4.89 MB used.
      Class:    440.25 KB used.
       Both:      5.32 MB used.

Virtual space:
  Non-class space:       64.00 MB reserved,       4.94 MB (  8%) committed,  1 nodes.
      Class space:        1.00 GB reserved,     512.00 KB ( <1%) committed,  1 nodes.
             Both:        1.06 GB reserved,       5.44 MB ( <1%) committed. 

Chunk freelists:
   Non-Class:  10.62 MB
       Class:  15.50 MB
        Both:  26.13 MB

MaxMetaspaceSize: unlimited
CompressedClassSpaceSize: 1.00 GB
Initial GC threshold: 21.00 MB
Current GC threshold: 21.00 MB
CDS: on
 - commit_granule_bytes: 65536.
 - commit_granule_words: 8192.
 - virtual_space_node_default_size: 8388608.
 - enlarge_chunks_in_place: 1.
UseCompressedClassPointers 1, UseCompactObjectHeaders 0
Narrow klass pointer bits 32, Max shift 3
Narrow klass base: 0x000002131c000000, Narrow klass shift: 0
Encoding Range: [0x000002131c000000 - 0x000002141c000000), (4294967296 bytes)
Klass Range:    [0x000002131c000000 - 0x000002135d000000), (1090519040 bytes)
Klass ID Range:  [8 - 1090519033) (1090519025)


Internal statistics:

num_allocs_failed_limit: 0.
num_arena_births: 60.
num_arena_deaths: 0.
num_vsnodes_births: 2.
num_vsnodes_deaths: 0.
num_space_committed: 87.
num_space_uncommitted: 0.
num_chunks_returned_to_freelist: 0.
num_chunks_taken_from_freelist: 87.
num_chunk_merges: 0.
num_chunk_splits: 57.
num_chunks_enlarged: 35.
num_inconsistent_stats: 0.

CodeHeap 'non-profiled nmethods': size=120064Kb used=319Kb max_used=319Kb free=119744Kb
 bounds [0x00000213102a0000, 0x0000021310510000, 0x00000213177e0000]
CodeHeap 'profiled nmethods': size=120000Kb used=1656Kb max_used=1656Kb free=118343Kb
 bounds [0x00000213087e0000, 0x0000021308a50000, 0x000002130fd10000]
CodeHeap 'non-nmethods': size=5696Kb used=1422Kb max_used=1430Kb free=4273Kb
 bounds [0x000002130fd10000, 0x000002130ff80000, 0x00000213102a0000]
CodeCache: size=245760Kb, used=3397Kb, max_used=3405Kb, free=242360Kb
 total_blobs=1705, nmethods=1228, adapters=382, full_count=0
Compilation: enabled, stopped_count=0, restarted_count=0

Compilation events (20 events):
Event: 3.449 Thread 0x000002131b723340 1137       3       java.lang.CharacterDataLatin1::getPropertiesEx (11 bytes)
Event: 3.449 Thread 0x000002131b723340 nmethod 1137 0x000002130895b888 code [0x000002130895b9a0, 0x000002130895bae0]
Event: 3.449 Thread 0x000002131b723340 1138   !   3       java.lang.reflect.Executable::declaredAnnotations (85 bytes)
Event: 3.450 Thread 0x000002131b723340 nmethod 1138 0x000002130895bb88 code [0x000002130895bd40, 0x000002130895c720]
Event: 3.450 Thread 0x000002131b723340 1139       3       java.util.LinkedHashMap$LinkedEntryIterator::next (5 bytes)
Event: 3.450 Thread 0x000002131b723340 nmethod 1139 0x000002130895c788 code [0x000002130895c8a0, 0x000002130895cb30]
Event: 3.450 Thread 0x000002131b723340 1140       3       java.util.LinkedHashMap$LinkedEntryIterator::next (5 bytes)
Event: 3.450 Thread 0x000002131b723340 nmethod 1140 0x000002130895cb88 code [0x000002130895cca0, 0x000002130895ce58]
Event: 3.452 Thread 0x000002131b723340 1141       3       jdk.internal.classfile.impl.Util::toInternalName (31 bytes)
Event: 3.453 Thread 0x000002131b723340 nmethod 1141 0x000002130895ce88 code [0x000002130895d000, 0x000002130895d928]
Event: 3.453 Thread 0x000002131b723340 1142       3       jdk.internal.constant.ClassOrInterfaceDescImpl::internalName (24 bytes)
Event: 3.454 Thread 0x000002131b723340 nmethod 1142 0x000002130895d988 code [0x000002130895dac0, 0x000002130895df98]
Event: 3.454 Thread 0x000002131b723340 1145       3       java.lang.invoke.MemberName::getInvocationType (56 bytes)
Event: 3.455 Thread 0x000002131b723340 nmethod 1145 0x000002130895e008 code [0x000002130895e1a0, 0x000002130895ed40]
Event: 3.455 Thread 0x000002131b723340 1143       3       jdk.internal.classfile.impl.SplitConstantPool::utf8Entry (25 bytes)
Event: 3.455 Thread 0x000002131b723340 nmethod 1143 0x000002130895ed88 code [0x000002130895eec0, 0x000002130895f240]
Event: 3.455 Thread 0x000002131b723340 1144       3       jdk.internal.constant.MethodTypeDescImpl::descriptorString (16 bytes)
Event: 3.455 Thread 0x000002131b723340 nmethod 1144 0x000002130895f288 code [0x000002130895f3a0, 0x000002130895f528]
Event: 3.455 Thread 0x000002131b723340 1146       3       jdk.internal.classfile.impl.DirectCodeBuilder::curPc (8 bytes)
Event: 3.455 Thread 0x000002131b723340 nmethod 1146 0x000002130895f588 code [0x000002130895f6a0, 0x000002130895f850]

GC Heap History (0 events):
No events

Dll operation events (11 events):
Event: 0.043 Loaded shared library C:\Program Files\Java\jdk-24\bin\java.dll
Event: 0.280 Loaded shared library C:\Program Files\Java\jdk-24\bin\jsvml.dll
Event: 1.801 Loaded shared library C:\Program Files\Java\jdk-24\bin\zip.dll
Event: 1.820 Loaded shared library C:\Program Files\Java\jdk-24\bin\instrument.dll
Event: 1.971 Loaded shared library C:\Program Files\Java\jdk-24\bin\net.dll
Event: 1.981 Loaded shared library C:\Program Files\Java\jdk-24\bin\nio.dll
Event: 2.054 Loaded shared library C:\Program Files\Java\jdk-24\bin\zip.dll
Event: 2.269 Loaded shared library C:\Program Files\Java\jdk-24\bin\jimage.dll
Event: 2.981 Loaded shared library C:\Program Files\Java\jdk-24\bin\management.dll
Event: 3.019 Loaded shared library C:\Program Files\Java\jdk-24\bin\management_ext.dll
Event: 3.284 Loaded shared library C:\Program Files\Java\jdk-24\bin\extnet.dll

Deoptimization events (20 events):
Event: 3.084 Thread 0x000002131b717890 Uncommon trap: trap_request=0xffffffde fr.pc=0x00000213102c81f8 relative=0x0000000000000998
Event: 3.084 Thread 0x000002131b717890 Uncommon trap: reason=class_check action=maybe_recompile pc=0x00000213102c81f8 method=java.util.HashMap.putVal(ILjava/lang/Object;Ljava/lang/Object;ZZ)Ljava/lang/Object; @ 253 c2
Event: 3.084 Thread 0x000002131b717890 DEOPT PACKING pc=0x00000213102c81f8 sp=0x000000a7485fe4b0
Event: 3.084 Thread 0x000002131b717890 DEOPT UNPACKING pc=0x000002130fd9c482 sp=0x000000a7485fe3d8 mode 2
Event: 3.120 Thread 0x000002137fdbcde0 Uncommon trap: trap_request=0xffffff4d fr.pc=0x00000213102a12cc relative=0x00000000000000ac
Event: 3.120 Thread 0x000002137fdbcde0 Uncommon trap: reason=unstable_if action=reinterpret pc=0x00000213102a12cc method=java.lang.String.isLatin1()Z @ 10 c2
Event: 3.120 Thread 0x000002137fdbcde0 DEOPT PACKING pc=0x00000213102a12cc sp=0x000000a747aff130
Event: 3.120 Thread 0x000002137fdbcde0 DEOPT UNPACKING pc=0x000002130fd9c482 sp=0x000000a747aff070 mode 2
Event: 3.343 Thread 0x000002131b717890 DEOPT PACKING pc=0x00000213087e7a19 sp=0x000000a7485fd310
Event: 3.343 Thread 0x000002131b717890 DEOPT UNPACKING pc=0x000002130fd66642 sp=0x000000a7485fc7b0 mode 0
Event: 3.362 Thread 0x000002131b717890 Uncommon trap: trap_request=0xffffff4d fr.pc=0x00000213102e7548 relative=0x00000000000000a8
Event: 3.362 Thread 0x000002131b717890 Uncommon trap: reason=unstable_if action=reinterpret pc=0x00000213102e7548 method=jdk.internal.util.xml.impl.Parser.bappend(CC)V @ 1 c2
Event: 3.362 Thread 0x000002131b717890 DEOPT PACKING pc=0x00000213102e7548 sp=0x000000a7485fd510
Event: 3.362 Thread 0x000002131b717890 DEOPT UNPACKING pc=0x000002130fd9c482 sp=0x000000a7485fd498 mode 2
Event: 3.362 Thread 0x000002131b717890 Uncommon trap: trap_request=0xffffff4d fr.pc=0x00000213102e71e0 relative=0x0000000000000060
Event: 3.362 Thread 0x000002131b717890 Uncommon trap: reason=unstable_if action=reinterpret pc=0x00000213102e71e0 method=jdk.internal.util.xml.impl.Parser.ensureCapacity(I)V @ 40 c2
Event: 3.362 Thread 0x000002131b717890 DEOPT PACKING pc=0x00000213102e71e0 sp=0x000000a7485fd510
Event: 3.362 Thread 0x000002131b717890 DEOPT UNPACKING pc=0x000002130fd9c482 sp=0x000000a7485fd488 mode 2
Event: 3.363 Thread 0x000002131b717890 DEOPT PACKING pc=0x00000213087e7a19 sp=0x000000a7485fd1f0
Event: 3.363 Thread 0x000002131b717890 DEOPT UNPACKING pc=0x000002130fd66642 sp=0x000000a7485fc690 mode 0

Classes loaded (20 events):
Event: 3.456 Loading class java/net/ProxySelector done
Event: 3.456 Loading class sun/net/spi/DefaultProxySelector
Event: 3.456 Loading class javax/management/remote/JMXServiceURL done
Event: 3.456 Loading class sun/net/spi/DefaultProxySelector done
Event: 3.456 Loading class java/net/Proxy
Event: 3.457 Loading class java/util/StringTokenizer
Event: 3.457 Loading class java/net/Proxy done
Event: 3.457 Loading class java/net/Proxy$Type
Event: 3.457 Loading class java/util/StringTokenizer done
Event: 3.457 Loading class sun/management/jmxremote/LocalRMIServerSocketFactory
Event: 3.457 Loading class java/net/Proxy$Type done
Event: 3.457 Loading class sun/net/NetProperties
Event: 3.457 Loading class java/rmi/server/RMIServerSocketFactory
Event: 3.458 Loading class sun/net/NetProperties done
Event: 3.458 Loading class java/rmi/server/RMIServerSocketFactory done
Event: 3.458 Loading class sun/management/jmxremote/LocalRMIServerSocketFactory done
Event: 3.458 Loading class javax/management/remote/JMXConnectorServerFactory
Event: 3.458 Loading class javax/management/remote/JMXConnectorServerFactory done
Event: 3.459 Loading class com/sun/jmx/remote/util/EnvHelp
Event: 3.591 Loading class com/sun/jmx/remote/util/EnvHelp done

Classes unloaded (0 events):
No events

Classes redefined (0 events):
No events

Internal exceptions (12 events):
Event: 1.771 Thread 0x000002137fdbcde0 Implicit null exception at 0x00000213102ad653 to 0x00000213102ad7ec
Event: 2.755 Thread 0x000002137fdbcde0 Exception <a 'java/lang/NoSuchMethodError'{0x00000000c744f7f8}: 'void java.lang.invoke.DirectMethodHandle$Holder.invokeStatic(java.lang.Object, java.lang.Object, java.lang.Object)'> (0x00000000c744f7f8) 
thrown [s\open\src\hotspot\share\interpreter\linkResolver.cpp, line 805]
Event: 2.763 Thread 0x000002131b717890 Exception <a 'java/lang/NoSuchMethodError'{0x00000000c6e9f9e0}: 'java.lang.Object java.lang.invoke.DirectMethodHandle$Holder.newInvokeSpecial(java.lang.Object, java.lang.Object, java.lang.Object, int)'> (0x00000000c6e9f9e0) 
thrown [s\open\src\hotspot\share\interpreter\linkResolver.cpp, line 805]
Event: 2.770 Thread 0x000002131b717890 Exception <a 'java/lang/NoSuchMethodError'{0x00000000c6ea86a0}: 'java.lang.Object java.lang.invoke.Invokers$Holder.linkToTargetMethod(java.lang.Object, java.lang.Object, int, java.lang.Object)'> (0x00000000c6ea86a0) 
thrown [s\open\src\hotspot\share\interpreter\linkResolver.cpp, line 805]
Event: 3.031 Thread 0x000002131b717890 Exception <a 'java/lang/NoSuchMethodError'{0x00000000c6d1a6f8}: 'int java.lang.invoke.DirectMethodHandle$Holder.invokeInterface(java.lang.Object, java.lang.Object)'> (0x00000000c6d1a6f8) 
thrown [s\open\src\hotspot\share\interpreter\linkResolver.cpp, line 805]
Event: 3.032 Thread 0x000002131b717890 Exception <a 'java/lang/IncompatibleClassChangeError'{0x00000000c6d22378}: Found class java.lang.Object, but interface was expected> (0x00000000c6d22378) 
thrown [s\open\src\hotspot\share\interpreter\linkResolver.cpp, line 872]
Event: 3.035 Thread 0x000002131b717890 Exception <a 'java/lang/NoSuchMethodError'{0x00000000c6d318b8}: 'void java.lang.invoke.DirectMethodHandle$Holder.invokeStatic(java.lang.Object, java.lang.Object)'> (0x00000000c6d318b8) 
thrown [s\open\src\hotspot\share\interpreter\linkResolver.cpp, line 805]
Event: 3.057 Thread 0x000002137fdbcde0 Exception <a 'java/lang/NoSuchMethodError'{0x00000000c7483dd8}: 'java.lang.Object java.lang.invoke.Invokers$Holder.invokeExact_MT(java.lang.Object, java.lang.Object, java.lang.Object, java.lang.Object, java.lang.Object)'> (0x00000000c7483dd8) 
thrown [s\open\src\hotspot\share\interpreter\linkResolver.cpp, line 805]
Event: 3.123 Thread 0x000002131b717890 Exception <a 'java/lang/NoSuchMethodError'{0x00000000c6dcd9d8}: 'void java.lang.invoke.DirectMethodHandle$Holder.invokeSpecial(java.lang.Object, java.lang.Object, java.lang.Object)'> (0x00000000c6dcd9d8) 
thrown [s\open\src\hotspot\share\interpreter\linkResolver.cpp, line 805]
Event: 3.156 Thread 0x000002131b717890 Exception <a 'java/lang/NoSuchMethodError'{0x00000000c6b32f80}: 'int java.lang.invoke.DirectMethodHandle$Holder.invokeSpecial(java.lang.Object, java.lang.Object, java.lang.Object)'> (0x00000000c6b32f80) 
thrown [s\open\src\hotspot\share\interpreter\linkResolver.cpp, line 805]
Event: 3.238 Thread 0x000002131b717890 Exception <a 'java/lang/NoSuchMethodError'{0x00000000c6aae800}: 'java.lang.Object java.lang.invoke.DirectMethodHandle$Holder.invokeStaticInit(java.lang.Object, java.lang.Object, java.lang.Object)'> (0x00000000c6aae800) 
thrown [s\open\src\hotspot\share\interpreter\linkResolver.cpp, line 805]
Event: 3.259 Thread 0x0000021361494fe0 Exception <a 'java/lang/NoSuchMethodError'{0x00000000c6c82820}: 'java.lang.Object java.lang.invoke.DirectMethodHandle$Holder.invokeStaticInit(java.lang.Object)'> (0x00000000c6c82820) 
thrown [s\open\src\hotspot\share\interpreter\linkResolver.cpp, line 805]

VM Operations (8 events):
Event: 1.751 Executing VM operation: HandshakeAllThreads (Deoptimize)
Event: 1.751 Executing VM operation: HandshakeAllThreads (Deoptimize) done
Event: 2.289 Executing VM operation: HandshakeAllThreads (Deoptimize)
Event: 2.289 Executing VM operation: HandshakeAllThreads (Deoptimize) done
Event: 3.043 Executing VM operation: HandshakeAllThreads (Deoptimize)
Event: 3.048 Executing VM operation: HandshakeAllThreads (Deoptimize) done
Event: 3.135 Executing VM operation: HandshakeAllThreads (Deoptimize)
Event: 3.143 Executing VM operation: HandshakeAllThreads (Deoptimize) done

Memory protections (0 events):
No events

Nmethod flushes (0 events):
No events

Events (12 events):
Event: 0.198 Thread 0x000002137fdbcde0 Thread added: 0x000002137fdbcde0
Event: 0.234 Thread 0x000002137fdbcde0 Thread added: 0x000002131b70ee00
Event: 0.236 Thread 0x000002137fdbcde0 Thread added: 0x000002131b712820
Event: 0.246 Thread 0x000002137fdbcde0 Thread added: 0x000002131b716c70
Event: 0.247 Thread 0x000002137fdbcde0 Thread added: 0x000002131b717890
Event: 0.249 Thread 0x000002137fdbcde0 Thread added: 0x000002131b71b8f0
Event: 0.254 Thread 0x000002137fdbcde0 Thread added: 0x000002131b71c510
Event: 0.256 Thread 0x000002137fdbcde0 Thread added: 0x000002131b71e470
Event: 0.269 Thread 0x000002137fdbcde0 Thread added: 0x000002131b723340
Event: 1.871 Thread 0x000002137fdbcde0 Thread added: 0x000002131b918fd0
Event: 3.117 Thread 0x000002137fdbcde0 Thread added: 0x0000021361494fe0
Event: 3.117 Thread 0x000002137fdbcde0 Thread added: 0x0000021361495720


Dynamic libraries:
0x00007ff615110000 - 0x00007ff615120000 	C:\Program Files\Java\jdk-24\bin\java.exe
0x00007ffb98de0000 - 0x00007ffb99048000 	C:\WINDOWS\SYSTEM32\ntdll.dll
0x00007ffb98290000 - 0x00007ffb98359000 	C:\WINDOWS\System32\KERNEL32.DLL
0x00007ffb96140000 - 0x00007ffb96531000 	C:\WINDOWS\System32\KERNELBASE.dll
0x00007ffb956c0000 - 0x00007ffb9580b000 	C:\WINDOWS\System32\ucrtbase.dll
0x00007ffb83120000 - 0x00007ffb83136000 	C:\Program Files\Java\jdk-24\bin\jli.dll
0x00007ffb82dd0000 - 0x00007ffb82deb000 	C:\Program Files\Java\jdk-24\bin\VCRUNTIME140.dll
0x00007ffb97af0000 - 0x00007ffb97cb6000 	C:\WINDOWS\System32\USER32.dll
0x00007ffb7eba0000 - 0x00007ffb7ee33000 	C:\WINDOWS\WinSxS\amd64_microsoft.windows.common-controls_6595b64144ccf1df_6.0.26100.7824_none_3e0870b2e3345462\COMCTL32.dll
0x00007ffb96b80000 - 0x00007ffb96c29000 	C:\WINDOWS\System32\msvcrt.dll
0x00007ffb96b50000 - 0x00007ffb96b77000 	C:\WINDOWS\System32\win32u.dll
0x00007ffb98a20000 - 0x00007ffb98a4b000 	C:\WINDOWS\System32\GDI32.dll
0x00007ffb96830000 - 0x00007ffb9695b000 	C:\WINDOWS\System32\gdi32full.dll
0x00007ffb96960000 - 0x00007ffb96a03000 	C:\WINDOWS\System32\msvcp_win.dll
0x00007ffb96c30000 - 0x00007ffb96c61000 	C:\WINDOWS\System32\IMM32.DLL
0x00007ffb82b80000 - 0x00007ffb82b8c000 	C:\Program Files\Java\jdk-24\bin\vcruntime140_1.dll
0x00007ffb81be0000 - 0x00007ffb81c6e000 	C:\Program Files\Java\jdk-24\bin\msvcp140.dll
0x00007ffb49810000 - 0x00007ffb4a5b1000 	C:\Program Files\Java\jdk-24\bin\server\jvm.dll
0x00007ffb96c70000 - 0x00007ffb96d24000 	C:\WINDOWS\System32\ADVAPI32.dll
0x00007ffb98a50000 - 0x00007ffb98af6000 	C:\WINDOWS\System32\sechost.dll
0x00007ffb96ec0000 - 0x00007ffb96fd8000 	C:\WINDOWS\System32\RPCRT4.dll
0x00007ffb98360000 - 0x00007ffb983d4000 	C:\WINDOWS\System32\WS2_32.dll
0x00007ffb95540000 - 0x00007ffb9559e000 	C:\WINDOWS\SYSTEM32\POWRPROF.dll
0x00007ffb7ee40000 - 0x00007ffb7ee75000 	C:\WINDOWS\SYSTEM32\WINMM.dll
0x00007ffb8d3d0000 - 0x00007ffb8d3db000 	C:\WINDOWS\SYSTEM32\VERSION.dll
0x00007ffb95520000 - 0x00007ffb95534000 	C:\WINDOWS\SYSTEM32\UMPDC.dll
0x00007ffb94460000 - 0x00007ffb9447b000 	C:\WINDOWS\SYSTEM32\kernel.appcore.dll
0x00007ffb827e0000 - 0x00007ffb827ea000 	C:\Program Files\Java\jdk-24\bin\jimage.dll
0x00007ffb931d0000 - 0x00007ffb93412000 	C:\WINDOWS\SYSTEM32\DBGHELP.DLL
0x00007ffb97760000 - 0x00007ffb97ae6000 	C:\WINDOWS\System32\combase.dll
0x00007ffb98150000 - 0x00007ffb98227000 	C:\WINDOWS\System32\OLEAUT32.dll
0x00007ffb7a9a0000 - 0x00007ffb7a9db000 	C:\WINDOWS\SYSTEM32\dbgcore.DLL
0x00007ffb96a10000 - 0x00007ffb96ab5000 	C:\WINDOWS\System32\bcryptPrimitives.dll
0x00007ffb82610000 - 0x00007ffb8261f000 	C:\Program Files\Java\jdk-24\bin\instrument.dll
0x00007ffb822d0000 - 0x00007ffb822ee000 	C:\Program Files\Java\jdk-24\bin\java.dll
0x00007ffb98780000 - 0x00007ffb98917000 	C:\WINDOWS\System32\ole32.dll
0x00007ffb97000000 - 0x00007ffb97752000 	C:\WINDOWS\System32\SHELL32.dll
0x00007ffb96540000 - 0x00007ffb966aa000 	C:\WINDOWS\System32\wintypes.dll
0x00007ffb958d0000 - 0x00007ffb96133000 	C:\WINDOWS\System32\windows.storage.dll
0x00007ffb98920000 - 0x00007ffb98a16000 	C:\WINDOWS\System32\SHCORE.dll
0x00007ffb984b0000 - 0x00007ffb98517000 	C:\WINDOWS\System32\shlwapi.dll
0x00007ffb955e0000 - 0x00007ffb95609000 	C:\WINDOWS\SYSTEM32\profapi.dll
0x00007ffb81b00000 - 0x00007ffb81bd7000 	C:\Program Files\Java\jdk-24\bin\jsvml.dll
0x00007ffb82050000 - 0x00007ffb82067000 	C:\Program Files\Java\jdk-24\bin\zip.dll
0x00007ffb822c0000 - 0x00007ffb822d0000 	C:\Program Files\Java\jdk-24\bin\net.dll
0x00007ffb949d0000 - 0x00007ffb94a3b000 	C:\WINDOWS\system32\mswsock.dll
0x00007ffb822a0000 - 0x00007ffb822b6000 	C:\Program Files\Java\jdk-24\bin\nio.dll
0x00007ffb93f20000 - 0x00007ffb9404c000 	C:\WINDOWS\SYSTEM32\DNSAPI.dll
0x00007ffb93ee0000 - 0x00007ffb93f14000 	C:\WINDOWS\SYSTEM32\IPHLPAPI.DLL
0x00007ffb98b00000 - 0x00007ffb98b0a000 	C:\WINDOWS\System32\NSI.dll
0x00007ffb87600000 - 0x00007ffb8760b000 	C:\Windows\System32\rasadhlp.dll
0x00007ffb896f0000 - 0x00007ffb89776000 	C:\WINDOWS\System32\fwpuclnt.dll
0x00007ffb82030000 - 0x00007ffb8203a000 	C:\Program Files\Java\jdk-24\bin\management.dll
0x00007ffb82020000 - 0x00007ffb8202b000 	C:\Program Files\Java\jdk-24\bin\management_ext.dll
0x00007ffb96eb0000 - 0x00007ffb96eb8000 	C:\WINDOWS\System32\PSAPI.DLL
0x00007ffb82010000 - 0x00007ffb82019000 	C:\Program Files\Java\jdk-24\bin\extnet.dll
0x00007ffb94ca0000 - 0x00007ffb94cbb000 	C:\WINDOWS\SYSTEM32\CRYPTSP.dll
0x00007ffb943a0000 - 0x00007ffb943d9000 	C:\WINDOWS\system32\rsaenh.dll
0x00007ffb94a80000 - 0x00007ffb94aab000 	C:\WINDOWS\SYSTEM32\USERENV.dll
0x00007ffb955b0000 - 0x00007ffb955da000 	C:\WINDOWS\SYSTEM32\bcrypt.dll
0x00007ffb94cc0000 - 0x00007ffb94ccc000 	C:\WINDOWS\SYSTEM32\CRYPTBASE.dll

JVMTI agents:
C:\Program Files\JetBrains\IntelliJ IDEA Community Edition 2025.2.1\lib\idea_rt.jar path:C:\Program Files\Java\jdk-24\bin\instrument.dll, loaded, initialized, instrumentlib options:57881

dbghelp: loaded successfully - version: 4.0.5 - missing functions: none
symbol engine: initialized successfully - sym options: 0x614 - pdb path: .;C:\Program Files\Java\jdk-24\bin;C:\WINDOWS\SYSTEM32;C:\WINDOWS\WinSxS\amd64_microsoft.windows.common-controls_6595b64144ccf1df_6.0.26100.7824_none_3e0870b2e3345462;C:\Program Files\Java\jdk-24\bin\server

VM Arguments:
jvm_args: -javaagent:C:\Program Files\JetBrains\IntelliJ IDEA Community Edition 2025.2.1\lib\idea_rt.jar=57881 -Dfile.encoding=UTF-8 -Dsun.stdout.encoding=UTF-8 -Dsun.stderr.encoding=UTF-8 
java_command: com.rmis.rmis.RmisApplication
java_class_path (initial): C:\Users\DELL\Desktop\SE project\RMIS\rmis-BE\rmis\target\classes;C:\Users\DELL\.m2\repository\org\springframework\boot\spring-boot-starter-data-jdbc\4.0.2\spring-boot-starter-data-jdbc-4.0.2.jar;C:\Users\DELL\.m2\repository\org\springframework\boot\spring-boot-starter\4.0.2\spring-boot-starter-4.0.2.jar;C:\Users\DELL\.m2\repository\org\springframework\boot\spring-boot-starter-logging\4.0.2\spring-boot-starter-logging-4.0.2.jar;C:\Users\DELL\.m2\repository\ch\qos\logback\logback-classic\1.5.25\logback-classic-1.5.25.jar;C:\Users\DELL\.m2\repository\ch\qos\logback\logback-core\1.5.25\logback-core-1.5.25.jar;C:\Users\DELL\.m2\repository\org\apache\logging\log4j\log4j-to-slf4j\2.25.3\log4j-to-slf4j-2.25.3.jar;C:\Users\DELL\.m2\repository\org\apache\logging\log4j\log4j-api\2.25.3\log4j-api-2.25.3.jar;C:\Users\DELL\.m2\repository\org\slf4j\jul-to-slf4j\2.0.17\jul-to-slf4j-2.0.17.jar;C:\Users\DELL\.m2\repository\org\springframework\boot\spring-boot-autoconfigure\4.0.2\spring-boot-autoconfigure-4.0.2.jar;C:\Users\DELL\.m2\repository\jakarta\annotation\jakarta.annotation-api\3.0.0\jakarta.annotation-api-3.0.0.jar;C:\Users\DELL\.m2\repository\org\yaml\snakeyaml\2.5\snakeyaml-2.5.jar;C:\Users\DELL\.m2\repository\org\springframework\boot\spring-boot-starter-jdbc\4.0.2\spring-boot-starter-jdbc-4.0.2.jar;C:\Users\DELL\.m2\repository\com\zaxxer\HikariCP\7.0.2\HikariCP-7.0.2.jar;C:\Users\DELL\.m2\repository\org\slf4j\slf4j-api\2.0.17\slf4j-api-2.0.17.jar;C:\Users\DELL\.m2\repository\org\springframework\boot\spring-boot-data-jdbc\4.0.2\spring-boot-data-jdbc-4.0.2.jar;C:\Users\DELL\.m2\repository\org\springframework\boot\spring-boot-data-commons\4.0.2\spring-boot-data-commons-4.0.2.jar;C:\Users\DELL\.m2\repository\org\springframework\boot\spring-boot-persistence\4.0.2\spring-boot-persistence-4.0.2.jar;C:\Users\DELL\.m2\repository\org\springframework\data\spring-data-commons\4.0.2\spring-data-commons-4.0.2.jar;C:\Users\DELL\.m2\repository\org\springframework\data\spring-data-jdbc\4.0.2\spring-data-jdbc-4.0.2.jar;C:\Users\DELL\.m2\repository\org\springframework\data\spring-data-relational\4.0.2\spring-data-relational-4.0.2.jar;C:\Users\DELL\.m2\repository\org\springframework\spring-tx\7.0.3\spring-tx-7.0.3.jar;C:\Users\DELL\.m2\repository\org\springframework\spring-context\7.0.3\spring-context-7.0.3.jar;C:\Users\DELL\.m2\repository\org\springframework\boot\spring-boot-jdbc\4.0.2\spring-boot-jdbc-4.0.2.jar;C:\Users\DELL\.m2\repository\org\springframework\boot\spring-boot\4.0.2\spring-boot-4.0.2.jar;C:\Users\DELL\.m2\repository\org\springframework\boot\spring-boot-sql\4.0.2\spring-boot-sql-4.0.2.jar;C:\Users\DELL\.m2\repository\org\springframework\boot\spring-boot-transaction\4.0.2\spring-boot-transaction-4.0.2.jar;C:\Users\DELL\.m2\repository\org\springframework\spring-jdbc\7.0.3\spring-jdbc-7.0.3.jar;C:\Users\DELL\.m2\repository\org\springframework\boot\spring-boot-starter-data-jpa\4.0.2\spring-boot-starter-data-jpa-4.0.2.jar;C:\Users\DELL\.m2\repository\org\springframework\boot\spring-boot-data-jpa\4.0.2\spring-boot-data-jpa-4.0.2.jar;C:\Users\DELL\.m2\repository\org\springframework\boot\spring-boot-hibernate\4.0.2\spring-boot-hibernate-4.0.2.jar;C:\Users\DELL\.m2\repository\org\springframework\boot\spring-boot-jpa\4.0.2\spring-boot-jpa-4.0.2.jar;C:\Users\DELL\.m2\repository\jakarta\persistence\jakarta.persistence-api\3.2.0\jakarta.persistence-api-3.2.0.jar;C:\Users\DELL\.m2\repository\org\hibernate\orm\hibernate-core\7.2.1.Final\hibernate-core-7.2.1.Final.jar;C:\Users\DELL\.m2\repository\jakarta\transaction\jakarta.transaction-api\2.0.1\jakarta.transaction-api-2.0.1.jar;C:\Users\DELL\.m2\repository\org\hibernate\models\hibernate-models\1.0.1\hibernate-models-1.0.1.jar;C:\Users\DELL\.m2\repository\org\glassfish\jaxb\jaxb-runtime\4.0.6\jaxb-runtime-4.0.6.jar;C:\Users\DELL\.m2\repository\org\glassfish\jaxb\jaxb-core\4.0.6\jaxb-core-4.0.6.jar;C:\Users\DELL\.m2\repository\org\glassfish\jaxb\txw2\4.0.6\txw2-4.0.6.jar;C:\Users\DELL\.m2\repository\com\sun\istack\istack-commons-runtime\4.1.2\istack-commons-runtime-4.1.2.jar;C:\Users\DELL\.m2\repository\jakarta\inject\jakarta.inject-api\2.0.1\jakarta.inject-api-2.0.1.jar;C:\Users\DELL\.m2\repository\org\springframework\spring-orm\7.0.3\spring-orm-7.0.3.jar;C:\Users\DELL\.m2\repository\org\springframework\data\spring-data-jpa\4.0.2\spring-data-jpa-4.0.2.jar;C:\Users\DELL\.m2\repository\org\antlr\antlr4-runtime\4.13.2\antlr4-runtime-4.13.2.jar;C:\Users\DELL\.m2\repository\org\springframework\spring-aspects\7.0.3\spring-aspects-7.0.3.jar;C:\Users\DELL\.m2\repository\org\aspectj\aspectjweaver\1.9.25.1\aspectjweaver-1.9.25.1.jar;C:\Users\DELL\.m2\repository\org\springframework\boot\spring-boot-starter-mail\4.0.2\spring-boot-starter-mail-4.0.2.jar;C:\Users\DELL\.m2\repository\org\springframework\boot\spring-boot-mail\4.0.2\spring-boot-mail-4.0.2.jar;C:\Users\DELL\.m2\repository\org\springframework\spring-context-support\7.0.3\spring-context-support-7.0.3.jar;C:\Users\DELL\.m2\repository\jakarta\mail\jakarta.mail-api\2.1.5\jakarta.mail-api-2.1.5.jar;C:\Users\DELL\.m2\repository\jakarta\activation\jakarta.activation-api\2.1.4\jakarta.activation-api-2.1.4.jar;C:\Users\DELL\.m2\repository\org\eclipse\angus\angus-mail\2.0.5\angus-mail-2.0.5.jar;C:\Users\DELL\.m2\repository\org\eclipse\angus\angus-activation\2.0.3\angus-activation-2.0.3.jar;C:\Users\DELL\.m2\repository\org\springframework\boot\spring-boot-starter-webmvc\4.0.2\spring-boot-starter-webmvc-4.0.2.jar;C:\Users\DELL\.m2\repository\org\springframework\boot\spring-boot-starter-jackson\4.0.2\spring-boot-starter-jackson-4.0.2.jar;C:\Users\DELL\.m2\repository\org\springframework\boot\spring-boot-jackson\4.0.2\spring-boot-jackson-4.0.2.jar;C:\Users\DELL\.m2\repository\tools\jackson\core\jackson-databind\3.0.4\jackson-databind-3.0.4.jar;C:\Users\DELL\.m2\repository\tools\jackson\core\jackson-core\3.0.4\jackson-core-3.0.4.jar;C:\Users\DELL\.m2\repository\org\springframework\boot\spring-boot-starter-tomcat\4.0.2\spring-boot-starter-tomcat-4.0.2.jar;C:\Users\DELL\.m2\repository\org\springframework\boot\spring-boot-starter-tomcat-runtime\4.0.2\spring-boot-starter-tomcat-runtime-4.0.2.jar;C:\Users\DELL\.m2\repository\org\apache\tomcat\embed\tomcat-embed-core\11.0.15\tomcat-embed-core-11.0.15.jar;C:\Users\DELL\.m2\repository\org\apache\tomcat\embed\tomcat-embed-websocket\11.0.15\tomcat-embed-websocket-11.0.15.jar;C:\Users\DELL\.m2\repository\org\springframework\boot\spring-boot-tomcat\4.0.2\spring-boot-tomcat-4.0.2.jar;C:\Users\DELL\.m2\repository\org\springframework\boot\spring-boot-http-converter\4.0.2\spring-boot-http-converter-4.0.2.jar;C:\Users\DELL\.m2\repository\org\springframework\spring-web\7.0.3\spring-web-7.0.3.jar;C:\Users\DELL\.m2\repository\io\micrometer\micrometer-observation\1.16.2\micrometer-observation-1.16.2.jar;C:\Users\DELL\.m2\repository\io\micrometer\micrometer-commons\1.16.2\micrometer-commons-1.16.2.jar;C:\Users\DELL\.m2\repository\org\springframework\boot\spring-boot-webmvc\4.0.2\spring-boot-webmvc-4.0.2.jar;C:\Users\DELL\.m2\repository\org\springframework\boot\spring-boot-servlet\4.0.2\spring-boot-servlet-4.0.2.jar;C:\Users\DELL\.m2\repository\org\springframework\spring-webmvc\7.0.3\spring-webmvc-7.0.3.jar;C:\Users\DELL\.m2\repository\org\springframework\spring-expression\7.0.3\spring-expression-7.0.3.jar;C:\Users\DELL\.m2\repository\org\projectlombok\lombok\1.18.42\lombok-1.18.42.jar;C:\Users\DELL\.m2\repository\jakarta\xml\bind\jakarta.xml.bind-api\4.0.4\jakarta.xml.bind-api-4.0.4.jar;C:\Users\DELL\.m2\repository\net\bytebuddy\byte-buddy\1.17.8\byte-buddy-1.17.8.jar;C:\Users\DELL\.m2\repository\org\springframework\spring-core\7.0.3\spring-core-7.0.3.jar;C:\Users\DELL\.m2\repository\commons-logging\commons-logging\1.3.5\commons-logging-1.3.5.jar;C:\Users\DELL\.m2\repository\org\jspecify\jspecify\1.0.0\jspecify-1.0.0.jar;C:\Users\DELL\.m2\repository\org\springframework\boot\spring-boot-web-server\4.0.2\spring-boot-web-server-4.0.2.jar;C:\Users\DELL\.m2\repository\org\postgresql\postgresql\42.7.9\postgresql-42.7.9.jar;C:\Users\DELL\.m2\repository\org\checkerframework\checker-qual\3.52.0\checker-qual-3.52.0.jar;C:\Users\DELL\.m2\repository\io\jsonwebtoken\jjwt-impl\0.12.3\jjwt-impl-0.12.3.jar;C:\Users\DELL\.m2\repository\io\jsonwebtoken\jjwt-api\0.12.3\jjwt-api-0.12.3.jar;C:\Users\DELL\.m2\repository\io\jsonwebtoken\jjwt-jackson\0.12.3\jjwt-jackson-0.12.3.jar;C:\Users\DELL\.m2\repository\com\fasterxml\jackson\core\jackson-databind\2.20.2\jackson-databind-2.20.2.jar;C:\Users\DELL\.m2\repository\org\springframework\boot\spring-boot-starter-security\4.0.2\spring-boot-starter-security-4.0.2.jar;C:\Users\DELL\.m2\repository\org\springframework\boot\spring-boot-security\4.0.2\spring-boot-security-4.0.2.jar;C:\Users\DELL\.m2\repository\org\springframework\security\spring-security-config\7.0.2\spring-security-config-7.0.2.jar;C:\Users\DELL\.m2\repository\org\springframework\security\spring-security-core\7.0.2\spring-security-core-7.0.2.jar;C:\Users\DELL\.m2\repository\org\springframework\security\spring-security-crypto\7.0.2\spring-security-crypto-7.0.2.jar;C:\Users\DELL\.m2\repository\org\springframework\security\spring-security-web\7.0.2\spring-security-web-7.0.2.jar;C:\Users\DELL\.m2\repository\org\springframework\spring-aop\7.0.3\spring-aop-7.0.3.jar;C:\Users\DELL\.m2\repository\org\springframework\spring-beans\7.0.3\spring-beans-7.0.3.jar;C:\Users\DELL\.m2\repository\com\resend\resend-java\4.12.0\resend-java-4.12.0.jar;C:\Users\DELL\.m2\repository\com\fasterxml\jackson\core\jackson-core\2.20.2\jackson-core-2.20.2.jar;C:\Users\DELL\.m2\repository\com\fasterxml\jackson\core\jackson-annotations\2.20\jackson-annotations-2.20.jar;C:\Users\DELL\.m2\repository\com\fasterxml\jackson\datatype\jackson-datatype-jsr310\2.20.2\jackson-datatype-jsr310-2.20.2.jar;C:\Users\DELL\.m2\repository\com\squareup\okhttp3\okhttp\4.11.0\okhttp-4.11.0.jar;C:\Users\DELL\.m2\repository\com\squareup\okio\okio\3.2.0\okio-3.2.0.jar;C:\Users\DELL\.m2\repository\com\squareup\okio\okio-jvm\3.2.0\okio-jvm-3.2.0.jar;C:\Users\DELL\.m2\repository\org\jetbrains\kotlin\kotlin-stdlib-common\1.6.20\kotlin-stdlib-common-1.6.20.jar;C:\Users\DELL\.m2\repository\org\jetbrains\kotlin\kotlin-stdlib\2.2.21\kotlin-stdlib-2.2.21.jar;C:\Users\DELL\.m2\repository\org\jetbrains\annotations\13.0\annotations-13.0.jar;C:\Users\DELL\.m2\repository\org\jetbrains\kotlin\kotlin-stdlib-jdk8\2.2.21\kotlin-stdlib-jdk8-2.2.21.jar;C:\Users\DELL\.m2\repository\org\jetbrains\kotlin\kotlin-stdlib-jdk7\2.2.21\kotlin-stdlib-jdk7-2.2.21.jar;C:\Users\DELL\.m2\repository\org\json\json\20250517\json-20250517.jar;C:\Users\DELL\.m2\repository\org\modelmapper\modelmapper\3.2.4\modelmapper-3.2.4.jar;C:\Users\DELL\.m2\repository\org\springframework\boot\spring-boot-starter-validation\4.0.2\spring-boot-starter-validation-4.0.2.jar;C:\Users\DELL\.m2\repository\org\springframework\boot\spring-boot-validation\4.0.2\spring-boot-validation-4.0.2.jar;C:\Users\DELL\.m2\repository\org\apache\tomcat\embed\tomcat-embed-el\11.0.15\tomcat-embed-el-11.0.15.jar;C:\Users\DELL\.m2\repository\org\hibernate\validator\hibernate-validator\9.0.1.Final\hibernate-validator-9.0.1.Final.jar;C:\Users\DELL\.m2\repository\jakarta\validation\jakarta.validation-api\3.1.1\jakarta.validation-api-3.1.1.jar;C:\Users\DELL\.m2\repository\org\jboss\logging\jboss-logging\3.6.1.Final\jboss-logging-3.6.1.Final.jar;C:\Users\DELL\.m2\repository\com\fasterxml\classmate\1.7.3\classmate-1.7.3.jar;C:\Users\DELL\.m2\repository\org\springframework\boot\spring-boot-configuration-processor\4.0.2\spring-boot-configuration-processor-4.0.2.jar
Launcher Type: SUN_STANDARD

[Global flags]
     intx CICompilerCount                          = 3                                         {product} {ergonomic}
     uint ConcGCThreads                            = 1                                         {product} {ergonomic}
     uint G1ConcRefinementThreads                  = 4                                         {product} {ergonomic}
   size_t G1HeapRegionSize                         = 1048576                                   {product} {ergonomic}
   size_t InitialHeapSize                          = 65011712                                  {product} {ergonomic}
   size_t MarkStackSize                            = 4194304                                   {product} {ergonomic}
   size_t MarkStackSizeMax                         = 536870912                                 {product} {ergonomic}
   size_t MaxHeapSize                              = 1012924416                                {product} {ergonomic}
   size_t MaxNewSize                               = 607125504                                 {product} {ergonomic}
   size_t MinHeapDeltaBytes                        = 1048576                                   {product} {ergonomic}
   size_t MinHeapSize                              = 8388608                                   {product} {ergonomic}
    uintx NonNMethodCodeHeapSize                   = 5832704                                {pd product} {ergonomic}
    uintx NonProfiledCodeHeapSize                  = 122945536                              {pd product} {ergonomic}
    uintx ProfiledCodeHeapSize                     = 122880000                              {pd product} {ergonomic}
    uintx ReservedCodeCacheSize                    = 251658240                              {pd product} {ergonomic}
     bool SegmentedCodeCache                       = true                                      {product} {ergonomic}
   size_t SoftMaxHeapSize                          = 1012924416                             {manageable} {ergonomic}
     bool UseCompressedOops                        = true                           {product lp64_product} {ergonomic}
     bool UseG1GC                                  = true                                      {product} {ergonomic}
     bool UseLargePagesIndividualAllocation        = false                                  {pd product} {ergonomic}

Logging:
Log output configuration:
 #0: stdout all=warning uptime,level,tags foldmultilines=false
 #1: stderr all=off uptime,level,tags foldmultilines=false

Environment Variables:
JAVA_HOME=C:\Program Files\Java\jdk-24
PATH=C:\Program Files\Python313\Scripts\;C:\Program Files\Python313\;C:\Program Files\Common Files\Oracle\Java\javapath;C:\WINDOWS\system32;C:\WINDOWS;C:\WINDOWS\System32\Wbem;C:\WINDOWS\System32\WindowsPowerShell\v1.0\;C:\WINDOWS\System32\OpenSSH\;C:\Program Files\Git\cmd;C:\Program Files\MySQL\MySQL Server 8.0\bin;C:\Program Files\nodejs\;C:\Program Files\apache-maven-3.9.12-bin\apache-maven-3.9.12\bin;C:\Program Files\win_flex_bison-latest;C:\MinGW\bin;;C:\Program Files\Docker\Docker\resources\bin;C:\Program Files\3.2.2\bin\i386-Win32;C:\Users\DELL\AppData\Local\Microsoft\WindowsApps;C:\Users\DELL\AppData\Local\Programs\Microsoft VS Code\bin;C:\Users\DELL\AppData\Roaming\npm
USERNAME=DELL
OS=Windows_NT
PROCESSOR_IDENTIFIER=Intel64 Family 6 Model 126 Stepping 5, GenuineIntel
TMP=C:\Users\DELL\AppData\Local\Temp
TEMP=C:\Users\DELL\AppData\Local\Temp




Periodic native trim disabled

---------------  S Y S T E M  ---------------

OS:
 Windows 11 , 64 bit Build 26100 (10.0.26100.7705)
OS uptime: 0 days 3:56 hours
Hyper-V role detected

CPU: total 4 (initial active 4) (2 cores per cpu, 2 threads per core) family 6 model 126 stepping 5 microcode 0xc2, cx8, cmov, fxsr, ht, mmx, 3dnowpref, sse, sse2, sse3, ssse3, sse4.1, sse4.2, popcnt, lzcnt, tsc, tscinvbit, avx, avx2, aes, erms, clmul, bmi1, bmi2, adx, avx512f, avx512dq, avx512cd, avx512bw, avx512vl, sha, fma, vzeroupper, avx512_vpopcntdq, avx512_vpclmulqdq, avx512_vaes, avx512_vnni, clflush, clflushopt, avx512_vbmi2, avx512_vbmi, hv, rdtscp, rdpid, fsrm, gfni, avx512_bitalg, f16c, avx512_ifma
Processor Information for the first 4 processors :
  Max Mhz: 1190, Current Mhz: 1190, Mhz Limit: 1190

Memory: 4k page, system-wide physical 3863M (110M free)
TotalPageFile size 15639M (AvailPageFile size 54M)
current process WorkingSet (physical memory assigned to process): 80M, peak: 80M
current process commit charge ("private bytes"): 156M, peak: 158M

vm_info: Java HotSpot(TM) 64-Bit Server VM (24.0.2+12-54) for windows-amd64 JRE (24.0.2+12-54), built on 2025-07-08T12:10:27Z with MS VC++ 17.6 (VS2022)

END.
