#
# There is insufficient memory for the Java Runtime Environment to continue.
# Native memory allocation (malloc) failed to allocate 20150224 bytes. Error detail: Chunk::new
# Possible reasons:
#   The system is out of physical RAM or swap space
#   This process is running with CompressedOops enabled, and the Java Heap may be blocking the growth of the native heap
# Possible solutions:
#   Reduce memory load on the system
#   Increase physical memory or swap space
#   Check if swap backing store is full
#   Decrease Java heap size (-Xmx/-Xms)
#   Decrease number of Java threads
#   Decrease Java thread stack sizes (-Xss)
#   Set larger code cache with -XX:ReservedCodeCacheSize=
#   JVM is running with Unscaled Compressed Oops mode in which the Java heap is
#     placed in the first 4GB address space. The Java Heap base address is the
#     maximum limit for the native heap growth. Please use -XX:HeapBaseMinAddress
#     to set the Java Heap base and to place the Java Heap above 4GB virtual address.
# This output file may be truncated or incomplete.
#
#  Out of Memory Error (arena.cpp:162), pid=6172, tid=1492
#
# JRE version: Java(TM) SE Runtime Environment (24.0.2+12) (build 24.0.2+12-54)
# Java VM: Java HotSpot(TM) 64-Bit Server VM (24.0.2+12-54, mixed mode, sharing, tiered, compressed oops, compressed class ptrs, g1 gc, windows-amd64)
# No core dump will be written. Minidumps are not enabled by default on client versions of Windows
#

---------------  S U M M A R Y ------------

Command Line: -javaagent:C:\Program Files\JetBrains\IntelliJ IDEA Community Edition 2025.2.1\lib\idea_rt.jar=53535 -Dfile.encoding=UTF-8 -Dsun.stdout.encoding=UTF-8 -Dsun.stderr.encoding=UTF-8 com.rmis.rmis.RmisApplication

Host: Intel(R) Core(TM) i3-1005G1 CPU @ 1.20GHz, 4 cores, 3G,  Windows 11 , 64 bit Build 26100 (10.0.26100.7705)
Time: Sat Feb 28 14:52:38 2026 Sri Lanka Standard Time elapsed time: 13.153266 seconds (0d 0h 0m 13s)

---------------  T H R E A D  ---------------

Current thread (0x00000141c118e0b0):  JavaThread "C2 CompilerThread0" daemon [_thread_in_native, id=1492, stack(0x00000039bca00000,0x00000039bcb00000) (1024K)]


Current CompileTask:
C2:13153 4610       4       java.lang.invoke.MethodType::makeImpl (155 bytes)

Stack: [0x00000039bca00000,0x00000039bcb00000]
Native frames: (J=compiled Java code, j=interpreted, Vv=VM code, C=native code)
V  [jvm.dll+0x730829]  (no source info available)
V  [jvm.dll+0x8d9da3]  (no source info available)
V  [jvm.dll+0x8dc28d]  (no source info available)
V  [jvm.dll+0x8dc903]  (no source info available)
V  [jvm.dll+0x2a9f56]  (no source info available)
V  [jvm.dll+0xced7f]  (no source info available)
V  [jvm.dll+0xcefdf]  (no source info available)
V  [jvm.dll+0x154c83]  (no source info available)
V  [jvm.dll+0x73604f]  (no source info available)
V  [jvm.dll+0x26f8dc]  (no source info available)
V  [jvm.dll+0x26e8ff]  (no source info available)
V  [jvm.dll+0x1e9c90]  (no source info available)
V  [jvm.dll+0x27e0cb]  (no source info available)
V  [jvm.dll+0x27c36a]  (no source info available)
V  [jvm.dll+0x42f396]  (no source info available)
V  [jvm.dll+0x87d9eb]  (no source info available)
V  [jvm.dll+0x72ef45]  (no source info available)
C  [ucrtbase.dll+0x37b0]  (no source info available)
C  [KERNEL32.DLL+0x2e8d7]  (no source info available)
C  [ntdll.dll+0x8c40c]  (no source info available)

Lock stack of current Java thread (top to bottom):


---------------  P R O C E S S  ---------------

Threads class SMR info:
_java_thread_list=0x00000141c6b08210, length=13, elements={
0x00000141d91cc690, 0x00000141c1182380, 0x00000141c11870c0, 0x00000141c1189cf0,
0x00000141c118a910, 0x00000141c118b530, 0x00000141c118c150, 0x00000141c118e0b0,
0x00000141c119f340, 0x00000141c13d5800, 0x00000141c18598b0, 0x00000141c1859ff0,
0x00000141c617d860
}

Java Threads: ( => current thread )
  0x00000141d91cc690 JavaThread "main"                              [_thread_in_native, id=15940, stack(0x00000039bbc00000,0x00000039bbd00000) (1024K)]
  0x00000141c1182380 JavaThread "Reference Handler"          daemon [_thread_blocked, id=1716, stack(0x00000039bc400000,0x00000039bc500000) (1024K)]
  0x00000141c11870c0 JavaThread "Finalizer"                  daemon [_thread_blocked, id=2588, stack(0x00000039bc500000,0x00000039bc600000) (1024K)]
  0x00000141c1189cf0 JavaThread "Signal Dispatcher"          daemon [_thread_blocked, id=10496, stack(0x00000039bc600000,0x00000039bc700000) (1024K)]
  0x00000141c118a910 JavaThread "Attach Listener"            daemon [_thread_blocked, id=14488, stack(0x00000039bc700000,0x00000039bc800000) (1024K)]
  0x00000141c118b530 JavaThread "Service Thread"             daemon [_thread_blocked, id=3268, stack(0x00000039bc800000,0x00000039bc900000) (1024K)]
  0x00000141c118c150 JavaThread "Monitor Deflation Thread"   daemon [_thread_blocked, id=704, stack(0x00000039bc900000,0x00000039bca00000) (1024K)]
=>0x00000141c118e0b0 JavaThread "C2 CompilerThread0"         daemon [_thread_in_native, id=1492, stack(0x00000039bca00000,0x00000039bcb00000) (1024K)]
  0x00000141c119f340 JavaThread "C1 CompilerThread0"         daemon [_thread_blocked, id=6844, stack(0x00000039bcb00000,0x00000039bcc00000) (1024K)]
  0x00000141c13d5800 JavaThread "Common-Cleaner"             daemon [_thread_blocked, id=7180, stack(0x00000039bcc00000,0x00000039bcd00000) (1024K)]
  0x00000141c18598b0 JavaThread "Monitor Ctrl-Break"         daemon [_thread_in_native, id=7200, stack(0x00000039bcd00000,0x00000039bce00000) (1024K)]
  0x00000141c1859ff0 JavaThread "Notification Thread"        daemon [_thread_blocked, id=2672, stack(0x00000039bce00000,0x00000039bcf00000) (1024K)]
  0x00000141c617d860 JavaThread "C2 CompilerThread1"         daemon [_thread_blocked, id=5336, stack(0x00000039bd200000,0x00000039bd300000) (1024K)]
Total: 13

Other Threads:
  0x00000141c1171290 VMThread "VM Thread"                           [id=14064, stack(0x00000039bc300000,0x00000039bc400000) (1024K)]
  0x00000141c1162720 WatcherThread "VM Periodic Task Thread"        [id=7312, stack(0x00000039bc200000,0x00000039bc300000) (1024K)]
  0x00000141d92040a0 WorkerThread "GC Thread#0"                     [id=16272, stack(0x00000039bbd00000,0x00000039bbe00000) (1024K)]
  0x00000141c6362e70 WorkerThread "GC Thread#1"                     [id=5992, stack(0x00000039bcf00000,0x00000039bd000000) (1024K)]
  0x00000141c62d1390 WorkerThread "GC Thread#2"                     [id=7836, stack(0x00000039bd000000,0x00000039bd100000) (1024K)]
  0x00000141c62d1740 WorkerThread "GC Thread#3"                     [id=16212, stack(0x00000039bd100000,0x00000039bd200000) (1024K)]
  0x00000141d9211af0 ConcurrentGCThread "G1 Main Marker"            [id=8940, stack(0x00000039bbe00000,0x00000039bbf00000) (1024K)]
  0x00000141d9213c50 WorkerThread "G1 Conc#0"                       [id=12712, stack(0x00000039bbf00000,0x00000039bc000000) (1024K)]
  0x00000141d92739b0 ConcurrentGCThread "G1 Refine#0"               [id=13984, stack(0x00000039bc000000,0x00000039bc100000) (1024K)]
  0x00000141d92753e0 ConcurrentGCThread "G1 Service"                [id=16108, stack(0x00000039bc100000,0x00000039bc200000) (1024K)]
Total: 10

Threads with active compile tasks:
C2 CompilerThread0  13309 4610       4       java.lang.invoke.MethodType::makeImpl (155 bytes)
Total: 1

VM state: not at safepoint (normal execution)

VM Mutex/Monitor currently owned by a thread: None

Heap address: 0x00000000c3a00000, size: 966 MB, Compressed Oops mode: 32-bit

CDS archive(s) mapped at: [0x0000014180000000-0x0000014180d40000-0x0000014180d40000), size 13893632, SharedBaseAddress: 0x0000014180000000, ArchiveRelocationMode: 1.
Compressed class space mapped at: 0x0000014181000000-0x00000141c1000000, reserved size: 1073741824
UseCompressedClassPointers 1, UseCompactObjectHeaders 0
Narrow klass pointer bits 32, Max shift 3
Narrow klass base: 0x0000014180000000, Narrow klass shift: 0
Encoding Range: [0x0000014180000000 - 0x0000014280000000), (4294967296 bytes)
Klass Range:    [0x0000014180000000 - 0x00000141c1000000), (1090519040 bytes)
Klass ID Range:  [8 - 1090519033) (1090519025)

GC Precious Log:
 CardTable entry size: 512
 Card Set container configuration: InlinePtr #cards 5 size 8 Array Of Cards #cards 10 size 36 Howl #buckets 4 coarsen threshold 1843 Howl Bitmap #cards 512 size 80 coarsen threshold 460 Card regions per heap region 1 cards per card region 2048
 CPUs: 4 total, 4 available
 Memory: 3863M
 Large Page Support: Disabled
 NUMA Support: Disabled
 Compressed Oops: Enabled (32-bit)
 Heap Region Size: 1M
 Heap Min Capacity: 8M
 Heap Initial Capacity: 62M
 Heap Max Capacity: 966M
 Pre-touch: Disabled
 Parallel Workers: 4
 Concurrent Workers: 1
 Concurrent Refinement Workers: 4
 Periodic GC: Disabled

Heap:
 garbage-first heap   total reserved 989184K, committed 61440K, used 29696K [0x00000000c3a00000, 0x0000000100000000)
  region size 1024K, 10 young (10240K), 4 survivors (4096K)
 Metaspace       used 34166K, committed 34560K, reserved 1114112K
  class space    used 3534K, committed 3712K, reserved 1048576K

Heap Regions: E=young(eden), S=young(survivor), O=old, HS=humongous(starts), HC=humongous(continues), CS=collection set, F=free, TAMS=top-at-mark-start, PB=parsable bottom
|   0|0x00000000c3a00000, 0x00000000c3b00000, 0x00000000c3b00000|100%|HS|  |TAMS 0x00000000c3a00000| PB 0x00000000c3a00000| Complete |  0
|   1|0x00000000c3b00000, 0x00000000c3c00000, 0x00000000c3c00000|100%|HS|  |TAMS 0x00000000c3b00000| PB 0x00000000c3b00000| Complete |  0
|   2|0x00000000c3c00000, 0x00000000c3d00000, 0x00000000c3d00000|100%| O|  |TAMS 0x00000000c3c00000| PB 0x00000000c3c00000| Untracked |  0
|   3|0x00000000c3d00000, 0x00000000c3e00000, 0x00000000c3e00000|100%| O|  |TAMS 0x00000000c3d00000| PB 0x00000000c3d00000| Untracked |  0
|   4|0x00000000c3e00000, 0x00000000c3f00000, 0x00000000c3f00000|100%| O|  |TAMS 0x00000000c3e00000| PB 0x00000000c3e00000| Untracked |  0
|   5|0x00000000c3f00000, 0x00000000c4000000, 0x00000000c4000000|100%| O|  |TAMS 0x00000000c3f00000| PB 0x00000000c3f00000| Untracked |  0
|   6|0x00000000c4000000, 0x00000000c4100000, 0x00000000c4100000|100%| O|  |TAMS 0x00000000c4000000| PB 0x00000000c4000000| Untracked |  0
|   7|0x00000000c4100000, 0x00000000c4200000, 0x00000000c4200000|100%| O|  |TAMS 0x00000000c4100000| PB 0x00000000c4100000| Untracked |  0
|   8|0x00000000c4200000, 0x00000000c4300000, 0x00000000c4300000|100%| O|  |TAMS 0x00000000c4200000| PB 0x00000000c4200000| Untracked |  0
|   9|0x00000000c4300000, 0x00000000c4400000, 0x00000000c4400000|100%| O|  |TAMS 0x00000000c4300000| PB 0x00000000c4300000| Untracked |  0
|  10|0x00000000c4400000, 0x00000000c4500000, 0x00000000c4500000|100%| O|  |TAMS 0x00000000c4400000| PB 0x00000000c4400000| Untracked |  0
|  11|0x00000000c4500000, 0x00000000c4600000, 0x00000000c4600000|100%| O|  |TAMS 0x00000000c4500000| PB 0x00000000c4500000| Untracked |  0
|  12|0x00000000c4600000, 0x00000000c4700000, 0x00000000c4700000|100%| O|  |TAMS 0x00000000c4600000| PB 0x00000000c4600000| Untracked |  0
|  13|0x00000000c4700000, 0x00000000c4800000, 0x00000000c4800000|100%| O|  |TAMS 0x00000000c4700000| PB 0x00000000c4700000| Untracked |  0
|  14|0x00000000c4800000, 0x00000000c4856a90, 0x00000000c4900000| 33%| O|  |TAMS 0x00000000c4800000| PB 0x00000000c4800000| Untracked |  0
|  15|0x00000000c4900000, 0x00000000c4a00000, 0x00000000c4a00000|100%| O|  |TAMS 0x00000000c4900000| PB 0x00000000c4900000| Untracked |  0
|  16|0x00000000c4a00000, 0x00000000c4b00000, 0x00000000c4b00000|100%| O|  |TAMS 0x00000000c4a00000| PB 0x00000000c4a00000| Untracked |  0
|  17|0x00000000c4b00000, 0x00000000c4c00000, 0x00000000c4c00000|100%| O|  |TAMS 0x00000000c4b00000| PB 0x00000000c4b00000| Untracked |  0
|  18|0x00000000c4c00000, 0x00000000c4d00000, 0x00000000c4d00000|100%| O|  |TAMS 0x00000000c4c00000| PB 0x00000000c4c00000| Untracked |  0
|  19|0x00000000c4d00000, 0x00000000c4dcc700, 0x00000000c4e00000| 79%| O|  |TAMS 0x00000000c4d00000| PB 0x00000000c4d00000| Untracked |  0
|  20|0x00000000c4e00000, 0x00000000c4e00000, 0x00000000c4f00000|  0%| F|  |TAMS 0x00000000c4e00000| PB 0x00000000c4e00000| Untracked |  0
|  21|0x00000000c4f00000, 0x00000000c4f00000, 0x00000000c5000000|  0%| F|  |TAMS 0x00000000c4f00000| PB 0x00000000c4f00000| Untracked |  0
|  22|0x00000000c5000000, 0x00000000c5000000, 0x00000000c5100000|  0%| F|  |TAMS 0x00000000c5000000| PB 0x00000000c5000000| Untracked |  0
|  23|0x00000000c5100000, 0x00000000c5100000, 0x00000000c5200000|  0%| F|  |TAMS 0x00000000c5100000| PB 0x00000000c5100000| Untracked |  0
|  24|0x00000000c5200000, 0x00000000c5200000, 0x00000000c5300000|  0%| F|  |TAMS 0x00000000c5200000| PB 0x00000000c5200000| Untracked |  0
|  25|0x00000000c5300000, 0x00000000c5300000, 0x00000000c5400000|  0%| F|  |TAMS 0x00000000c5300000| PB 0x00000000c5300000| Untracked |  0
|  26|0x00000000c5400000, 0x00000000c5400000, 0x00000000c5500000|  0%| F|  |TAMS 0x00000000c5400000| PB 0x00000000c5400000| Untracked |  0
|  27|0x00000000c5500000, 0x00000000c5500000, 0x00000000c5600000|  0%| F|  |TAMS 0x00000000c5500000| PB 0x00000000c5500000| Untracked |  0
|  28|0x00000000c5600000, 0x00000000c56dd0a0, 0x00000000c5700000| 86%| S|CS|TAMS 0x00000000c5600000| PB 0x00000000c5600000| Complete |  0
|  29|0x00000000c5700000, 0x00000000c5800000, 0x00000000c5800000|100%| S|CS|TAMS 0x00000000c5700000| PB 0x00000000c5700000| Complete |  0
|  30|0x00000000c5800000, 0x00000000c5900000, 0x00000000c5900000|100%| S|CS|TAMS 0x00000000c5800000| PB 0x00000000c5800000| Complete |  0
|  31|0x00000000c5900000, 0x00000000c5a00000, 0x00000000c5a00000|100%| S|CS|TAMS 0x00000000c5900000| PB 0x00000000c5900000| Complete |  0
|  32|0x00000000c5a00000, 0x00000000c5a00000, 0x00000000c5b00000|  0%| F|  |TAMS 0x00000000c5a00000| PB 0x00000000c5a00000| Untracked |  0
|  33|0x00000000c5b00000, 0x00000000c5b00000, 0x00000000c5c00000|  0%| F|  |TAMS 0x00000000c5b00000| PB 0x00000000c5b00000| Untracked |  0
|  34|0x00000000c5c00000, 0x00000000c5c00000, 0x00000000c5d00000|  0%| F|  |TAMS 0x00000000c5c00000| PB 0x00000000c5c00000| Untracked |  0
|  35|0x00000000c5d00000, 0x00000000c5d00000, 0x00000000c5e00000|  0%| F|  |TAMS 0x00000000c5d00000| PB 0x00000000c5d00000| Untracked |  0
|  36|0x00000000c5e00000, 0x00000000c5e00000, 0x00000000c5f00000|  0%| F|  |TAMS 0x00000000c5e00000| PB 0x00000000c5e00000| Untracked |  0
|  37|0x00000000c5f00000, 0x00000000c5f00000, 0x00000000c6000000|  0%| F|  |TAMS 0x00000000c5f00000| PB 0x00000000c5f00000| Untracked |  0
|  38|0x00000000c6000000, 0x00000000c6000000, 0x00000000c6100000|  0%| F|  |TAMS 0x00000000c6000000| PB 0x00000000c6000000| Untracked |  0
|  39|0x00000000c6100000, 0x00000000c6100000, 0x00000000c6200000|  0%| F|  |TAMS 0x00000000c6100000| PB 0x00000000c6100000| Untracked |  0
|  40|0x00000000c6200000, 0x00000000c6200000, 0x00000000c6300000|  0%| F|  |TAMS 0x00000000c6200000| PB 0x00000000c6200000| Untracked |  0
|  41|0x00000000c6300000, 0x00000000c6300000, 0x00000000c6400000|  0%| F|  |TAMS 0x00000000c6300000| PB 0x00000000c6300000| Untracked |  0
|  42|0x00000000c6400000, 0x00000000c6400000, 0x00000000c6500000|  0%| F|  |TAMS 0x00000000c6400000| PB 0x00000000c6400000| Untracked |  0
|  43|0x00000000c6500000, 0x00000000c6500000, 0x00000000c6600000|  0%| F|  |TAMS 0x00000000c6500000| PB 0x00000000c6500000| Untracked |  0
|  44|0x00000000c6600000, 0x00000000c6600000, 0x00000000c6700000|  0%| F|  |TAMS 0x00000000c6600000| PB 0x00000000c6600000| Untracked |  0
|  45|0x00000000c6700000, 0x00000000c6700000, 0x00000000c6800000|  0%| F|  |TAMS 0x00000000c6700000| PB 0x00000000c6700000| Untracked |  0
|  46|0x00000000c6800000, 0x00000000c6800000, 0x00000000c6900000|  0%| F|  |TAMS 0x00000000c6800000| PB 0x00000000c6800000| Untracked |  0
|  47|0x00000000c6900000, 0x00000000c6900000, 0x00000000c6a00000|  0%| F|  |TAMS 0x00000000c6900000| PB 0x00000000c6900000| Untracked |  0
|  48|0x00000000c6a00000, 0x00000000c6a00000, 0x00000000c6b00000|  0%| F|  |TAMS 0x00000000c6a00000| PB 0x00000000c6a00000| Untracked |  0
|  49|0x00000000c6b00000, 0x00000000c6b00000, 0x00000000c6c00000|  0%| F|  |TAMS 0x00000000c6b00000| PB 0x00000000c6b00000| Untracked |  0
|  50|0x00000000c6c00000, 0x00000000c6c00000, 0x00000000c6d00000|  0%| F|  |TAMS 0x00000000c6c00000| PB 0x00000000c6c00000| Untracked |  0
|  51|0x00000000c6d00000, 0x00000000c6d00000, 0x00000000c6e00000|  0%| F|  |TAMS 0x00000000c6d00000| PB 0x00000000c6d00000| Untracked |  0
|  52|0x00000000c6e00000, 0x00000000c6e00000, 0x00000000c6f00000|  0%| F|  |TAMS 0x00000000c6e00000| PB 0x00000000c6e00000| Untracked |  0
|  53|0x00000000c6f00000, 0x00000000c6fe3d98, 0x00000000c7000000| 89%| E|  |TAMS 0x00000000c6f00000| PB 0x00000000c6f00000| Complete |  0
|  54|0x00000000c7000000, 0x00000000c7100000, 0x00000000c7100000|100%| E|CS|TAMS 0x00000000c7000000| PB 0x00000000c7000000| Complete |  0
|  55|0x00000000c7100000, 0x00000000c7200000, 0x00000000c7200000|100%| E|CS|TAMS 0x00000000c7100000| PB 0x00000000c7100000| Complete |  0
|  56|0x00000000c7200000, 0x00000000c7300000, 0x00000000c7300000|100%| E|CS|TAMS 0x00000000c7200000| PB 0x00000000c7200000| Complete |  0
|  61|0x00000000c7700000, 0x00000000c7800000, 0x00000000c7800000|100%| E|CS|TAMS 0x00000000c7700000| PB 0x00000000c7700000| Complete |  0
| 964|0x00000000ffe00000, 0x00000000fff00000, 0x00000000fff00000|100%| O|  |TAMS 0x00000000ffe00000| PB 0x00000000ffe00000| Untracked |  0
| 965|0x00000000fff00000, 0x0000000100000000, 0x0000000100000000|100%| E|CS|TAMS 0x00000000fff00000| PB 0x00000000fff00000| Complete |  0

Card table byte_map: [0x00000141f0c50000,0x00000141f0e40000] _byte_map_base: 0x00000141f0633000

Marking Bits: (CMBitMap*) 0x00000141d92047b0
 Bits: [0x00000141f0e40000, 0x00000141f1d58000)

Polling page: 0x00000141d7010000

Metaspace:

Usage:
  Non-class:     29.94 MB used.
      Class:      3.45 MB used.
       Both:     33.39 MB used.

Virtual space:
  Non-class space:       64.00 MB reserved,      30.12 MB ( 47%) committed,  1 nodes.
      Class space:        1.00 GB reserved,       3.62 MB ( <1%) committed,  1 nodes.
             Both:        1.06 GB reserved,      33.75 MB (  3%) committed. 

Chunk freelists:
   Non-Class:  1.26 MB
       Class:  12.33 MB
        Both:  13.59 MB

MaxMetaspaceSize: unlimited
CompressedClassSpaceSize: 1.00 GB
Initial GC threshold: 21.00 MB
Current GC threshold: 35.25 MB
CDS: on
 - commit_granule_bytes: 65536.
 - commit_granule_words: 8192.
 - virtual_space_node_default_size: 8388608.
 - enlarge_chunks_in_place: 1.
UseCompressedClassPointers 1, UseCompactObjectHeaders 0
Narrow klass pointer bits 32, Max shift 3
Narrow klass base: 0x0000014180000000, Narrow klass shift: 0
Encoding Range: [0x0000014180000000 - 0x0000014280000000), (4294967296 bytes)
Klass Range:    [0x0000014180000000 - 0x00000141c1000000), (1090519040 bytes)
Klass ID Range:  [8 - 1090519033) (1090519025)


Internal statistics:

num_allocs_failed_limit: 5.
num_arena_births: 450.
num_arena_deaths: 0.
num_vsnodes_births: 2.
num_vsnodes_deaths: 0.
num_space_committed: 540.
num_space_uncommitted: 0.
num_chunks_returned_to_freelist: 5.
num_chunks_taken_from_freelist: 1603.
num_chunk_merges: 5.
num_chunk_splits: 1099.
num_chunks_enlarged: 857.
num_inconsistent_stats: 0.

CodeHeap 'non-profiled nmethods': size=120064Kb used=2007Kb max_used=2007Kb free=118056Kb
 bounds [0x00000141e9520000, 0x00000141e9790000, 0x00000141f0a60000]
CodeHeap 'profiled nmethods': size=120000Kb used=8957Kb max_used=8957Kb free=111042Kb
 bounds [0x00000141e1a60000, 0x00000141e2320000, 0x00000141e8f90000]
CodeHeap 'non-nmethods': size=5696Kb used=1540Kb max_used=1684Kb free=4155Kb
 bounds [0x00000141e8f90000, 0x00000141e9200000, 0x00000141e9520000]
CodeCache: size=245760Kb, used=12504Kb, max_used=12648Kb, free=233253Kb
 total_blobs=5390, nmethods=4821, adapters=473, full_count=0
Compilation: enabled, stopped_count=0, restarted_count=0

Compilation events (20 events):
Event: 13.053 Thread 0x00000141c119f340 4754       3       java.lang.invoke.LambdaForm::methodType (48 bytes)
Event: 13.054 Thread 0x00000141c119f340 nmethod 4754 0x00000141e22ffa88 code [0x00000141e22ffc00, 0x00000141e23001b0]
Event: 13.054 Thread 0x00000141c119f340 4755       3       jdk.internal.classfile.impl.RawBytecodeHelper::isWide (16 bytes)
Event: 13.054 Thread 0x00000141c119f340 nmethod 4755 0x00000141e2300208 code [0x00000141e2300320, 0x00000141e2300480]
Event: 13.062 Thread 0x00000141c119f340 4756       3       java.lang.System::getProperty (12 bytes)
Event: 13.062 Thread 0x00000141c119f340 nmethod 4756 0x00000141e2300508 code [0x00000141e2300680, 0x00000141e2300bf0]
Event: 13.088 Thread 0x00000141c119f340 4757  s    1       java.lang.StringBuffer::length (5 bytes)
Event: 13.088 Thread 0x00000141c119f340 nmethod 4757 0x00000141e970f688 code [0x00000141e970f7a0, 0x00000141e970f9b0]
Event: 13.090 Thread 0x00000141c617d860 4758       4       jdk.internal.util.StrongReferenceKey::equals (28 bytes)
Event: 13.092 Thread 0x00000141c119f340 4759       1       java.util.logging.Level::intValue (5 bytes)
Event: 13.093 Thread 0x00000141c119f340 nmethod 4759 0x00000141e970fa08 code [0x00000141e970fb00, 0x00000141e970fbc8]
Event: 13.093 Thread 0x00000141c617d860 nmethod 4758 0x00000141e970fd08 code [0x00000141e970fe20, 0x00000141e97100d0]
Event: 13.116 Thread 0x00000141c617d860 4760       4       jdk.internal.classfile.impl.BufWriterImpl::<init> (39 bytes)
Event: 13.121 Thread 0x00000141c119f340 4761       3       java.net.URI$Parser::scan (53 bytes)
Event: 13.123 Thread 0x00000141c119f340 nmethod 4761 0x00000141e2300c88 code [0x00000141e2300e20, 0x00000141e23017a0]
Event: 13.123 Thread 0x00000141c119f340 4762       3       java.net.URI$Parser::<init> (30 bytes)
Event: 13.123 Thread 0x00000141c119f340 nmethod 4762 0x00000141e2301808 code [0x00000141e2301920, 0x00000141e2301bb8]
Event: 13.123 Thread 0x00000141c119f340 4763       3       java.net.URI$Parser::parse (243 bytes)
Event: 13.149 Thread 0x00000141c119f340 nmethod 4763 0x00000141e2301c08 code [0x00000141e2302080, 0x00000141e2304d90]
Event: 13.149 Thread 0x00000141c119f340 4764       3       java.net.URI::toString (16 bytes)

GC Heap History (14 events):
Event: 3.441 GC heap before
{Heap before GC invocations=0 (full 0):
 garbage-first heap   total reserved 989184K, committed 65536K, used 31860K [0x00000000c3a00000, 0x0000000100000000)
  region size 1024K, 28 young (28672K), 0 survivors (0K)
 Metaspace       used 7410K, committed 7616K, reserved 1114112K
  class space    used 696K, committed 768K, reserved 1048576K
}
Event: 3.453 GC heap after
{Heap after GC invocations=1 (full 0):
 garbage-first heap   total reserved 989184K, committed 65536K, used 10484K [0x00000000c3a00000, 0x0000000100000000)
  region size 1024K, 4 young (4096K), 4 survivors (4096K)
 Metaspace       used 7410K, committed 7616K, reserved 1114112K
  class space    used 696K, committed 768K, reserved 1048576K
}
Event: 4.600 GC heap before
{Heap before GC invocations=1 (full 0):
 garbage-first heap   total reserved 989184K, committed 65536K, used 33012K [0x00000000c3a00000, 0x0000000100000000)
  region size 1024K, 26 young (26624K), 4 survivors (4096K)
 Metaspace       used 12697K, committed 12928K, reserved 1114112K
  class space    used 1259K, committed 1344K, reserved 1048576K
}
Event: 4.607 GC heap after
{Heap after GC invocations=2 (full 0):
 garbage-first heap   total reserved 989184K, committed 65536K, used 12799K [0x00000000c3a00000, 0x0000000100000000)
  region size 1024K, 2 young (2048K), 2 survivors (2048K)
 Metaspace       used 12697K, committed 12928K, reserved 1114112K
  class space    used 1259K, committed 1344K, reserved 1048576K
}
Event: 6.441 GC heap before
{Heap before GC invocations=2 (full 0):
 garbage-first heap   total reserved 989184K, committed 65536K, used 38399K [0x00000000c3a00000, 0x0000000100000000)
  region size 1024K, 28 young (28672K), 2 survivors (2048K)
 Metaspace       used 20678K, committed 21056K, reserved 1114112K
  class space    used 2045K, committed 2240K, reserved 1048576K
}
Event: 6.458 GC heap after
{Heap after GC invocations=3 (full 0):
 garbage-first heap   total reserved 989184K, committed 65536K, used 15700K [0x00000000c3a00000, 0x0000000100000000)
  region size 1024K, 4 young (4096K), 4 survivors (4096K)
 Metaspace       used 20678K, committed 21056K, reserved 1114112K
  class space    used 2045K, committed 2240K, reserved 1048576K
}
Event: 6.595 GC heap before
{Heap before GC invocations=3 (full 0):
 garbage-first heap   total reserved 989184K, committed 65536K, used 19796K [0x00000000c3a00000, 0x0000000100000000)
  region size 1024K, 9 young (9216K), 4 survivors (4096K)
 Metaspace       used 21223K, committed 21504K, reserved 1114112K
  class space    used 2099K, committed 2240K, reserved 1048576K
}
Event: 6.601 GC heap after
{Heap after GC invocations=4 (full 0):
 garbage-first heap   total reserved 989184K, committed 65536K, used 16722K [0x00000000c3a00000, 0x0000000100000000)
  region size 1024K, 1 young (1024K), 1 survivors (1024K)
 Metaspace       used 21223K, committed 21504K, reserved 1114112K
  class space    used 2099K, committed 2240K, reserved 1048576K
}
Event: 9.052 GC heap before
{Heap before GC invocations=5 (full 0):
 garbage-first heap   total reserved 989184K, committed 61440K, used 44370K [0x00000000c3a00000, 0x0000000100000000)
  region size 1024K, 29 young (29696K), 1 survivors (1024K)
 Metaspace       used 24684K, committed 25024K, reserved 1114112K
  class space    used 2466K, committed 2624K, reserved 1048576K
}
Event: 9.063 GC heap after
{Heap after GC invocations=6 (full 0):
 garbage-first heap   total reserved 989184K, committed 61440K, used 20573K [0x00000000c3a00000, 0x0000000100000000)
  region size 1024K, 4 young (4096K), 4 survivors (4096K)
 Metaspace       used 24684K, committed 25024K, reserved 1114112K
  class space    used 2466K, committed 2624K, reserved 1048576K
}
Event: 11.077 GC heap before
{Heap before GC invocations=6 (full 0):
 garbage-first heap   total reserved 989184K, committed 61440K, used 45149K [0x00000000c3a00000, 0x0000000100000000)
  region size 1024K, 28 young (28672K), 4 survivors (4096K)
 Metaspace       used 28593K, committed 28864K, reserved 1114112K
  class space    used 2896K, committed 3008K, reserved 1048576K
}
Event: 11.091 GC heap after
{Heap after GC invocations=7 (full 0):
 garbage-first heap   total reserved 989184K, committed 61440K, used 22643K [0x00000000c3a00000, 0x0000000100000000)
  region size 1024K, 2 young (2048K), 2 survivors (2048K)
 Metaspace       used 28593K, committed 28864K, reserved 1114112K
  class space    used 2896K, committed 3008K, reserved 1048576K
}
Event: 12.773 GC heap before
{Heap before GC invocations=7 (full 0):
 garbage-first heap   total reserved 989184K, committed 61440K, used 47219K [0x00000000c3a00000, 0x0000000100000000)
  region size 1024K, 27 young (27648K), 2 survivors (2048K)
 Metaspace       used 32503K, committed 32896K, reserved 1114112K
  class space    used 3379K, committed 3520K, reserved 1048576K
}
Event: 12.784 GC heap after
{Heap after GC invocations=8 (full 0):
 garbage-first heap   total reserved 989184K, committed 61440K, used 24576K [0x00000000c3a00000, 0x0000000100000000)
  region size 1024K, 4 young (4096K), 4 survivors (4096K)
 Metaspace       used 32503K, committed 32896K, reserved 1114112K
  class space    used 3379K, committed 3520K, reserved 1048576K
}

Dll operation events (12 events):
Event: 0.110 Loaded shared library C:\Program Files\Java\jdk-24\bin\java.dll
Event: 0.204 Loaded shared library C:\Program Files\Java\jdk-24\bin\jsvml.dll
Event: 0.827 Loaded shared library C:\Program Files\Java\jdk-24\bin\zip.dll
Event: 0.834 Loaded shared library C:\Program Files\Java\jdk-24\bin\instrument.dll
Event: 0.851 Loaded shared library C:\Program Files\Java\jdk-24\bin\net.dll
Event: 0.856 Loaded shared library C:\Program Files\Java\jdk-24\bin\nio.dll
Event: 0.865 Loaded shared library C:\Program Files\Java\jdk-24\bin\zip.dll
Event: 1.433 Loaded shared library C:\Program Files\Java\jdk-24\bin\extnet.dll
Event: 1.495 Loaded shared library C:\Program Files\Java\jdk-24\bin\jimage.dll
Event: 5.460 Loaded shared library C:\Program Files\Java\jdk-24\bin\sunmscapi.dll
Event: 13.097 Loaded shared library C:\Program Files\Java\jdk-24\bin\management.dll
Event: 13.102 Loaded shared library C:\Program Files\Java\jdk-24\bin\management_ext.dll

Deoptimization events (20 events):
Event: 12.811 Thread 0x00000141d91cc690 DEOPT PACKING pc=0x00000141e21667e9 sp=0x00000039bbcfe040
Event: 12.811 Thread 0x00000141d91cc690 DEOPT UNPACKING pc=0x00000141e8fe6642 sp=0x00000039bbcfd530 mode 0
Event: 12.812 Thread 0x00000141d91cc690 DEOPT PACKING pc=0x00000141e21667e9 sp=0x00000039bbcfe040
Event: 12.812 Thread 0x00000141d91cc690 DEOPT UNPACKING pc=0x00000141e8fe6642 sp=0x00000039bbcfd530 mode 0
Event: 12.833 Thread 0x00000141d91cc690 DEOPT PACKING pc=0x00000141e21667e9 sp=0x00000039bbcfdfd0
Event: 12.833 Thread 0x00000141d91cc690 DEOPT UNPACKING pc=0x00000141e8fe6642 sp=0x00000039bbcfd4c0 mode 0
Event: 12.928 Thread 0x00000141d91cc690 Uncommon trap: trap_request=0xffffff66 fr.pc=0x00000141e9625e48 relative=0x0000000000008bc8
Event: 12.928 Thread 0x00000141d91cc690 Uncommon trap: reason=speculate_class_check action=maybe_recompile pc=0x00000141e9625e48 method=jdk.internal.loader.BuiltinClassLoader.loadClassOrNull(Ljava/lang/String;)Ljava/lang/Class; @ 3 c2
Event: 12.928 Thread 0x00000141d91cc690 DEOPT PACKING pc=0x00000141e9625e48 sp=0x00000039bbcfad30
Event: 12.928 Thread 0x00000141d91cc690 DEOPT UNPACKING pc=0x00000141e90b5f02 sp=0x00000039bbcfad48 mode 2
Event: 12.985 Thread 0x00000141d91cc690 DEOPT PACKING pc=0x00000141e1f98852 sp=0x00000039bbcfe1d0
Event: 12.985 Thread 0x00000141d91cc690 DEOPT UNPACKING pc=0x00000141e8fe6642 sp=0x00000039bbcfd688 mode 0
Event: 13.086 Thread 0x00000141d91cc690 Uncommon trap: trap_request=0xffffff66 fr.pc=0x00000141e96503bc relative=0x00000000000004dc
Event: 13.086 Thread 0x00000141d91cc690 Uncommon trap: reason=speculate_class_check action=maybe_recompile pc=0x00000141e96503bc method=java.lang.String.<init>(Ljava/lang/AbstractStringBuilder;Ljava/lang/Void;)V @ 10 c2
Event: 13.086 Thread 0x00000141d91cc690 DEOPT PACKING pc=0x00000141e96503bc sp=0x00000039bbcfecb0
Event: 13.086 Thread 0x00000141d91cc690 DEOPT UNPACKING pc=0x00000141e90b5f02 sp=0x00000039bbcfec80 mode 2
Event: 13.088 Thread 0x00000141d91cc690 Uncommon trap: trap_request=0xffffff66 fr.pc=0x00000141e96503bc relative=0x00000000000004dc
Event: 13.088 Thread 0x00000141d91cc690 Uncommon trap: reason=speculate_class_check action=maybe_recompile pc=0x00000141e96503bc method=java.lang.String.<init>(Ljava/lang/AbstractStringBuilder;Ljava/lang/Void;)V @ 10 c2
Event: 13.088 Thread 0x00000141d91cc690 DEOPT PACKING pc=0x00000141e96503bc sp=0x00000039bbcfebe0
Event: 13.088 Thread 0x00000141d91cc690 DEOPT UNPACKING pc=0x00000141e90b5f02 sp=0x00000039bbcfebb0 mode 2

Classes loaded (20 events):
Event: 13.109 Loading class java/lang/management/DefaultPlatformMBeanProvider$8
Event: 13.109 Loading class java/lang/management/DefaultPlatformMBeanProvider$8 done
Event: 13.109 Loading class sun/management/ManagementFactoryHelper$LoggingMXBeanAccess
Event: 13.109 Loading class sun/management/ManagementFactoryHelper$LoggingMXBeanAccess done
Event: 13.109 Loading class java/lang/management/DefaultPlatformMBeanProvider$9
Event: 13.109 Loading class java/lang/management/DefaultPlatformMBeanProvider$9 done
Event: 13.110 Loading class java/lang/management/DefaultPlatformMBeanProvider$10
Event: 13.110 Loading class java/lang/management/DefaultPlatformMBeanProvider$10 done
Event: 13.110 Loading class java/lang/management/DefaultPlatformMBeanProvider$11
Event: 13.110 Loading class java/lang/management/DefaultPlatformMBeanProvider$11 done
Event: 13.110 Loading class jdk/management/jfr/FlightRecorderMXBean
Event: 13.110 Loading class jdk/management/jfr/FlightRecorderMXBean done
Event: 13.110 Loading class jdk/management/jfr/internal/FlightRecorderMXBeanProvider$SingleMBeanComponent
Event: 13.110 Loading class jdk/management/jfr/internal/FlightRecorderMXBeanProvider$SingleMBeanComponent done
Event: 13.112 Loading class java/util/stream/ReduceOps$2
Event: 13.112 Loading class java/util/stream/ReduceOps$2 done
Event: 13.113 Loading class java/util/stream/ReduceOps$2ReducingSink
Event: 13.114 Loading class java/util/stream/ReduceOps$2ReducingSink done
Event: 13.114 Loading class sun/management/RuntimeImpl
Event: 13.114 Loading class sun/management/RuntimeImpl done

Classes unloaded (0 events):
No events

Classes redefined (0 events):
No events

Internal exceptions (20 events):
Event: 12.294 Thread 0x00000141d91cc690 Exception <a 'java/lang/NoSuchMethodError'{0x00000000c642dca0}: 'java.lang.Object java.lang.invoke.DirectMethodHandle$Holder.invokeStatic(java.lang.Object, java.lang.Object, java.lang.Object, java.lang.Object, java.lang.Object, java.lang.Object, java.lang.Object, java.lang.Object, java.lang.Object)'> (0x00000000c642dca0) 
thrown [s\open\src\hotspot\share\interpreter\linkResolver.cpp, line 805]
Event: 12.331 Thread 0x00000141d91cc690 Exception <a 'java/lang/NoSuchMethodError'{0x00000000c64ade18}: 'void java.lang.invoke.DirectMethodHandle$Holder.invokeInterface(java.lang.Object, java.lang.Object, int)'> (0x00000000c64ade18) 
thrown [s\open\src\hotspot\share\interpreter\linkResolver.cpp, line 805]
Event: 12.336 Thread 0x00000141d91cc690 Exception <a 'java/lang/IncompatibleClassChangeError'{0x00000000c64d5700}: Found class java.lang.Object, but interface was expected> (0x00000000c64d5700) 
thrown [s\open\src\hotspot\share\interpreter\linkResolver.cpp, line 872]
Event: 12.338 Thread 0x00000141d91cc690 Exception <a 'java/lang/IncompatibleClassChangeError'{0x00000000c64e6328}: Found class java.lang.Object, but interface was expected> (0x00000000c64e6328) 
thrown [s\open\src\hotspot\share\interpreter\linkResolver.cpp, line 872]
Event: 12.340 Thread 0x00000141d91cc690 Exception <a 'java/lang/IncompatibleClassChangeError'{0x00000000c64f6478}: Found class java.lang.Object, but interface was expected> (0x00000000c64f6478) 
thrown [s\open\src\hotspot\share\interpreter\linkResolver.cpp, line 872]
Event: 12.341 Thread 0x00000141d91cc690 Exception <a 'java/lang/IncompatibleClassChangeError'{0x00000000c6307d80}: Found class java.lang.Object, but interface was expected> (0x00000000c6307d80) 
thrown [s\open\src\hotspot\share\interpreter\linkResolver.cpp, line 872]
Event: 12.348 Thread 0x00000141d91cc690 Exception <a 'java/lang/IncompatibleClassChangeError'{0x00000000c6327fc0}: Found class java.lang.Object, but interface was expected> (0x00000000c6327fc0) 
thrown [s\open\src\hotspot\share\interpreter\linkResolver.cpp, line 872]
Event: 12.356 Thread 0x00000141d91cc690 Exception <a 'java/lang/IncompatibleClassChangeError'{0x00000000c6367780}: Found class java.lang.Object, but interface was expected> (0x00000000c6367780) 
thrown [s\open\src\hotspot\share\interpreter\linkResolver.cpp, line 872]
Event: 12.357 Thread 0x00000141d91cc690 Exception <a 'java/lang/IncompatibleClassChangeError'{0x00000000c6377b60}: Found class java.lang.Object, but interface was expected> (0x00000000c6377b60) 
thrown [s\open\src\hotspot\share\interpreter\linkResolver.cpp, line 872]
Event: 12.360 Thread 0x00000141d91cc690 Exception <a 'java/lang/NoSuchMethodError'{0x00000000c639f730}: 'int java.lang.invoke.DirectMethodHandle$Holder.invokeSpecialIFC(java.lang.Object, java.lang.Object, java.lang.Object)'> (0x00000000c639f730) 
thrown [s\open\src\hotspot\share\interpreter\linkResolver.cpp, line 805]
Event: 12.362 Thread 0x00000141d91cc690 Exception <a 'java/lang/IncompatibleClassChangeError'{0x00000000c63aec58}: Found class java.lang.Object, but interface was expected> (0x00000000c63aec58) 
thrown [s\open\src\hotspot\share\interpreter\linkResolver.cpp, line 872]
Event: 12.364 Thread 0x00000141d91cc690 Exception <a 'java/lang/IncompatibleClassChangeError'{0x00000000c63befd8}: Found class java.lang.Object, but interface was expected> (0x00000000c63befd8) 
thrown [s\open\src\hotspot\share\interpreter\linkResolver.cpp, line 872]
Event: 12.366 Thread 0x00000141d91cc690 Exception <a 'java/lang/IncompatibleClassChangeError'{0x00000000c63d7558}: Found class java.lang.Object, but interface was expected> (0x00000000c63d7558) 
thrown [s\open\src\hotspot\share\interpreter\linkResolver.cpp, line 872]
Event: 12.392 Thread 0x00000141d91cc690 Exception <a 'java/lang/NoSuchMethodError'{0x00000000c6253790}: 'void java.lang.invoke.DirectMethodHandle$Holder.invokeStatic(java.lang.Object, java.lang.Object, java.lang.Object, int, java.lang.Object)'> (0x00000000c6253790) 
thrown [s\open\src\hotspot\share\interpreter\linkResolver.cpp, line 805]
Event: 12.421 Thread 0x00000141d91cc690 Exception <a 'java/lang/NoSuchMethodError'{0x00000000c613d5a8}: 'void java.lang.invoke.DirectMethodHandle$Holder.invokeStatic(java.lang.Object, int, java.lang.Object)'> (0x00000000c613d5a8) 
thrown [s\open\src\hotspot\share\interpreter\linkResolver.cpp, line 805]
Event: 12.511 Thread 0x00000141d91cc690 Exception <a 'java/lang/NoSuchMethodError'{0x00000000c5fd8530}: 'java.lang.Object java.lang.invoke.DirectMethodHandle$Holder.invokeVirtual(java.lang.Object, java.lang.Object, java.lang.Object, java.lang.Object, java.lang.Object)'> (0x00000000c5fd8530) 
thrown [s\open\src\hotspot\share\interpreter\linkResolver.cpp, line 805]
Event: 12.615 Thread 0x00000141d91cc690 Exception <a 'java/lang/NoSuchMethodError'{0x00000000c5d75d58}: 'java.lang.Object java.lang.invoke.DirectMethodHandle$Holder.invokeStaticInit(java.lang.Object, int, int, int, int)'> (0x00000000c5d75d58) 
thrown [s\open\src\hotspot\share\interpreter\linkResolver.cpp, line 805]
Event: 12.717 Thread 0x00000141d91cc690 Exception <a 'java/lang/NoSuchMethodError'{0x00000000c5c4b8c0}: 'java.lang.Object java.lang.invoke.DirectMethodHandle$Holder.invokeStaticInit(java.lang.Object, java.lang.Object, int, int, int, int)'> (0x00000000c5c4b8c0) 
thrown [s\open\src\hotspot\share\interpreter\linkResolver.cpp, line 805]
Event: 13.049 Thread 0x00000141d91cc690 Exception <a 'java/lang/NoSuchMethodError'{0x00000000c72e9c30}: 'int java.lang.invoke.DirectMethodHandle$Holder.invokeVirtual(java.lang.Object, java.lang.Object, java.lang.Object, java.lang.Object)'> (0x00000000c72e9c30) 
thrown [s\open\src\hotspot\share\interpreter\linkResolver.cpp, line 805]
Event: 13.050 Thread 0x00000141d91cc690 Exception <a 'java/lang/NoSuchMethodError'{0x00000000c72f21d0}: 'int java.lang.invoke.DelegatingMethodHandle$Holder.reinvoke_L(java.lang.Object, java.lang.Object, java.lang.Object, java.lang.Object)'> (0x00000000c72f21d0) 
thrown [s\open\src\hotspot\share\interpreter\linkResolver.cpp, line 805]

VM Operations (20 events):
Event: 10.496 Executing VM operation: HandshakeAllThreads (Deoptimize)
Event: 10.496 Executing VM operation: HandshakeAllThreads (Deoptimize) done
Event: 10.918 Executing VM operation: HandshakeAllThreads (Deoptimize)
Event: 10.918 Executing VM operation: HandshakeAllThreads (Deoptimize) done
Event: 11.077 Executing VM operation: G1CollectForAllocation (G1 Evacuation Pause)
Event: 11.091 Executing VM operation: G1CollectForAllocation (G1 Evacuation Pause) done
Event: 11.445 Executing VM operation: HandshakeAllThreads (Deoptimize)
Event: 11.446 Executing VM operation: HandshakeAllThreads (Deoptimize) done
Event: 11.585 Executing VM operation: HandshakeAllThreads (Deoptimize)
Event: 11.585 Executing VM operation: HandshakeAllThreads (Deoptimize) done
Event: 12.074 Executing VM operation: HandshakeAllThreads (Deoptimize)
Event: 12.074 Executing VM operation: HandshakeAllThreads (Deoptimize) done
Event: 12.773 Executing VM operation: G1CollectForAllocation (G1 Evacuation Pause)
Event: 12.784 Executing VM operation: G1CollectForAllocation (G1 Evacuation Pause) done
Event: 13.019 Executing VM operation: HandshakeAllThreads (Deoptimize)
Event: 13.019 Executing VM operation: HandshakeAllThreads (Deoptimize) done
Event: 13.025 Executing VM operation: HandshakeAllThreads (Deoptimize)
Event: 13.025 Executing VM operation: HandshakeAllThreads (Deoptimize) done
Event: 13.113 Executing VM operation: HandshakeAllThreads (Deoptimize)
Event: 13.113 Executing VM operation: HandshakeAllThreads (Deoptimize) done

Memory protections (0 events):
No events

Nmethod flushes (0 events):
No events

Events (17 events):
Event: 0.147 Thread 0x00000141d91cc690 Thread added: 0x00000141d91cc690
Event: 0.190 Thread 0x00000141d91cc690 Thread added: 0x00000141c1182380
Event: 0.191 Thread 0x00000141d91cc690 Thread added: 0x00000141c11870c0
Event: 0.192 Thread 0x00000141d91cc690 Thread added: 0x00000141c1189cf0
Event: 0.192 Thread 0x00000141d91cc690 Thread added: 0x00000141c118a910
Event: 0.193 Thread 0x00000141d91cc690 Thread added: 0x00000141c118b530
Event: 0.194 Thread 0x00000141d91cc690 Thread added: 0x00000141c118c150
Event: 0.194 Thread 0x00000141d91cc690 Thread added: 0x00000141c118e0b0
Event: 0.195 Thread 0x00000141d91cc690 Thread added: 0x00000141c119f340
Event: 0.847 Thread 0x00000141d91cc690 Thread added: 0x00000141c13d5800
Event: 1.401 Thread 0x00000141d91cc690 Thread added: 0x00000141c18598b0
Event: 1.401 Thread 0x00000141d91cc690 Thread added: 0x00000141c1859ff0
Event: 4.335 Thread 0x00000141d91cc690 Thread added: 0x00000141c6412210
Event: 6.675 Thread 0x00000141d91cc690 Thread added: 0x00000141c6b24250
Event: 6.919 Thread 0x00000141c6b24250 Thread exited: 0x00000141c6b24250
Event: 7.400 Thread 0x00000141c6412210 Thread exited: 0x00000141c6412210
Event: 11.877 Thread 0x00000141c119f340 Thread added: 0x00000141c617d860


Dynamic libraries:
0x00007ff615110000 - 0x00007ff615120000 	C:\Program Files\Java\jdk-24\bin\java.exe
0x00007ffb98de0000 - 0x00007ffb99048000 	C:\WINDOWS\SYSTEM32\ntdll.dll
0x00007ffb98290000 - 0x00007ffb98359000 	C:\WINDOWS\System32\KERNEL32.DLL
0x00007ffb96140000 - 0x00007ffb96531000 	C:\WINDOWS\System32\KERNELBASE.dll
0x00007ffb956c0000 - 0x00007ffb9580b000 	C:\WINDOWS\System32\ucrtbase.dll
0x00007ffb82dd0000 - 0x00007ffb82deb000 	C:\Program Files\Java\jdk-24\bin\VCRUNTIME140.dll
0x00007ffb83120000 - 0x00007ffb83136000 	C:\Program Files\Java\jdk-24\bin\jli.dll
0x00007ffb97af0000 - 0x00007ffb97cb6000 	C:\WINDOWS\System32\USER32.dll
0x00007ffb7eba0000 - 0x00007ffb7ee33000 	C:\WINDOWS\WinSxS\amd64_microsoft.windows.common-controls_6595b64144ccf1df_6.0.26100.7824_none_3e0870b2e3345462\COMCTL32.dll
0x00007ffb96b50000 - 0x00007ffb96b77000 	C:\WINDOWS\System32\win32u.dll
0x00007ffb96b80000 - 0x00007ffb96c29000 	C:\WINDOWS\System32\msvcrt.dll
0x00007ffb98a20000 - 0x00007ffb98a4b000 	C:\WINDOWS\System32\GDI32.dll
0x00007ffb96830000 - 0x00007ffb9695b000 	C:\WINDOWS\System32\gdi32full.dll
0x00007ffb96960000 - 0x00007ffb96a03000 	C:\WINDOWS\System32\msvcp_win.dll
0x00007ffb96c30000 - 0x00007ffb96c61000 	C:\WINDOWS\System32\IMM32.DLL
0x00007ffb82b80000 - 0x00007ffb82b8c000 	C:\Program Files\Java\jdk-24\bin\vcruntime140_1.dll
0x00007ffb81be0000 - 0x00007ffb81c6e000 	C:\Program Files\Java\jdk-24\bin\msvcp140.dll
0x00007ffb49810000 - 0x00007ffb4a5b1000 	C:\Program Files\Java\jdk-24\bin\server\jvm.dll
0x00007ffb96c70000 - 0x00007ffb96d24000 	C:\WINDOWS\System32\ADVAPI32.dll
0x00007ffb98a50000 - 0x00007ffb98af6000 	C:\WINDOWS\System32\sechost.dll
0x00007ffb96ec0000 - 0x00007ffb96fd8000 	C:\WINDOWS\System32\RPCRT4.dll
0x00007ffb98360000 - 0x00007ffb983d4000 	C:\WINDOWS\System32\WS2_32.dll
0x00007ffb95540000 - 0x00007ffb9559e000 	C:\WINDOWS\SYSTEM32\POWRPROF.dll
0x00007ffb8d3d0000 - 0x00007ffb8d3db000 	C:\WINDOWS\SYSTEM32\VERSION.dll
0x00007ffb7ee40000 - 0x00007ffb7ee75000 	C:\WINDOWS\SYSTEM32\WINMM.dll
0x00007ffb95520000 - 0x00007ffb95534000 	C:\WINDOWS\SYSTEM32\UMPDC.dll
0x00007ffb94460000 - 0x00007ffb9447b000 	C:\WINDOWS\SYSTEM32\kernel.appcore.dll
0x00007ffb827e0000 - 0x00007ffb827ea000 	C:\Program Files\Java\jdk-24\bin\jimage.dll
0x00007ffb931d0000 - 0x00007ffb93412000 	C:\WINDOWS\SYSTEM32\DBGHELP.DLL
0x00007ffb97760000 - 0x00007ffb97ae6000 	C:\WINDOWS\System32\combase.dll
0x00007ffb98150000 - 0x00007ffb98227000 	C:\WINDOWS\System32\OLEAUT32.dll
0x00007ffb7a9a0000 - 0x00007ffb7a9db000 	C:\WINDOWS\SYSTEM32\dbgcore.DLL
0x00007ffb96a10000 - 0x00007ffb96ab5000 	C:\WINDOWS\System32\bcryptPrimitives.dll
0x00007ffb82610000 - 0x00007ffb8261f000 	C:\Program Files\Java\jdk-24\bin\instrument.dll
0x00007ffb822d0000 - 0x00007ffb822ee000 	C:\Program Files\Java\jdk-24\bin\java.dll
0x00007ffb98780000 - 0x00007ffb98917000 	C:\WINDOWS\System32\ole32.dll
0x00007ffb97000000 - 0x00007ffb97752000 	C:\WINDOWS\System32\SHELL32.dll
0x00007ffb96540000 - 0x00007ffb966aa000 	C:\WINDOWS\System32\wintypes.dll
0x00007ffb958d0000 - 0x00007ffb96133000 	C:\WINDOWS\System32\windows.storage.dll
0x00007ffb98920000 - 0x00007ffb98a16000 	C:\WINDOWS\System32\SHCORE.dll
0x00007ffb984b0000 - 0x00007ffb98517000 	C:\WINDOWS\System32\shlwapi.dll
0x00007ffb955e0000 - 0x00007ffb95609000 	C:\WINDOWS\SYSTEM32\profapi.dll
0x00007ffb81b00000 - 0x00007ffb81bd7000 	C:\Program Files\Java\jdk-24\bin\jsvml.dll
0x00007ffb82050000 - 0x00007ffb82067000 	C:\Program Files\Java\jdk-24\bin\zip.dll
0x00007ffb822c0000 - 0x00007ffb822d0000 	C:\Program Files\Java\jdk-24\bin\net.dll
0x00007ffb949d0000 - 0x00007ffb94a3b000 	C:\WINDOWS\system32\mswsock.dll
0x00007ffb822a0000 - 0x00007ffb822b6000 	C:\Program Files\Java\jdk-24\bin\nio.dll
0x00007ffb82010000 - 0x00007ffb82019000 	C:\Program Files\Java\jdk-24\bin\extnet.dll
0x00007ffb81ae0000 - 0x00007ffb81aee000 	C:\Program Files\Java\jdk-24\bin\sunmscapi.dll
0x00007ffb966b0000 - 0x00007ffb96827000 	C:\WINDOWS\System32\CRYPT32.dll
0x00007ffb94ec0000 - 0x00007ffb94ef0000 	C:\WINDOWS\SYSTEM32\ncrypt.dll
0x00007ffb94e70000 - 0x00007ffb94eaf000 	C:\WINDOWS\SYSTEM32\NTASN1.dll
0x00007ffb94ca0000 - 0x00007ffb94cbb000 	C:\WINDOWS\SYSTEM32\CRYPTSP.dll
0x00007ffb943a0000 - 0x00007ffb943d9000 	C:\WINDOWS\system32\rsaenh.dll
0x00007ffb94a80000 - 0x00007ffb94aab000 	C:\WINDOWS\SYSTEM32\USERENV.dll
0x00007ffb955b0000 - 0x00007ffb955da000 	C:\WINDOWS\SYSTEM32\bcrypt.dll
0x00007ffb94cc0000 - 0x00007ffb94ccc000 	C:\WINDOWS\SYSTEM32\CRYPTBASE.dll
0x00007ffb93ee0000 - 0x00007ffb93f14000 	C:\WINDOWS\SYSTEM32\IPHLPAPI.DLL
0x00007ffb98b00000 - 0x00007ffb98b0a000 	C:\WINDOWS\System32\NSI.dll
0x00007ffb82030000 - 0x00007ffb8203a000 	C:\Program Files\Java\jdk-24\bin\management.dll
0x00007ffb82020000 - 0x00007ffb8202b000 	C:\Program Files\Java\jdk-24\bin\management_ext.dll
0x00007ffb96eb0000 - 0x00007ffb96eb8000 	C:\WINDOWS\System32\PSAPI.DLL

JVMTI agents:
C:\Program Files\JetBrains\IntelliJ IDEA Community Edition 2025.2.1\lib\idea_rt.jar path:C:\Program Files\Java\jdk-24\bin\instrument.dll, loaded, initialized, instrumentlib options:53535

dbghelp: loaded successfully - version: 4.0.5 - missing functions: none
symbol engine: initialized successfully - sym options: 0x614 - pdb path: .;C:\Program Files\Java\jdk-24\bin;C:\WINDOWS\SYSTEM32;C:\WINDOWS\WinSxS\amd64_microsoft.windows.common-controls_6595b64144ccf1df_6.0.26100.7824_none_3e0870b2e3345462;C:\Program Files\Java\jdk-24\bin\server

VM Arguments:
jvm_args: -javaagent:C:\Program Files\JetBrains\IntelliJ IDEA Community Edition 2025.2.1\lib\idea_rt.jar=53535 -Dfile.encoding=UTF-8 -Dsun.stdout.encoding=UTF-8 -Dsun.stderr.encoding=UTF-8 
java_command: com.rmis.rmis.RmisApplication
java_class_path (initial): C:\Users\DELL\Desktop\SE project\RMIS\rmis-BE\rmis\target\classes;C:\Users\DELL\.m2\repository\org\springframework\boot\spring-boot-starter-data-jdbc\4.0.2\spring-boot-starter-data-jdbc-4.0.2.jar;C:\Users\DELL\.m2\repository\org\springframework\boot\spring-boot-starter\4.0.2\spring-boot-starter-4.0.2.jar;C:\Users\DELL\.m2\repository\org\springframework\boot\spring-boot-starter-logging\4.0.2\spring-boot-starter-logging-4.0.2.jar;C:\Users\DELL\.m2\repository\ch\qos\logback\logback-classic\1.5.25\logback-classic-1.5.25.jar;C:\Users\DELL\.m2\repository\ch\qos\logback\logback-core\1.5.25\logback-core-1.5.25.jar;C:\Users\DELL\.m2\repository\org\apache\logging\log4j\log4j-to-slf4j\2.25.3\log4j-to-slf4j-2.25.3.jar;C:\Users\DELL\.m2\repository\org\apache\logging\log4j\log4j-api\2.25.3\log4j-api-2.25.3.jar;C:\Users\DELL\.m2\repository\org\slf4j\jul-to-slf4j\2.0.17\jul-to-slf4j-2.0.17.jar;C:\Users\DELL\.m2\repository\org\springframework\boot\spring-boot-autoconfigure\4.0.2\spring-boot-autoconfigure-4.0.2.jar;C:\Users\DELL\.m2\repository\jakarta\annotation\jakarta.annotation-api\3.0.0\jakarta.annotation-api-3.0.0.jar;C:\Users\DELL\.m2\repository\org\yaml\snakeyaml\2.5\snakeyaml-2.5.jar;C:\Users\DELL\.m2\repository\org\springframework\boot\spring-boot-starter-jdbc\4.0.2\spring-boot-starter-jdbc-4.0.2.jar;C:\Users\DELL\.m2\repository\com\zaxxer\HikariCP\7.0.2\HikariCP-7.0.2.jar;C:\Users\DELL\.m2\repository\org\slf4j\slf4j-api\2.0.17\slf4j-api-2.0.17.jar;C:\Users\DELL\.m2\repository\org\springframework\boot\spring-boot-data-jdbc\4.0.2\spring-boot-data-jdbc-4.0.2.jar;C:\Users\DELL\.m2\repository\org\springframework\boot\spring-boot-data-commons\4.0.2\spring-boot-data-commons-4.0.2.jar;C:\Users\DELL\.m2\repository\org\springframework\boot\spring-boot-persistence\4.0.2\spring-boot-persistence-4.0.2.jar;C:\Users\DELL\.m2\repository\org\springframework\data\spring-data-commons\4.0.2\spring-data-commons-4.0.2.jar;C:\Users\DELL\.m2\repository\org\springframework\data\spring-data-jdbc\4.0.2\spring-data-jdbc-4.0.2.jar;C:\Users\DELL\.m2\repository\org\springframework\data\spring-data-relational\4.0.2\spring-data-relational-4.0.2.jar;C:\Users\DELL\.m2\repository\org\springframework\spring-tx\7.0.3\spring-tx-7.0.3.jar;C:\Users\DELL\.m2\repository\org\springframework\spring-context\7.0.3\spring-context-7.0.3.jar;C:\Users\DELL\.m2\repository\org\springframework\boot\spring-boot-jdbc\4.0.2\spring-boot-jdbc-4.0.2.jar;C:\Users\DELL\.m2\repository\org\springframework\boot\spring-boot\4.0.2\spring-boot-4.0.2.jar;C:\Users\DELL\.m2\repository\org\springframework\boot\spring-boot-sql\4.0.2\spring-boot-sql-4.0.2.jar;C:\Users\DELL\.m2\repository\org\springframework\boot\spring-boot-transaction\4.0.2\spring-boot-transaction-4.0.2.jar;C:\Users\DELL\.m2\repository\org\springframework\spring-jdbc\7.0.3\spring-jdbc-7.0.3.jar;C:\Users\DELL\.m2\repository\org\springframework\boot\spring-boot-starter-data-jpa\4.0.2\spring-boot-starter-data-jpa-4.0.2.jar;C:\Users\DELL\.m2\repository\org\springframework\boot\spring-boot-data-jpa\4.0.2\spring-boot-data-jpa-4.0.2.jar;C:\Users\DELL\.m2\repository\org\springframework\boot\spring-boot-hibernate\4.0.2\spring-boot-hibernate-4.0.2.jar;C:\Users\DELL\.m2\repository\org\springframework\boot\spring-boot-jpa\4.0.2\spring-boot-jpa-4.0.2.jar;C:\Users\DELL\.m2\repository\jakarta\persistence\jakarta.persistence-api\3.2.0\jakarta.persistence-api-3.2.0.jar;C:\Users\DELL\.m2\repository\org\hibernate\orm\hibernate-core\7.2.1.Final\hibernate-core-7.2.1.Final.jar;C:\Users\DELL\.m2\repository\jakarta\transaction\jakarta.transaction-api\2.0.1\jakarta.transaction-api-2.0.1.jar;C:\Users\DELL\.m2\repository\org\hibernate\models\hibernate-models\1.0.1\hibernate-models-1.0.1.jar;C:\Users\DELL\.m2\repository\org\glassfish\jaxb\jaxb-runtime\4.0.6\jaxb-runtime-4.0.6.jar;C:\Users\DELL\.m2\repository\org\glassfish\jaxb\jaxb-core\4.0.6\jaxb-core-4.0.6.jar;C:\Users\DELL\.m2\repository\org\glassfish\jaxb\txw2\4.0.6\txw2-4.0.6.jar;C:\Users\DELL\.m2\repository\com\sun\istack\istack-commons-runtime\4.1.2\istack-commons-runtime-4.1.2.jar;C:\Users\DELL\.m2\repository\jakarta\inject\jakarta.inject-api\2.0.1\jakarta.inject-api-2.0.1.jar;C:\Users\DELL\.m2\repository\org\springframework\spring-orm\7.0.3\spring-orm-7.0.3.jar;C:\Users\DELL\.m2\repository\org\springframework\data\spring-data-jpa\4.0.2\spring-data-jpa-4.0.2.jar;C:\Users\DELL\.m2\repository\org\antlr\antlr4-runtime\4.13.2\antlr4-runtime-4.13.2.jar;C:\Users\DELL\.m2\repository\org\springframework\spring-aspects\7.0.3\spring-aspects-7.0.3.jar;C:\Users\DELL\.m2\repository\org\aspectj\aspectjweaver\1.9.25.1\aspectjweaver-1.9.25.1.jar;C:\Users\DELL\.m2\repository\org\springframework\boot\spring-boot-starter-mail\4.0.2\spring-boot-starter-mail-4.0.2.jar;C:\Users\DELL\.m2\repository\org\springframework\boot\spring-boot-mail\4.0.2\spring-boot-mail-4.0.2.jar;C:\Users\DELL\.m2\repository\org\springframework\spring-context-support\7.0.3\spring-context-support-7.0.3.jar;C:\Users\DELL\.m2\repository\jakarta\mail\jakarta.mail-api\2.1.5\jakarta.mail-api-2.1.5.jar;C:\Users\DELL\.m2\repository\jakarta\activation\jakarta.activation-api\2.1.4\jakarta.activation-api-2.1.4.jar;C:\Users\DELL\.m2\repository\org\eclipse\angus\angus-mail\2.0.5\angus-mail-2.0.5.jar;C:\Users\DELL\.m2\repository\org\eclipse\angus\angus-activation\2.0.3\angus-activation-2.0.3.jar;C:\Users\DELL\.m2\repository\org\springframework\boot\spring-boot-starter-webmvc\4.0.2\spring-boot-starter-webmvc-4.0.2.jar;C:\Users\DELL\.m2\repository\org\springframework\boot\spring-boot-starter-jackson\4.0.2\spring-boot-starter-jackson-4.0.2.jar;C:\Users\DELL\.m2\repository\org\springframework\boot\spring-boot-jackson\4.0.2\spring-boot-jackson-4.0.2.jar;C:\Users\DELL\.m2\repository\tools\jackson\core\jackson-databind\3.0.4\jackson-databind-3.0.4.jar;C:\Users\DELL\.m2\repository\tools\jackson\core\jackson-core\3.0.4\jackson-core-3.0.4.jar;C:\Users\DELL\.m2\repository\org\springframework\boot\spring-boot-starter-tomcat\4.0.2\spring-boot-starter-tomcat-4.0.2.jar;C:\Users\DELL\.m2\repository\org\springframework\boot\spring-boot-starter-tomcat-runtime\4.0.2\spring-boot-starter-tomcat-runtime-4.0.2.jar;C:\Users\DELL\.m2\repository\org\apache\tomcat\embed\tomcat-embed-core\11.0.15\tomcat-embed-core-11.0.15.jar;C:\Users\DELL\.m2\repository\org\apache\tomcat\embed\tomcat-embed-websocket\11.0.15\tomcat-embed-websocket-11.0.15.jar;C:\Users\DELL\.m2\repository\org\springframework\boot\spring-boot-tomcat\4.0.2\spring-boot-tomcat-4.0.2.jar;C:\Users\DELL\.m2\repository\org\springframework\boot\spring-boot-http-converter\4.0.2\spring-boot-http-converter-4.0.2.jar;C:\Users\DELL\.m2\repository\org\springframework\spring-web\7.0.3\spring-web-7.0.3.jar;C:\Users\DELL\.m2\repository\io\micrometer\micrometer-observation\1.16.2\micrometer-observation-1.16.2.jar;C:\Users\DELL\.m2\repository\io\micrometer\micrometer-commons\1.16.2\micrometer-commons-1.16.2.jar;C:\Users\DELL\.m2\repository\org\springframework\boot\spring-boot-webmvc\4.0.2\spring-boot-webmvc-4.0.2.jar;C:\Users\DELL\.m2\repository\org\springframework\boot\spring-boot-servlet\4.0.2\spring-boot-servlet-4.0.2.jar;C:\Users\DELL\.m2\repository\org\springframework\spring-webmvc\7.0.3\spring-webmvc-7.0.3.jar;C:\Users\DELL\.m2\repository\org\springframework\spring-expression\7.0.3\spring-expression-7.0.3.jar;C:\Users\DELL\.m2\repository\org\projectlombok\lombok\1.18.42\lombok-1.18.42.jar;C:\Users\DELL\.m2\repository\jakarta\xml\bind\jakarta.xml.bind-api\4.0.4\jakarta.xml.bind-api-4.0.4.jar;C:\Users\DELL\.m2\repository\net\bytebuddy\byte-buddy\1.17.8\byte-buddy-1.17.8.jar;C:\Users\DELL\.m2\repository\org\springframework\spring-core\7.0.3\spring-core-7.0.3.jar;C:\Users\DELL\.m2\repository\commons-logging\commons-logging\1.3.5\commons-logging-1.3.5.jar;C:\Users\DELL\.m2\repository\org\jspecify\jspecify\1.0.0\jspecify-1.0.0.jar;C:\Users\DELL\.m2\repository\org\springframework\boot\spring-boot-web-server\4.0.2\spring-boot-web-server-4.0.2.jar;C:\Users\DELL\.m2\repository\org\postgresql\postgresql\42.7.9\postgresql-42.7.9.jar;C:\Users\DELL\.m2\repository\org\checkerframework\checker-qual\3.52.0\checker-qual-3.52.0.jar;C:\Users\DELL\.m2\repository\io\jsonwebtoken\jjwt-impl\0.12.3\jjwt-impl-0.12.3.jar;C:\Users\DELL\.m2\repository\io\jsonwebtoken\jjwt-api\0.12.3\jjwt-api-0.12.3.jar;C:\Users\DELL\.m2\repository\io\jsonwebtoken\jjwt-jackson\0.12.3\jjwt-jackson-0.12.3.jar;C:\Users\DELL\.m2\repository\com\fasterxml\jackson\core\jackson-databind\2.20.2\jackson-databind-2.20.2.jar;C:\Users\DELL\.m2\repository\org\springframework\boot\spring-boot-starter-security\4.0.2\spring-boot-starter-security-4.0.2.jar;C:\Users\DELL\.m2\repository\org\springframework\boot\spring-boot-security\4.0.2\spring-boot-security-4.0.2.jar;C:\Users\DELL\.m2\repository\org\springframework\security\spring-security-config\7.0.2\spring-security-config-7.0.2.jar;C:\Users\DELL\.m2\repository\org\springframework\security\spring-security-core\7.0.2\spring-security-core-7.0.2.jar;C:\Users\DELL\.m2\repository\org\springframework\security\spring-security-crypto\7.0.2\spring-security-crypto-7.0.2.jar;C:\Users\DELL\.m2\repository\org\springframework\security\spring-security-web\7.0.2\spring-security-web-7.0.2.jar;C:\Users\DELL\.m2\repository\org\springframework\spring-aop\7.0.3\spring-aop-7.0.3.jar;C:\Users\DELL\.m2\repository\org\springframework\spring-beans\7.0.3\spring-beans-7.0.3.jar;C:\Users\DELL\.m2\repository\com\resend\resend-java\4.12.0\resend-java-4.12.0.jar;C:\Users\DELL\.m2\repository\com\fasterxml\jackson\core\jackson-core\2.20.2\jackson-core-2.20.2.jar;C:\Users\DELL\.m2\repository\com\fasterxml\jackson\core\jackson-annotations\2.20\jackson-annotations-2.20.jar;C:\Users\DELL\.m2\repository\com\fasterxml\jackson\datatype\jackson-datatype-jsr310\2.20.2\jackson-datatype-jsr310-2.20.2.jar;C:\Users\DELL\.m2\repository\com\squareup\okhttp3\okhttp\4.11.0\okhttp-4.11.0.jar;C:\Users\DELL\.m2\repository\com\squareup\okio\okio\3.2.0\okio-3.2.0.jar;C:\Users\DELL\.m2\repository\com\squareup\okio\okio-jvm\3.2.0\okio-jvm-3.2.0.jar;C:\Users\DELL\.m2\repository\org\jetbrains\kotlin\kotlin-stdlib-common\1.6.20\kotlin-stdlib-common-1.6.20.jar;C:\Users\DELL\.m2\repository\org\jetbrains\kotlin\kotlin-stdlib\2.2.21\kotlin-stdlib-2.2.21.jar;C:\Users\DELL\.m2\repository\org\jetbrains\annotations\13.0\annotations-13.0.jar;C:\Users\DELL\.m2\repository\org\jetbrains\kotlin\kotlin-stdlib-jdk8\2.2.21\kotlin-stdlib-jdk8-2.2.21.jar;C:\Users\DELL\.m2\repository\org\jetbrains\kotlin\kotlin-stdlib-jdk7\2.2.21\kotlin-stdlib-jdk7-2.2.21.jar;C:\Users\DELL\.m2\repository\org\json\json\20250517\json-20250517.jar;C:\Users\DELL\.m2\repository\org\modelmapper\modelmapper\3.2.4\modelmapper-3.2.4.jar;C:\Users\DELL\.m2\repository\org\springframework\boot\spring-boot-starter-validation\4.0.2\spring-boot-starter-validation-4.0.2.jar;C:\Users\DELL\.m2\repository\org\springframework\boot\spring-boot-validation\4.0.2\spring-boot-validation-4.0.2.jar;C:\Users\DELL\.m2\repository\org\apache\tomcat\embed\tomcat-embed-el\11.0.15\tomcat-embed-el-11.0.15.jar;C:\Users\DELL\.m2\repository\org\hibernate\validator\hibernate-validator\9.0.1.Final\hibernate-validator-9.0.1.Final.jar;C:\Users\DELL\.m2\repository\jakarta\validation\jakarta.validation-api\3.1.1\jakarta.validation-api-3.1.1.jar;C:\Users\DELL\.m2\repository\org\jboss\logging\jboss-logging\3.6.1.Final\jboss-logging-3.6.1.Final.jar;C:\Users\DELL\.m2\repository\com\fasterxml\classmate\1.7.3\classmate-1.7.3.jar;C:\Users\DELL\.m2\repository\org\springframework\boot\spring-boot-configuration-processor\4.0.2\spring-boot-configuration-processor-4.0.2.jar
Launcher Type: SUN_STANDARD

[Global flags]
     intx CICompilerCount                          = 3                                         {product} {ergonomic}
     uint ConcGCThreads                            = 1                                         {product} {ergonomic}
     uint G1ConcRefinementThreads                  = 4                                         {product} {ergonomic}
   size_t G1HeapRegionSize                         = 1048576                                   {product} {ergonomic}
   size_t InitialHeapSize                          = 65011712                                  {product} {ergonomic}
   size_t MarkStackSize                            = 4194304                                   {product} {ergonomic}
   size_t MarkStackSizeMax                         = 536870912                                 {product} {ergonomic}
   size_t MaxHeapSize                              = 1012924416                                {product} {ergonomic}
   size_t MaxNewSize                               = 607125504                                 {product} {ergonomic}
   size_t MinHeapDeltaBytes                        = 1048576                                   {product} {ergonomic}
   size_t MinHeapSize                              = 8388608                                   {product} {ergonomic}
    uintx NonNMethodCodeHeapSize                   = 5832704                                {pd product} {ergonomic}
    uintx NonProfiledCodeHeapSize                  = 122945536                              {pd product} {ergonomic}
    uintx ProfiledCodeHeapSize                     = 122880000                              {pd product} {ergonomic}
    uintx ReservedCodeCacheSize                    = 251658240                              {pd product} {ergonomic}
     bool SegmentedCodeCache                       = true                                      {product} {ergonomic}
   size_t SoftMaxHeapSize                          = 1012924416                             {manageable} {ergonomic}
     bool UseCompressedOops                        = true                           {product lp64_product} {ergonomic}
     bool UseG1GC                                  = true                                      {product} {ergonomic}
     bool UseLargePagesIndividualAllocation        = false                                  {pd product} {ergonomic}

Logging:
Log output configuration:
 #0: stdout all=warning uptime,level,tags foldmultilines=false
 #1: stderr all=off uptime,level,tags foldmultilines=false

Environment Variables:
JAVA_HOME=C:\Program Files\Java\jdk-24
PATH=C:\Program Files\Python313\Scripts\;C:\Program Files\Python313\;C:\Program Files\Common Files\Oracle\Java\javapath;C:\WINDOWS\system32;C:\WINDOWS;C:\WINDOWS\System32\Wbem;C:\WINDOWS\System32\WindowsPowerShell\v1.0\;C:\WINDOWS\System32\OpenSSH\;C:\Program Files\Git\cmd;C:\Program Files\MySQL\MySQL Server 8.0\bin;C:\Program Files\nodejs\;C:\Program Files\apache-maven-3.9.12-bin\apache-maven-3.9.12\bin;C:\Program Files\win_flex_bison-latest;C:\MinGW\bin;;C:\Program Files\Docker\Docker\resources\bin;C:\Program Files\3.2.2\bin\i386-Win32;C:\Users\DELL\AppData\Local\Microsoft\WindowsApps;C:\Users\DELL\AppData\Local\Programs\Microsoft VS Code\bin;C:\Users\DELL\AppData\Roaming\npm
USERNAME=DELL
OS=Windows_NT
PROCESSOR_IDENTIFIER=Intel64 Family 6 Model 126 Stepping 5, GenuineIntel
TMP=C:\Users\DELL\AppData\Local\Temp
TEMP=C:\Users\DELL\AppData\Local\Temp




Periodic native trim disabled

---------------  S Y S T E M  ---------------

OS:
 Windows 11 , 64 bit Build 26100 (10.0.26100.7705)
OS uptime: 0 days 3:56 hours
Hyper-V role detected

CPU: total 4 (initial active 4) (2 cores per cpu, 2 threads per core) family 6 model 126 stepping 5 microcode 0xc2, cx8, cmov, fxsr, ht, mmx, 3dnowpref, sse, sse2, sse3, ssse3, sse4.1, sse4.2, popcnt, lzcnt, tsc, tscinvbit, avx, avx2, aes, erms, clmul, bmi1, bmi2, adx, avx512f, avx512dq, avx512cd, avx512bw, avx512vl, sha, fma, vzeroupper, avx512_vpopcntdq, avx512_vpclmulqdq, avx512_vaes, avx512_vnni, clflush, clflushopt, avx512_vbmi2, avx512_vbmi, hv, rdtscp, rdpid, fsrm, gfni, avx512_bitalg, f16c, avx512_ifma
Processor Information for the first 4 processors :
  Max Mhz: 1190, Current Mhz: 1190, Mhz Limit: 1190

Memory: 4k page, system-wide physical 3863M (531M free)
TotalPageFile size 15639M (AvailPageFile size 7M)
current process WorkingSet (physical memory assigned to process): 169M, peak: 170M
current process commit charge ("private bytes"): 220M, peak: 239M

vm_info: Java HotSpot(TM) 64-Bit Server VM (24.0.2+12-54) for windows-amd64 JRE (24.0.2+12-54), built on 2025-07-08T12:10:27Z with MS VC++ 17.6 (VS2022)

END.
