#
# There is insufficient memory for the Java Runtime Environment to continue.
# Native memory allocation (malloc) failed to allocate 1081616 bytes. Error detail: Chunk::new
# Possible reasons:
#   The system is out of physical RAM or swap space
#   This process is running with CompressedOops enabled, and the Java Heap may be blocking the growth of the native heap
# Possible solutions:
#   Reduce memory load on the system
#   Increase physical memory or swap space
#   Check if swap backing store is full
#   Decrease Java heap size (-Xmx/-Xms)
#   Decrease number of Java threads
#   Decrease Java thread stack sizes (-Xss)
#   Set larger code cache with -XX:ReservedCodeCacheSize=
#   JVM is running with Unscaled Compressed Oops mode in which the Java heap is
#     placed in the first 4GB address space. The Java Heap base address is the
#     maximum limit for the native heap growth. Please use -XX:HeapBaseMinAddress
#     to set the Java Heap base and to place the Java Heap above 4GB virtual address.
# This output file may be truncated or incomplete.
#
#  Out of Memory Error (arena.cpp:162), pid=1008, tid=13840
#
# JRE version: Java(TM) SE Runtime Environment (24.0.2+12) (build 24.0.2+12-54)
# Java VM: Java HotSpot(TM) 64-Bit Server VM (24.0.2+12-54, mixed mode, sharing, tiered, compressed oops, compressed class ptrs, g1 gc, windows-amd64)
# No core dump will be written. Minidumps are not enabled by default on client versions of Windows
#

---------------  S U M M A R Y ------------

Command Line: -javaagent:C:\Program Files\JetBrains\IntelliJ IDEA Community Edition 2025.2.1\lib\idea_rt.jar=61293 -Dfile.encoding=UTF-8 -Dsun.stdout.encoding=UTF-8 -Dsun.stderr.encoding=UTF-8 com.rmis.rmis.RmisApplication

Host: Intel(R) Core(TM) i3-1005G1 CPU @ 1.20GHz, 4 cores, 3G,  Windows 11 , 64 bit Build 26100 (10.0.26100.7705)
Time: Fri Feb 27 23:53:38 2026 Sri Lanka Standard Time elapsed time: 5.503292 seconds (0d 0h 0m 5s)

---------------  T H R E A D  ---------------

Current thread (0x000001baff6a7430):  JavaThread "C2 CompilerThread0" daemon [_thread_in_native, id=13840, stack(0x0000001613f00000,0x0000001614000000) (1024K)]


Current CompileTask:
C2:5503 2468       4       java.util.regex.Pattern$Start::match (90 bytes)

Stack: [0x0000001613f00000,0x0000001614000000]
Native frames: (J=compiled Java code, j=interpreted, Vv=VM code, C=native code)
V  [jvm.dll+0x730829]  (no source info available)
V  [jvm.dll+0x8d9da3]  (no source info available)
V  [jvm.dll+0x8dc28d]  (no source info available)
V  [jvm.dll+0x8dc903]  (no source info available)
V  [jvm.dll+0x2a9f56]  (no source info available)
V  [jvm.dll+0xced7f]  (no source info available)
V  [jvm.dll+0xcefdf]  (no source info available)
V  [jvm.dll+0x154c83]  (no source info available)
V  [jvm.dll+0x73604f]  (no source info available)
V  [jvm.dll+0x26f8dc]  (no source info available)
V  [jvm.dll+0x26e8ff]  (no source info available)
V  [jvm.dll+0x1e9c90]  (no source info available)
V  [jvm.dll+0x27e0cb]  (no source info available)
V  [jvm.dll+0x27c36a]  (no source info available)
V  [jvm.dll+0x42f396]  (no source info available)
V  [jvm.dll+0x87d9eb]  (no source info available)
V  [jvm.dll+0x72ef45]  (no source info available)
C  [ucrtbase.dll+0x37b0]  (no source info available)
C  [KERNEL32.DLL+0x2e8d7]  (no source info available)
C  [ntdll.dll+0x8c40c]  (no source info available)

Lock stack of current Java thread (top to bottom):


---------------  P R O C E S S  ---------------

Threads class SMR info:
_java_thread_list=0x000001bac60b3f70, length=17, elements={
0x000001bae457d660, 0x000001baff69fe10, 0x000001baff6a2b40, 0x000001baff6a3e20,
0x000001baff6a4a40, 0x000001baff6a5660, 0x000001baff6a6280, 0x000001baff6a7430,
0x000001baff6ac480, 0x000001bac5149e70, 0x000001bac561aef0, 0x000001bac561b630,
0x000001bac5e41d20, 0x000001bac5e9db60, 0x000001bac5e9b6d0, 0x000001bac5e9be20,
0x000001bac5e9ccc0
}

Java Threads: ( => current thread )
  0x000001bae457d660 JavaThread "main"                              [_thread_in_Java, id=6788, stack(0x0000001613100000,0x0000001613200000) (1024K)]
  0x000001baff69fe10 JavaThread "Reference Handler"          daemon [_thread_blocked, id=10760, stack(0x0000001613900000,0x0000001613a00000) (1024K)]
  0x000001baff6a2b40 JavaThread "Finalizer"                  daemon [_thread_blocked, id=15640, stack(0x0000001613a00000,0x0000001613b00000) (1024K)]
  0x000001baff6a3e20 JavaThread "Signal Dispatcher"          daemon [_thread_blocked, id=3332, stack(0x0000001613b00000,0x0000001613c00000) (1024K)]
  0x000001baff6a4a40 JavaThread "Attach Listener"            daemon [_thread_blocked, id=20408, stack(0x0000001613c00000,0x0000001613d00000) (1024K)]
  0x000001baff6a5660 JavaThread "Service Thread"             daemon [_thread_blocked, id=18488, stack(0x0000001613d00000,0x0000001613e00000) (1024K)]
  0x000001baff6a6280 JavaThread "Monitor Deflation Thread"   daemon [_thread_blocked, id=18004, stack(0x0000001613e00000,0x0000001613f00000) (1024K)]
=>0x000001baff6a7430 JavaThread "C2 CompilerThread0"         daemon [_thread_in_native, id=13840, stack(0x0000001613f00000,0x0000001614000000) (1024K)]
  0x000001baff6ac480 JavaThread "C1 CompilerThread0"         daemon [_thread_blocked, id=20376, stack(0x0000001614000000,0x0000001614100000) (1024K)]
  0x000001bac5149e70 JavaThread "Common-Cleaner"             daemon [_thread_blocked, id=20192, stack(0x0000001614100000,0x0000001614200000) (1024K)]
  0x000001bac561aef0 JavaThread "Monitor Ctrl-Break"         daemon [_thread_in_native, id=18664, stack(0x0000001614200000,0x0000001614300000) (1024K)]
  0x000001bac561b630 JavaThread "Notification Thread"        daemon [_thread_blocked, id=13388, stack(0x0000001614300000,0x0000001614400000) (1024K)]
  0x000001bac5e41d20 JavaThread "RMI TCP Accept-0"           daemon [_thread_in_native, id=19528, stack(0x0000001614400000,0x0000001614500000) (1024K)]
  0x000001bac5e9db60 JavaThread "RMI TCP Connection(1)-10.49.145.181" daemon [_thread_in_native, id=12708, stack(0x0000001614800000,0x0000001614900000) (1024K)]
  0x000001bac5e9b6d0 JavaThread "RMI Scheduler(0)"           daemon [_thread_blocked, id=19704, stack(0x0000001614900000,0x0000001614a00000) (1024K)]
  0x000001bac5e9be20 JavaThread "JMX server connection timeout 32" daemon [_thread_blocked, id=15148, stack(0x0000001614a00000,0x0000001614b00000) (1024K)]
  0x000001bac5e9ccc0 JavaThread "background-preinit"                [_thread_new, id=19264, stack(0x0000000000000000,0x0000000000000000) (0B)]
Total: 17

Other Threads:
  0x000001bae462df60 VMThread "VM Thread"                           [id=15908, stack(0x0000001613800000,0x0000001613900000) (1024K)]
  0x000001bae45732f0 WatcherThread "VM Periodic Task Thread"        [id=16092, stack(0x0000001613700000,0x0000001613800000) (1024K)]
  0x000001bae45b5a90 WorkerThread "GC Thread#0"                     [id=19780, stack(0x0000001613200000,0x0000001613300000) (1024K)]
  0x000001bae462d0a0 WorkerThread "GC Thread#1"                     [id=9012, stack(0x0000001614500000,0x0000001614600000) (1024K)]
  0x000001bae462d800 WorkerThread "GC Thread#2"                     [id=19300, stack(0x0000001614600000,0x0000001614700000) (1024K)]
  0x000001bac5ebd3d0 WorkerThread "GC Thread#3"                     [id=5392, stack(0x0000001614700000,0x0000001614800000) (1024K)]
  0x000001bae45c03d0 ConcurrentGCThread "G1 Main Marker"            [id=19144, stack(0x0000001613300000,0x0000001613400000) (1024K)]
  0x000001bae45c5240 WorkerThread "G1 Conc#0"                       [id=16216, stack(0x0000001613400000,0x0000001613500000) (1024K)]
  0x000001bae461e2e0 ConcurrentGCThread "G1 Refine#0"               [id=18644, stack(0x0000001613500000,0x0000001613600000) (1024K)]
  0x000001bae461ed00 ConcurrentGCThread "G1 Service"                [id=16400, stack(0x0000001613600000,0x0000001613700000) (1024K)]
Total: 10

Threads with active compile tasks:
C2 CompilerThread0  5741 2468       4       java.util.regex.Pattern$Start::match (90 bytes)
Total: 1

VM state: not at safepoint (normal execution)

VM Mutex/Monitor currently owned by a thread: None

Heap address: 0x00000000c3a00000, size: 966 MB, Compressed Oops mode: 32-bit

CDS archive(s) mapped at: [0x000001ba80000000-0x000001ba80d40000-0x000001ba80d40000), size 13893632, SharedBaseAddress: 0x000001ba80000000, ArchiveRelocationMode: 1.
Compressed class space mapped at: 0x000001ba81000000-0x000001bac1000000, reserved size: 1073741824
UseCompressedClassPointers 1, UseCompactObjectHeaders 0
Narrow klass pointer bits 32, Max shift 3
Narrow klass base: 0x000001ba80000000, Narrow klass shift: 0
Encoding Range: [0x000001ba80000000 - 0x000001bb80000000), (4294967296 bytes)
Klass Range:    [0x000001ba80000000 - 0x000001bac1000000), (1090519040 bytes)
Klass ID Range:  [8 - 1090519033) (1090519025)

GC Precious Log:
 CardTable entry size: 512
 Card Set container configuration: InlinePtr #cards 5 size 8 Array Of Cards #cards 10 size 36 Howl #buckets 4 coarsen threshold 1843 Howl Bitmap #cards 512 size 80 coarsen threshold 460 Card regions per heap region 1 cards per card region 2048
 CPUs: 4 total, 4 available
 Memory: 3863M
 Large Page Support: Disabled
 NUMA Support: Disabled
 Compressed Oops: Enabled (32-bit)
 Heap Region Size: 1M
 Heap Min Capacity: 8M
 Heap Initial Capacity: 62M
 Heap Max Capacity: 966M
 Pre-touch: Disabled
 Parallel Workers: 4
 Concurrent Workers: 1
 Concurrent Refinement Workers: 4
 Periodic GC: Disabled

Heap:
 garbage-first heap   total reserved 989184K, committed 65536K, used 15755K [0x00000000c3a00000, 0x0000000100000000)
  region size 1024K, 5 young (5120K), 2 survivors (2048K)
 Metaspace       used 14049K, committed 14400K, reserved 1114112K
  class space    used 1448K, committed 1600K, reserved 1048576K

Heap Regions: E=young(eden), S=young(survivor), O=old, HS=humongous(starts), HC=humongous(continues), CS=collection set, F=free, TAMS=top-at-mark-start, PB=parsable bottom
|   0|0x00000000c3a00000, 0x00000000c3b00000, 0x00000000c3b00000|100%|HS|  |TAMS 0x00000000c3a00000| PB 0x00000000c3a00000| Complete |  0
|   1|0x00000000c3b00000, 0x00000000c3c00000, 0x00000000c3c00000|100%|HS|  |TAMS 0x00000000c3b00000| PB 0x00000000c3b00000| Complete |  0
|   2|0x00000000c3c00000, 0x00000000c3d00000, 0x00000000c3d00000|100%| O|  |TAMS 0x00000000c3c00000| PB 0x00000000c3c00000| Untracked |  0
|   3|0x00000000c3d00000, 0x00000000c3e00000, 0x00000000c3e00000|100%| O|  |TAMS 0x00000000c3d00000| PB 0x00000000c3d00000| Untracked |  0
|   4|0x00000000c3e00000, 0x00000000c3f00000, 0x00000000c3f00000|100%| O|  |TAMS 0x00000000c3e00000| PB 0x00000000c3e00000| Untracked |  0
|   5|0x00000000c3f00000, 0x00000000c4000000, 0x00000000c4000000|100%| O|  |TAMS 0x00000000c3f00000| PB 0x00000000c3f00000| Untracked |  0
|   6|0x00000000c4000000, 0x00000000c4100000, 0x00000000c4100000|100%| O|  |TAMS 0x00000000c4000000| PB 0x00000000c4000000| Untracked |  0
|   7|0x00000000c4100000, 0x00000000c4200000, 0x00000000c4200000|100%| O|  |TAMS 0x00000000c4100000| PB 0x00000000c4100000| Untracked |  0
|   8|0x00000000c4200000, 0x00000000c4300000, 0x00000000c4300000|100%| O|  |TAMS 0x00000000c4200000| PB 0x00000000c4200000| Untracked |  0
|   9|0x00000000c4300000, 0x00000000c4400000, 0x00000000c4400000|100%| O|  |TAMS 0x00000000c4300000| PB 0x00000000c4300000| Untracked |  0
|  10|0x00000000c4400000, 0x00000000c446dc90, 0x00000000c4500000| 42%| O|  |TAMS 0x00000000c4400000| PB 0x00000000c4400000| Untracked |  0
|  11|0x00000000c4500000, 0x00000000c4500000, 0x00000000c4600000|  0%| F|  |TAMS 0x00000000c4500000| PB 0x00000000c4500000| Untracked |  0
|  12|0x00000000c4600000, 0x00000000c4600000, 0x00000000c4700000|  0%| F|  |TAMS 0x00000000c4600000| PB 0x00000000c4600000| Untracked |  0
|  13|0x00000000c4700000, 0x00000000c4700000, 0x00000000c4800000|  0%| F|  |TAMS 0x00000000c4700000| PB 0x00000000c4700000| Untracked |  0
|  14|0x00000000c4800000, 0x00000000c4800000, 0x00000000c4900000|  0%| F|  |TAMS 0x00000000c4800000| PB 0x00000000c4800000| Untracked |  0
|  15|0x00000000c4900000, 0x00000000c4900000, 0x00000000c4a00000|  0%| F|  |TAMS 0x00000000c4900000| PB 0x00000000c4900000| Untracked |  0
|  16|0x00000000c4a00000, 0x00000000c4a00000, 0x00000000c4b00000|  0%| F|  |TAMS 0x00000000c4a00000| PB 0x00000000c4a00000| Untracked |  0
|  17|0x00000000c4b00000, 0x00000000c4b00000, 0x00000000c4c00000|  0%| F|  |TAMS 0x00000000c4b00000| PB 0x00000000c4b00000| Untracked |  0
|  18|0x00000000c4c00000, 0x00000000c4c00000, 0x00000000c4d00000|  0%| F|  |TAMS 0x00000000c4c00000| PB 0x00000000c4c00000| Untracked |  0
|  19|0x00000000c4d00000, 0x00000000c4d00000, 0x00000000c4e00000|  0%| F|  |TAMS 0x00000000c4d00000| PB 0x00000000c4d00000| Untracked |  0
|  20|0x00000000c4e00000, 0x00000000c4e00000, 0x00000000c4f00000|  0%| F|  |TAMS 0x00000000c4e00000| PB 0x00000000c4e00000| Untracked |  0
|  21|0x00000000c4f00000, 0x00000000c4f00000, 0x00000000c5000000|  0%| F|  |TAMS 0x00000000c4f00000| PB 0x00000000c4f00000| Untracked |  0
|  22|0x00000000c5000000, 0x00000000c5000000, 0x00000000c5100000|  0%| F|  |TAMS 0x00000000c5000000| PB 0x00000000c5000000| Untracked |  0
|  23|0x00000000c5100000, 0x00000000c5100000, 0x00000000c5200000|  0%| F|  |TAMS 0x00000000c5100000| PB 0x00000000c5100000| Untracked |  0
|  24|0x00000000c5200000, 0x00000000c5200000, 0x00000000c5300000|  0%| F|  |TAMS 0x00000000c5200000| PB 0x00000000c5200000| Untracked |  0
|  25|0x00000000c5300000, 0x00000000c5300000, 0x00000000c5400000|  0%| F|  |TAMS 0x00000000c5300000| PB 0x00000000c5300000| Untracked |  0
|  26|0x00000000c5400000, 0x00000000c5400000, 0x00000000c5500000|  0%| F|  |TAMS 0x00000000c5400000| PB 0x00000000c5400000| Untracked |  0
|  27|0x00000000c5500000, 0x00000000c5500000, 0x00000000c5600000|  0%| F|  |TAMS 0x00000000c5500000| PB 0x00000000c5500000| Untracked |  0
|  28|0x00000000c5600000, 0x00000000c5600000, 0x00000000c5700000|  0%| F|  |TAMS 0x00000000c5600000| PB 0x00000000c5600000| Untracked |  0
|  29|0x00000000c5700000, 0x00000000c5700000, 0x00000000c5800000|  0%| F|  |TAMS 0x00000000c5700000| PB 0x00000000c5700000| Untracked |  0
|  30|0x00000000c5800000, 0x00000000c5800000, 0x00000000c5900000|  0%| F|  |TAMS 0x00000000c5800000| PB 0x00000000c5800000| Untracked |  0
|  31|0x00000000c5900000, 0x00000000c5900000, 0x00000000c5a00000|  0%| F|  |TAMS 0x00000000c5900000| PB 0x00000000c5900000| Untracked |  0
|  32|0x00000000c5a00000, 0x00000000c5a00000, 0x00000000c5b00000|  0%| F|  |TAMS 0x00000000c5a00000| PB 0x00000000c5a00000| Untracked |  0
|  33|0x00000000c5b00000, 0x00000000c5b00000, 0x00000000c5c00000|  0%| F|  |TAMS 0x00000000c5b00000| PB 0x00000000c5b00000| Untracked |  0
|  34|0x00000000c5c00000, 0x00000000c5c00000, 0x00000000c5d00000|  0%| F|  |TAMS 0x00000000c5c00000| PB 0x00000000c5c00000| Untracked |  0
|  35|0x00000000c5d00000, 0x00000000c5d00000, 0x00000000c5e00000|  0%| F|  |TAMS 0x00000000c5d00000| PB 0x00000000c5d00000| Untracked |  0
|  36|0x00000000c5e00000, 0x00000000c5e00000, 0x00000000c5f00000|  0%| F|  |TAMS 0x00000000c5e00000| PB 0x00000000c5e00000| Untracked |  0
|  37|0x00000000c5f00000, 0x00000000c5f00000, 0x00000000c6000000|  0%| F|  |TAMS 0x00000000c5f00000| PB 0x00000000c5f00000| Untracked |  0
|  38|0x00000000c6000000, 0x00000000c60d7da8, 0x00000000c6100000| 84%| S|CS|TAMS 0x00000000c6000000| PB 0x00000000c6000000| Complete |  0
|  39|0x00000000c6100000, 0x00000000c6200000, 0x00000000c6200000|100%| S|CS|TAMS 0x00000000c6100000| PB 0x00000000c6100000| Complete |  0
|  40|0x00000000c6200000, 0x00000000c6200000, 0x00000000c6300000|  0%| F|  |TAMS 0x00000000c6200000| PB 0x00000000c6200000| Untracked |  0
|  41|0x00000000c6300000, 0x00000000c6300000, 0x00000000c6400000|  0%| F|  |TAMS 0x00000000c6300000| PB 0x00000000c6300000| Untracked |  0
|  42|0x00000000c6400000, 0x00000000c6400000, 0x00000000c6500000|  0%| F|  |TAMS 0x00000000c6400000| PB 0x00000000c6400000| Untracked |  0
|  43|0x00000000c6500000, 0x00000000c6500000, 0x00000000c6600000|  0%| F|  |TAMS 0x00000000c6500000| PB 0x00000000c6500000| Untracked |  0
|  44|0x00000000c6600000, 0x00000000c6600000, 0x00000000c6700000|  0%| F|  |TAMS 0x00000000c6600000| PB 0x00000000c6600000| Untracked |  0
|  45|0x00000000c6700000, 0x00000000c6700000, 0x00000000c6800000|  0%| F|  |TAMS 0x00000000c6700000| PB 0x00000000c6700000| Untracked |  0
|  46|0x00000000c6800000, 0x00000000c6800000, 0x00000000c6900000|  0%| F|  |TAMS 0x00000000c6800000| PB 0x00000000c6800000| Untracked |  0
|  47|0x00000000c6900000, 0x00000000c6900000, 0x00000000c6a00000|  0%| F|  |TAMS 0x00000000c6900000| PB 0x00000000c6900000| Untracked |  0
|  48|0x00000000c6a00000, 0x00000000c6a00000, 0x00000000c6b00000|  0%| F|  |TAMS 0x00000000c6a00000| PB 0x00000000c6a00000| Untracked |  0
|  49|0x00000000c6b00000, 0x00000000c6b00000, 0x00000000c6c00000|  0%| F|  |TAMS 0x00000000c6b00000| PB 0x00000000c6b00000| Untracked |  0
|  50|0x00000000c6c00000, 0x00000000c6c00000, 0x00000000c6d00000|  0%| F|  |TAMS 0x00000000c6c00000| PB 0x00000000c6c00000| Untracked |  0
|  51|0x00000000c6d00000, 0x00000000c6d00000, 0x00000000c6e00000|  0%| F|  |TAMS 0x00000000c6d00000| PB 0x00000000c6d00000| Untracked |  0
|  52|0x00000000c6e00000, 0x00000000c6e00000, 0x00000000c6f00000|  0%| F|  |TAMS 0x00000000c6e00000| PB 0x00000000c6e00000| Untracked |  0
|  53|0x00000000c6f00000, 0x00000000c6f00000, 0x00000000c7000000|  0%| F|  |TAMS 0x00000000c6f00000| PB 0x00000000c6f00000| Untracked |  0
|  54|0x00000000c7000000, 0x00000000c7000000, 0x00000000c7100000|  0%| F|  |TAMS 0x00000000c7000000| PB 0x00000000c7000000| Untracked |  0
|  55|0x00000000c7100000, 0x00000000c7100000, 0x00000000c7200000|  0%| F|  |TAMS 0x00000000c7100000| PB 0x00000000c7100000| Untracked |  0
|  56|0x00000000c7200000, 0x00000000c7200000, 0x00000000c7300000|  0%| F|  |TAMS 0x00000000c7200000| PB 0x00000000c7200000| Untracked |  0
|  57|0x00000000c7300000, 0x00000000c7300000, 0x00000000c7400000|  0%| F|  |TAMS 0x00000000c7300000| PB 0x00000000c7300000| Untracked |  0
|  58|0x00000000c7400000, 0x00000000c7400000, 0x00000000c7500000|  0%| F|  |TAMS 0x00000000c7400000| PB 0x00000000c7400000| Untracked |  0
|  59|0x00000000c7500000, 0x00000000c7564d98, 0x00000000c7600000| 39%| E|  |TAMS 0x00000000c7500000| PB 0x00000000c7500000| Complete |  0
|  60|0x00000000c7600000, 0x00000000c7700000, 0x00000000c7700000|100%| E|CS|TAMS 0x00000000c7600000| PB 0x00000000c7600000| Complete |  0
|  61|0x00000000c7700000, 0x00000000c7800000, 0x00000000c7800000|100%| E|CS|TAMS 0x00000000c7700000| PB 0x00000000c7700000| Complete |  0
| 964|0x00000000ffe00000, 0x00000000fff00000, 0x00000000fff00000|100%| O|  |TAMS 0x00000000ffe00000| PB 0x00000000ffe00000| Untracked |  0
| 965|0x00000000fff00000, 0x00000000fff1d248, 0x0000000100000000| 11%| O|  |TAMS 0x00000000fff00000| PB 0x00000000fff00000| Untracked |  0

Card table byte_map: [0x000001bafc000000,0x000001bafc1f0000] _byte_map_base: 0x000001bafb9e3000

Marking Bits: (CMBitMap*) 0x000001bae45b61a0
 Bits: [0x000001bafc1f0000, 0x000001bafd108000)

Polling page: 0x000001bae3d40000

Metaspace:

Usage:
  Non-class:     12.31 MB used.
      Class:      1.42 MB used.
       Both:     13.72 MB used.

Virtual space:
  Non-class space:       64.00 MB reserved,      12.50 MB ( 20%) committed,  1 nodes.
      Class space:        1.00 GB reserved,       1.56 MB ( <1%) committed,  1 nodes.
             Both:        1.06 GB reserved,      14.06 MB (  1%) committed. 

Chunk freelists:
   Non-Class:  3.02 MB
       Class:  14.29 MB
        Both:  17.31 MB

MaxMetaspaceSize: unlimited
CompressedClassSpaceSize: 1.00 GB
Initial GC threshold: 21.00 MB
Current GC threshold: 21.00 MB
CDS: on
 - commit_granule_bytes: 65536.
 - commit_granule_words: 8192.
 - virtual_space_node_default_size: 8388608.
 - enlarge_chunks_in_place: 1.
UseCompressedClassPointers 1, UseCompactObjectHeaders 0
Narrow klass pointer bits 32, Max shift 3
Narrow klass base: 0x000001ba80000000, Narrow klass shift: 0
Encoding Range: [0x000001ba80000000 - 0x000001bb80000000), (4294967296 bytes)
Klass Range:    [0x000001ba80000000 - 0x000001bac1000000), (1090519040 bytes)
Klass ID Range:  [8 - 1090519033) (1090519025)


Internal statistics:

num_allocs_failed_limit: 0.
num_arena_births: 320.
num_arena_deaths: 0.
num_vsnodes_births: 2.
num_vsnodes_deaths: 0.
num_space_committed: 225.
num_space_uncommitted: 0.
num_chunks_returned_to_freelist: 0.
num_chunks_taken_from_freelist: 689.
num_chunk_merges: 0.
num_chunk_splits: 411.
num_chunks_enlarged: 264.
num_inconsistent_stats: 0.

CodeHeap 'non-profiled nmethods': size=120064Kb used=787Kb max_used=787Kb free=119276Kb
 bounds [0x000001baf48d0000, 0x000001baf4b40000, 0x000001bafbe10000]
CodeHeap 'profiled nmethods': size=120000Kb used=4355Kb max_used=4355Kb free=115644Kb
 bounds [0x000001baece10000, 0x000001baed260000, 0x000001baf4340000]
CodeHeap 'non-nmethods': size=5696Kb used=1488Kb max_used=1534Kb free=4207Kb
 bounds [0x000001baf4340000, 0x000001baf45b0000, 0x000001baf48d0000]
CodeCache: size=245760Kb, used=6630Kb, max_used=6676Kb, free=239127Kb
 total_blobs=3115, nmethods=2590, adapters=429, full_count=0
Compilation: enabled, stopped_count=0, restarted_count=0

Compilation events (20 events):
Event: 5.391 Thread 0x000001baff6ac480 2484       1       sun.util.locale.LanguageTag::getLanguage (5 bytes)
Event: 5.391 Thread 0x000001baff6ac480 nmethod 2484 0x000001baf4992788 code [0x000001baf4992880, 0x000001baf4992948]
Event: 5.391 Thread 0x000001baff6ac480 2485       1       sun.util.locale.LanguageTag::getScript (5 bytes)
Event: 5.391 Thread 0x000001baff6ac480 nmethod 2485 0x000001baf4992a88 code [0x000001baf4992b80, 0x000001baf4992c48]
Event: 5.391 Thread 0x000001baff6ac480 2486       1       sun.util.locale.LanguageTag::getRegion (5 bytes)
Event: 5.391 Thread 0x000001baff6ac480 nmethod 2486 0x000001baf4992d88 code [0x000001baf4992e80, 0x000001baf4992f48]
Event: 5.391 Thread 0x000001baff6ac480 2487       1       sun.util.locale.LanguageTag::getPrivateuse (5 bytes)
Event: 5.391 Thread 0x000001baff6ac480 nmethod 2487 0x000001baf4993088 code [0x000001baf4993180, 0x000001baf4993248]
Event: 5.391 Thread 0x000001baff6ac480 2488       3       sun.util.locale.LocaleUtils::toLowerString (95 bytes)
Event: 5.393 Thread 0x000001baff6ac480 nmethod 2488 0x000001baed205788 code [0x000001baed2059e0, 0x000001baed206d30]
Event: 5.393 Thread 0x000001baff6ac480 2489       3       sun.util.locale.LocaleUtils::isAlphaString (33 bytes)
Event: 5.393 Thread 0x000001baff6ac480 nmethod 2489 0x000001baed206e08 code [0x000001baed206fc0, 0x000001baed207a28]
Event: 5.393 Thread 0x000001baff6ac480 2490       3       sun.util.locale.StringTokenIterator::nextDelimiter (116 bytes)
Event: 5.490 Thread 0x000001baff6ac480 nmethod 2490 0x000001baed207b08 code [0x000001baed207da0, 0x000001baed2095d8]
Event: 5.490 Thread 0x000001baff6ac480 2495       3       sun.util.locale.InternalLocaleBuilder::clearExtensions (50 bytes)
Event: 5.491 Thread 0x000001baff6ac480 nmethod 2495 0x000001baed209688 code [0x000001baed2097e0, 0x000001baed209bf0]
Event: 5.491 Thread 0x000001baff6ac480 2491       3       sun.util.locale.StringTokenIterator::next (74 bytes)
Event: 5.491 Thread 0x000001baff6ac480 nmethod 2491 0x000001baed209c08 code [0x000001baed209d60, 0x000001baed20a318]
Event: 5.491 Thread 0x000001baff6ac480 2492       3       sun.util.locale.StringTokenIterator::hasNext (20 bytes)
Event: 5.491 Thread 0x000001baff6ac480 nmethod 2492 0x000001baed20a388 code [0x000001baed20a4c0, 0x000001baed20a810]

GC Heap History (4 events):
Event: 3.351 GC heap before
{Heap before GC invocations=0 (full 0):
 garbage-first heap   total reserved 989184K, committed 65536K, used 31860K [0x00000000c3a00000, 0x0000000100000000)
  region size 1024K, 28 young (28672K), 0 survivors (0K)
 Metaspace       used 8802K, committed 8960K, reserved 1114112K
  class space    used 748K, committed 832K, reserved 1048576K
}
Event: 3.369 GC heap after
{Heap after GC invocations=1 (full 0):
 garbage-first heap   total reserved 989184K, committed 65536K, used 11324K [0x00000000c3a00000, 0x0000000100000000)
  region size 1024K, 4 young (4096K), 4 survivors (4096K)
 Metaspace       used 8802K, committed 8960K, reserved 1114112K
  class space    used 748K, committed 832K, reserved 1048576K
}
Event: 5.348 GC heap before
{Heap before GC invocations=1 (full 0):
 garbage-first heap   total reserved 989184K, committed 65536K, used 32828K [0x00000000c3a00000, 0x0000000100000000)
  region size 1024K, 26 young (26624K), 4 survivors (4096K)
 Metaspace       used 13749K, committed 14080K, reserved 1114112K
  class space    used 1412K, committed 1536K, reserved 1048576K
}
Event: 5.359 GC heap after
{Heap after GC invocations=2 (full 0):
 garbage-first heap   total reserved 989184K, committed 65536K, used 13707K [0x00000000c3a00000, 0x0000000100000000)
  region size 1024K, 2 young (2048K), 2 survivors (2048K)
 Metaspace       used 13749K, committed 14080K, reserved 1114112K
  class space    used 1412K, committed 1536K, reserved 1048576K
}

Dll operation events (11 events):
Event: 0.025 Loaded shared library C:\Program Files\Java\jdk-24\bin\java.dll
Event: 0.064 Loaded shared library C:\Program Files\Java\jdk-24\bin\jsvml.dll
Event: 0.486 Loaded shared library C:\Program Files\Java\jdk-24\bin\zip.dll
Event: 0.494 Loaded shared library C:\Program Files\Java\jdk-24\bin\instrument.dll
Event: 0.503 Loaded shared library C:\Program Files\Java\jdk-24\bin\net.dll
Event: 0.507 Loaded shared library C:\Program Files\Java\jdk-24\bin\nio.dll
Event: 0.511 Loaded shared library C:\Program Files\Java\jdk-24\bin\zip.dll
Event: 0.941 Loaded shared library C:\Program Files\Java\jdk-24\bin\extnet.dll
Event: 1.003 Loaded shared library C:\Program Files\Java\jdk-24\bin\jimage.dll
Event: 2.157 Loaded shared library C:\Program Files\Java\jdk-24\bin\management.dll
Event: 2.177 Loaded shared library C:\Program Files\Java\jdk-24\bin\management_ext.dll

Deoptimization events (20 events):
Event: 5.359 Thread 0x000001bae457d660 DEOPT PACKING pc=0x000001baf4931258 sp=0x00000016131fd620
Event: 5.359 Thread 0x000001bae457d660 DEOPT UNPACKING pc=0x000001baf4465502 sp=0x00000016131fd598 mode 2
Event: 5.369 Thread 0x000001bae457d660 DEOPT PACKING pc=0x000001baecff9694 sp=0x00000016131fdbc0
Event: 5.369 Thread 0x000001bae457d660 DEOPT UNPACKING pc=0x000001baf4396642 sp=0x00000016131fd0a8 mode 0
Event: 5.371 Thread 0x000001bae457d660 Uncommon trap: trap_request=0xffffff66 fr.pc=0x000001baf4990a0c relative=0x00000000000003cc
Event: 5.371 Thread 0x000001bae457d660 Uncommon trap: reason=speculate_class_check action=maybe_recompile pc=0x000001baf4990a0c method=java.lang.String.<init>(Ljava/lang/AbstractStringBuilder;Ljava/lang/Void;)V @ 10 c2
Event: 5.371 Thread 0x000001bae457d660 DEOPT PACKING pc=0x000001baf4990a0c sp=0x00000016131fe430
Event: 5.371 Thread 0x000001bae457d660 DEOPT UNPACKING pc=0x000001baf4465502 sp=0x00000016131fe400 mode 2
Event: 5.372 Thread 0x000001bae457d660 Uncommon trap: trap_request=0xffffff66 fr.pc=0x000001baf4990a0c relative=0x00000000000003cc
Event: 5.372 Thread 0x000001bae457d660 Uncommon trap: reason=speculate_class_check action=maybe_recompile pc=0x000001baf4990a0c method=java.lang.String.<init>(Ljava/lang/AbstractStringBuilder;Ljava/lang/Void;)V @ 10 c2
Event: 5.372 Thread 0x000001bae457d660 DEOPT PACKING pc=0x000001baf4990a0c sp=0x00000016131fe430
Event: 5.372 Thread 0x000001bae457d660 DEOPT UNPACKING pc=0x000001baf4465502 sp=0x00000016131fe400 mode 2
Event: 5.372 Thread 0x000001bae457d660 Uncommon trap: trap_request=0xffffff66 fr.pc=0x000001baf4990a0c relative=0x00000000000003cc
Event: 5.372 Thread 0x000001bae457d660 Uncommon trap: reason=speculate_class_check action=maybe_recompile pc=0x000001baf4990a0c method=java.lang.String.<init>(Ljava/lang/AbstractStringBuilder;Ljava/lang/Void;)V @ 10 c2
Event: 5.372 Thread 0x000001bae457d660 DEOPT PACKING pc=0x000001baf4990a0c sp=0x00000016131fe430
Event: 5.372 Thread 0x000001bae457d660 DEOPT UNPACKING pc=0x000001baf4465502 sp=0x00000016131fe400 mode 2
Event: 5.372 Thread 0x000001bae457d660 Uncommon trap: trap_request=0xffffff66 fr.pc=0x000001baf4990a0c relative=0x00000000000003cc
Event: 5.372 Thread 0x000001bae457d660 Uncommon trap: reason=speculate_class_check action=maybe_recompile pc=0x000001baf4990a0c method=java.lang.String.<init>(Ljava/lang/AbstractStringBuilder;Ljava/lang/Void;)V @ 10 c2
Event: 5.372 Thread 0x000001bae457d660 DEOPT PACKING pc=0x000001baf4990a0c sp=0x00000016131fe430
Event: 5.372 Thread 0x000001bae457d660 DEOPT UNPACKING pc=0x000001baf4465502 sp=0x00000016131fe400 mode 2

Classes loaded (20 events):
Event: 5.076 Loading class jdk/internal/io/JdkConsoleImpl$2
Event: 5.076 Loading class java/io/PrintWriter
Event: 5.077 Loading class java/io/PrintWriter done
Event: 5.077 Loading class jdk/internal/io/JdkConsoleImpl$2 done
Event: 5.077 Loading class jdk/internal/io/JdkConsoleImpl$LineReader
Event: 5.077 Loading class jdk/internal/io/JdkConsoleImpl$LineReader done
Event: 5.077 Loading class java/io/ProxyingConsole
Event: 5.078 Loading class java/io/ProxyingConsole done
Event: 5.078 Loading class java/io/Console$1
Event: 5.078 Loading class jdk/internal/access/JavaIOAccess
Event: 5.078 Loading class jdk/internal/access/JavaIOAccess done
Event: 5.078 Loading class java/io/Console$1 done
Event: 5.125 Loading class java/util/concurrent/Executors$DefaultThreadFactory
Event: 5.125 Loading class java/util/concurrent/Executors$DefaultThreadFactory done
Event: 5.158 Loading class java/util/Collections$UnmodifiableMap$UnmodifiableEntrySet$UnmodifiableEntrySetSpliterator
Event: 5.169 Loading class java/util/Collections$UnmodifiableMap$UnmodifiableEntrySet$UnmodifiableEntrySetSpliterator done
Event: 5.204 Loading class java/util/Stack
Event: 5.205 Loading class java/util/Stack done
Event: 5.206 Loading class java/util/Vector$Itr
Event: 5.206 Loading class java/util/Vector$Itr done

Classes unloaded (0 events):
No events

Classes redefined (0 events):
No events

Internal exceptions (20 events):
Event: 4.428 Thread 0x000001bae457d660 Exception <a 'java/lang/NoSuchMethodError'{0x00000000c6c38cf8}: 'java.lang.Object java.lang.invoke.DirectMethodHandle$Holder.invokeSpecial(java.lang.Object, java.lang.Object, java.lang.Object, java.lang.Object, java.lang.Object, java.lang.Object, java.lang.Object, int)'> (0x00000000c6c38cf8) 
thrown [s\open\src\hotspot\share\interpreter\linkResolver.cpp, line 805]
Event: 4.605 Thread 0x000001bae457d660 Exception <a 'java/lang/NoSuchMethodError'{0x00000000c6ba7dd8}: 'void java.lang.invoke.DirectMethodHandle$Holder.invokeSpecial(java.lang.Object, java.lang.Object, java.lang.Object, java.lang.Object, java.lang.Object)'> (0x00000000c6ba7dd8) 
thrown [s\open\src\hotspot\share\interpreter\linkResolver.cpp, line 805]
Event: 4.630 Thread 0x000001bae457d660 Exception <a 'java/lang/NoSuchMethodError'{0x00000000c6bec020}: 'int java.lang.invoke.DirectMethodHandle$Holder.invokeVirtual(java.lang.Object, java.lang.Object)'> (0x00000000c6bec020) 
thrown [s\open\src\hotspot\share\interpreter\linkResolver.cpp, line 805]
Event: 4.653 Thread 0x000001bae457d660 Exception <a 'java/lang/NoSuchMethodError'{0x00000000c6a3e620}: 'java.lang.Object java.lang.invoke.DirectMethodHandle$Holder.invokeStaticInit(java.lang.Object, java.lang.Object, java.lang.Object, java.lang.Object, java.lang.Object, java.lang.Object, java.lang.Object)'> (0x00000000c6a3e620) 
thrown [s\open\src\hotspot\share\interpreter\linkResolver.cpp, line 805]
Event: 4.658 Thread 0x000001bae457d660 Exception <a 'java/lang/NoSuchMethodError'{0x00000000c6a59a28}: 'int java.lang.invoke.DirectMethodHandle$Holder.invokeStaticInit(java.lang.Object, int, int)'> (0x00000000c6a59a28) 
thrown [s\open\src\hotspot\share\interpreter\linkResolver.cpp, line 805]
Event: 4.659 Thread 0x000001bae457d660 Exception <a 'java/lang/NoSuchMethodError'{0x00000000c6a6a290}: 'int java.lang.invoke.DirectMethodHandle$Holder.invokeStaticInit(java.lang.Object, long, long)'> (0x00000000c6a6a290) 
thrown [s\open\src\hotspot\share\interpreter\linkResolver.cpp, line 805]
Event: 4.664 Thread 0x000001bae457d660 Exception <a 'java/lang/NoSuchMethodError'{0x00000000c6a7a288}: 'int java.lang.invoke.DirectMethodHandle$Holder.invokeStaticInit(java.lang.Object, float, float)'> (0x00000000c6a7a288) 
thrown [s\open\src\hotspot\share\interpreter\linkResolver.cpp, line 805]
Event: 4.668 Thread 0x000001bae457d660 Exception <a 'java/lang/NoSuchMethodError'{0x00000000c6a8a278}: 'int java.lang.invoke.DirectMethodHandle$Holder.invokeStaticInit(java.lang.Object, double, double)'> (0x00000000c6a8a278) 
thrown [s\open\src\hotspot\share\interpreter\linkResolver.cpp, line 805]
Event: 4.669 Thread 0x000001bae457d660 Exception <a 'java/lang/NoSuchMethodError'{0x00000000c6a92f38}: 'int java.lang.invoke.DirectMethodHandle$Holder.invokeStatic(java.lang.Object, long)'> (0x00000000c6a92f38) 
thrown [s\open\src\hotspot\share\interpreter\linkResolver.cpp, line 805]
Event: 4.673 Thread 0x000001bae457d660 Exception <a 'java/lang/NoSuchMethodError'{0x00000000c6aab8a8}: 'java.lang.Object java.lang.invoke.DirectMethodHandle$Holder.invokeStatic(java.lang.Object, long)'> (0x00000000c6aab8a8) 
thrown [s\open\src\hotspot\share\interpreter\linkResolver.cpp, line 805]
Event: 4.675 Thread 0x000001bae457d660 Exception <a 'java/lang/NoSuchMethodError'{0x00000000c6ab3e80}: 'java.lang.Object java.lang.invoke.DirectMethodHandle$Holder.invokeStatic(java.lang.Object, float)'> (0x00000000c6ab3e80) 
thrown [s\open\src\hotspot\share\interpreter\linkResolver.cpp, line 805]
Event: 4.684 Thread 0x000001bae457d660 Exception <a 'java/lang/NoSuchMethodError'{0x00000000c6af53f0}: 'int java.lang.invoke.Invokers$Holder.linkToTargetMethod(java.lang.Object, java.lang.Object)'> (0x00000000c6af53f0) 
thrown [s\open\src\hotspot\share\interpreter\linkResolver.cpp, line 805]
Event: 4.734 Thread 0x000001bae457d660 Exception <a 'java/lang/NoSuchMethodError'{0x00000000c6997ec0}: 'java.lang.Object java.lang.invoke.DirectMethodHandle$Holder.newInvokeSpecial(java.lang.Object, java.lang.Object, java.lang.Object, int, java.lang.Object)'> (0x00000000c6997ec0) 
thrown [s\open\src\hotspot\share\interpreter\linkResolver.cpp, line 805]
Event: 4.736 Thread 0x000001bae457d660 Exception <a 'java/lang/NoSuchMethodError'{0x00000000c69a8588}: 'java.lang.Object java.lang.invoke.Invokers$Holder.linkToTargetMethod(java.lang.Object, java.lang.Object, int, java.lang.Object, java.lang.Object)'> (0x00000000c69a8588) 
thrown [s\open\src\hotspot\share\interpreter\linkResolver.cpp, line 805]
Event: 4.740 Thread 0x000001bae457d660 Exception <a 'java/lang/NoSuchMethodError'{0x00000000c69c3d20}: 'java.lang.Object java.lang.invoke.DirectMethodHandle$Holder.newInvokeSpecial(java.lang.Object, int, java.lang.Object)'> (0x00000000c69c3d20) 
thrown [s\open\src\hotspot\share\interpreter\linkResolver.cpp, line 805]
Event: 4.747 Thread 0x000001bae457d660 Exception <a 'java/lang/NoSuchMethodError'{0x00000000c69cd9d0}: 'int java.lang.invoke.DirectMethodHandle$Holder.invokeSpecialIFC(java.lang.Object, java.lang.Object, java.lang.Object, java.lang.Object)'> (0x00000000c69cd9d0) 
thrown [s\open\src\hotspot\share\interpreter\linkResolver.cpp, line 805]
Event: 4.944 Thread 0x000001bae457d660 Exception <a 'java/lang/NoSuchMethodError'{0x00000000c67835c0}: 'void java.lang.invoke.DirectMethodHandle$Holder.invokeInterface(java.lang.Object, java.lang.Object, java.lang.Object)'> (0x00000000c67835c0) 
thrown [s\open\src\hotspot\share\interpreter\linkResolver.cpp, line 805]
Event: 5.050 Thread 0x000001bae457d660 Exception <a 'java/lang/NoSuchMethodError'{0x00000000c6629fc0}: 'void java.lang.invoke.DirectMethodHandle$Holder.invokeStaticInit(java.lang.Object, java.lang.Object, java.lang.Object)'> (0x00000000c6629fc0) 
thrown [s\open\src\hotspot\share\interpreter\linkResolver.cpp, line 805]
Event: 5.085 Thread 0x000001bae457d660 Exception <a 'java/lang/NoSuchMethodError'{0x00000000c66afa98}: 'java.lang.Object java.lang.invoke.DirectMethodHandle$Holder.invokeVirtual(java.lang.Object, java.lang.Object, java.lang.Object)'> (0x00000000c66afa98) 
thrown [s\open\src\hotspot\share\interpreter\linkResolver.cpp, line 805]
Event: 5.137 Thread 0x000001bae457d660 Exception <a 'java/lang/NoSuchMethodError'{0x00000000c6550df8}: 'void java.lang.invoke.DirectMethodHandle$Holder.invokeVirtual(java.lang.Object, java.lang.Object, java.lang.Object, java.lang.Object)'> (0x00000000c6550df8) 
thrown [s\open\src\hotspot\share\interpreter\linkResolver.cpp, line 805]

VM Operations (20 events):
Event: 2.193 Executing VM operation: HandshakeAllThreads (Deoptimize)
Event: 2.193 Executing VM operation: HandshakeAllThreads (Deoptimize) done
Event: 2.329 Executing VM operation: HandshakeAllThreads (Deoptimize)
Event: 2.329 Executing VM operation: HandshakeAllThreads (Deoptimize) done
Event: 2.516 Executing VM operation: HandshakeAllThreads (Deoptimize)
Event: 2.516 Executing VM operation: HandshakeAllThreads (Deoptimize) done
Event: 3.285 Executing VM operation: HandshakeAllThreads (Deoptimize)
Event: 3.286 Executing VM operation: HandshakeAllThreads (Deoptimize) done
Event: 3.308 Executing VM operation: G1CollectForAllocation (G1 Evacuation Pause)
Event: 3.369 Executing VM operation: G1CollectForAllocation (G1 Evacuation Pause) done
Event: 4.054 Executing VM operation: HandshakeAllThreads (Deoptimize)
Event: 4.057 Executing VM operation: HandshakeAllThreads (Deoptimize) done
Event: 5.316 Executing VM operation: HandshakeAllThreads (Deoptimize)
Event: 5.316 Executing VM operation: HandshakeAllThreads (Deoptimize) done
Event: 5.322 Executing VM operation: HandshakeAllThreads (Deoptimize)
Event: 5.322 Executing VM operation: HandshakeAllThreads (Deoptimize) done
Event: 5.323 Executing VM operation: HandshakeAllThreads (Deoptimize)
Event: 5.323 Executing VM operation: HandshakeAllThreads (Deoptimize) done
Event: 5.348 Executing VM operation: G1CollectForAllocation (G1 Evacuation Pause)
Event: 5.359 Executing VM operation: G1CollectForAllocation (G1 Evacuation Pause) done

Memory protections (0 events):
No events

Nmethod flushes (0 events):
No events

Events (16 events):
Event: 0.046 Thread 0x000001bae457d660 Thread added: 0x000001bae457d660
Event: 0.061 Thread 0x000001bae457d660 Thread added: 0x000001baff69fe10
Event: 0.061 Thread 0x000001bae457d660 Thread added: 0x000001baff6a2b40
Event: 0.061 Thread 0x000001bae457d660 Thread added: 0x000001baff6a3e20
Event: 0.061 Thread 0x000001bae457d660 Thread added: 0x000001baff6a4a40
Event: 0.061 Thread 0x000001bae457d660 Thread added: 0x000001baff6a5660
Event: 0.061 Thread 0x000001bae457d660 Thread added: 0x000001baff6a6280
Event: 0.062 Thread 0x000001bae457d660 Thread added: 0x000001baff6a7430
Event: 0.062 Thread 0x000001bae457d660 Thread added: 0x000001baff6ac480
Event: 0.501 Thread 0x000001bae457d660 Thread added: 0x000001bac5149e70
Event: 0.920 Thread 0x000001bae457d660 Thread added: 0x000001bac561aef0
Event: 0.920 Thread 0x000001bae457d660 Thread added: 0x000001bac561b630
Event: 3.301 Thread 0x000001baff6a4a40 Thread added: 0x000001bac5e41d20
Event: 3.930 Thread 0x000001bac5e41d20 Thread added: 0x000001bac5e9db60
Event: 4.032 Thread 0x000001bac5e9db60 Thread added: 0x000001bac5e9b6d0
Event: 4.051 Thread 0x000001bac5e9db60 Thread added: 0x000001bac5e9be20


Dynamic libraries:
0x00007ff6b48a0000 - 0x00007ff6b48b0000 	C:\Program Files\Java\jdk-24\bin\java.exe
0x00007ffd6a2a0000 - 0x00007ffd6a508000 	C:\WINDOWS\SYSTEM32\ntdll.dll
0x00007ffd68690000 - 0x00007ffd68759000 	C:\WINDOWS\System32\KERNEL32.DLL
0x00007ffd67420000 - 0x00007ffd67811000 	C:\WINDOWS\System32\KERNELBASE.dll
0x00007ffd67820000 - 0x00007ffd6796b000 	C:\WINDOWS\System32\ucrtbase.dll
0x00007ffd49910000 - 0x00007ffd4992b000 	C:\Program Files\Java\jdk-24\bin\VCRUNTIME140.dll
0x00007ffd49bf0000 - 0x00007ffd49c06000 	C:\Program Files\Java\jdk-24\bin\jli.dll
0x00007ffd699d0000 - 0x00007ffd69b96000 	C:\WINDOWS\System32\USER32.dll
0x00007ffd546e0000 - 0x00007ffd54973000 	C:\WINDOWS\WinSxS\amd64_microsoft.windows.common-controls_6595b64144ccf1df_6.0.26100.7824_none_3e0870b2e3345462\COMCTL32.dll
0x00007ffd66b80000 - 0x00007ffd66ba7000 	C:\WINDOWS\System32\win32u.dll
0x00007ffd68f40000 - 0x00007ffd68fe9000 	C:\WINDOWS\System32\msvcrt.dll
0x00007ffd68060000 - 0x00007ffd6808b000 	C:\WINDOWS\System32\GDI32.dll
0x00007ffd67970000 - 0x00007ffd67a9b000 	C:\WINDOWS\System32\gdi32full.dll
0x00007ffd67c10000 - 0x00007ffd67cb3000 	C:\WINDOWS\System32\msvcp_win.dll
0x00007ffd68090000 - 0x00007ffd680c1000 	C:\WINDOWS\System32\IMM32.DLL
0x00007ffd5b440000 - 0x00007ffd5b44c000 	C:\Program Files\Java\jdk-24\bin\vcruntime140_1.dll
0x00007ffd33b10000 - 0x00007ffd33b9e000 	C:\Program Files\Java\jdk-24\bin\msvcp140.dll
0x00007ffcd6460000 - 0x00007ffcd7201000 	C:\Program Files\Java\jdk-24\bin\server\jvm.dll
0x00007ffd69720000 - 0x00007ffd697d4000 	C:\WINDOWS\System32\ADVAPI32.dll
0x00007ffd68240000 - 0x00007ffd682e6000 	C:\WINDOWS\System32\sechost.dll
0x00007ffd69e80000 - 0x00007ffd69f98000 	C:\WINDOWS\System32\RPCRT4.dll
0x00007ffd69d00000 - 0x00007ffd69d74000 	C:\WINDOWS\System32\WS2_32.dll
0x00007ffd66a00000 - 0x00007ffd66a5e000 	C:\WINDOWS\SYSTEM32\POWRPROF.dll
0x00007ffd5be00000 - 0x00007ffd5be0b000 	C:\WINDOWS\SYSTEM32\VERSION.dll
0x00007ffd54ae0000 - 0x00007ffd54b15000 	C:\WINDOWS\SYSTEM32\WINMM.dll
0x00007ffd669e0000 - 0x00007ffd669f4000 	C:\WINDOWS\SYSTEM32\UMPDC.dll
0x00007ffd65920000 - 0x00007ffd6593b000 	C:\WINDOWS\SYSTEM32\kernel.appcore.dll
0x00007ffd5b430000 - 0x00007ffd5b43a000 	C:\Program Files\Java\jdk-24\bin\jimage.dll
0x00007ffd647a0000 - 0x00007ffd649e2000 	C:\WINDOWS\SYSTEM32\DBGHELP.DLL
0x00007ffd682f0000 - 0x00007ffd68676000 	C:\WINDOWS\System32\combase.dll
0x00007ffd680e0000 - 0x00007ffd681b7000 	C:\WINDOWS\System32\OLEAUT32.dll
0x00007ffd510d0000 - 0x00007ffd5110b000 	C:\WINDOWS\SYSTEM32\dbgcore.DLL
0x00007ffd67e10000 - 0x00007ffd67eb5000 	C:\WINDOWS\System32\bcryptPrimitives.dll
0x00007ffd4add0000 - 0x00007ffd4addf000 	C:\Program Files\Java\jdk-24\bin\instrument.dll
0x00007ffd47760000 - 0x00007ffd4777e000 	C:\Program Files\Java\jdk-24\bin\java.dll
0x00007ffd6a060000 - 0x00007ffd6a1f7000 	C:\WINDOWS\System32\ole32.dll
0x00007ffd68760000 - 0x00007ffd68eb2000 	C:\WINDOWS\System32\SHELL32.dll
0x00007ffd67aa0000 - 0x00007ffd67c0a000 	C:\WINDOWS\System32\wintypes.dll
0x00007ffd66bb0000 - 0x00007ffd67413000 	C:\WINDOWS\System32\windows.storage.dll
0x00007ffd69c00000 - 0x00007ffd69cf6000 	C:\WINDOWS\System32\SHCORE.dll
0x00007ffd69d80000 - 0x00007ffd69de7000 	C:\WINDOWS\System32\shlwapi.dll
0x00007ffd66aa0000 - 0x00007ffd66ac9000 	C:\WINDOWS\SYSTEM32\profapi.dll
0x00007ffd27300000 - 0x00007ffd273d7000 	C:\Program Files\Java\jdk-24\bin\jsvml.dll
0x00007ffd45440000 - 0x00007ffd45457000 	C:\Program Files\Java\jdk-24\bin\zip.dll
0x00007ffd56540000 - 0x00007ffd56550000 	C:\Program Files\Java\jdk-24\bin\net.dll
0x00007ffd65e90000 - 0x00007ffd65efb000 	C:\WINDOWS\system32\mswsock.dll
0x00007ffd45460000 - 0x00007ffd45476000 	C:\Program Files\Java\jdk-24\bin\nio.dll
0x00007ffd4ee70000 - 0x00007ffd4ee79000 	C:\Program Files\Java\jdk-24\bin\extnet.dll
0x00007ffd653e0000 - 0x00007ffd6550c000 	C:\WINDOWS\SYSTEM32\DNSAPI.dll
0x00007ffd653a0000 - 0x00007ffd653d4000 	C:\WINDOWS\SYSTEM32\IPHLPAPI.DLL
0x00007ffd69ba0000 - 0x00007ffd69baa000 	C:\WINDOWS\System32\NSI.dll
0x00007ffd57710000 - 0x00007ffd5771b000 	C:\Windows\System32\rasadhlp.dll
0x00007ffd5ab00000 - 0x00007ffd5ab86000 	C:\WINDOWS\System32\fwpuclnt.dll
0x00007ffd486c0000 - 0x00007ffd486ca000 	C:\Program Files\Java\jdk-24\bin\management.dll
0x00007ffd42d00000 - 0x00007ffd42d0b000 	C:\Program Files\Java\jdk-24\bin\management_ext.dll
0x00007ffd68680000 - 0x00007ffd68688000 	C:\WINDOWS\System32\PSAPI.DLL
0x00007ffd66160000 - 0x00007ffd6617b000 	C:\WINDOWS\SYSTEM32\CRYPTSP.dll
0x00007ffd65880000 - 0x00007ffd658b9000 	C:\WINDOWS\system32\rsaenh.dll
0x00007ffd65f40000 - 0x00007ffd65f6b000 	C:\WINDOWS\SYSTEM32\USERENV.dll
0x00007ffd66a70000 - 0x00007ffd66a9a000 	C:\WINDOWS\SYSTEM32\bcrypt.dll
0x00007ffd66180000 - 0x00007ffd6618c000 	C:\WINDOWS\SYSTEM32\CRYPTBASE.dll
0x00007ffd4b900000 - 0x00007ffd4b918000 	C:\WINDOWS\system32\napinsp.dll
0x00007ffd4b760000 - 0x00007ffd4b772000 	C:\WINDOWS\System32\winrnr.dll
0x00007ffd4b730000 - 0x00007ffd4b752000 	C:\WINDOWS\system32\nlansp_c.dll
0x00007ffd4b710000 - 0x00007ffd4b726000 	C:\WINDOWS\system32\wshbth.dll
0x00007ffd4cea0000 - 0x00007ffd4cef6000 	C:\WINDOWS\SYSTEM32\pdh.dll

JVMTI agents:
C:\Program Files\JetBrains\IntelliJ IDEA Community Edition 2025.2.1\lib\idea_rt.jar path:C:\Program Files\Java\jdk-24\bin\instrument.dll, loaded, initialized, instrumentlib options:61293

dbghelp: loaded successfully - version: 4.0.5 - missing functions: none
symbol engine: initialized successfully - sym options: 0x614 - pdb path: .;C:\Program Files\Java\jdk-24\bin;C:\WINDOWS\SYSTEM32;C:\WINDOWS\WinSxS\amd64_microsoft.windows.common-controls_6595b64144ccf1df_6.0.26100.7824_none_3e0870b2e3345462;C:\Program Files\Java\jdk-24\bin\server

VM Arguments:
jvm_args: -javaagent:C:\Program Files\JetBrains\IntelliJ IDEA Community Edition 2025.2.1\lib\idea_rt.jar=61293 -Dfile.encoding=UTF-8 -Dsun.stdout.encoding=UTF-8 -Dsun.stderr.encoding=UTF-8 
java_command: com.rmis.rmis.RmisApplication
java_class_path (initial): C:\Users\DELL\Desktop\SE project\RMIS\rmis-BE\rmis\target\classes;C:\Users\DELL\.m2\repository\org\springframework\boot\spring-boot-starter-data-jdbc\4.0.2\spring-boot-starter-data-jdbc-4.0.2.jar;C:\Users\DELL\.m2\repository\org\springframework\boot\spring-boot-starter\4.0.2\spring-boot-starter-4.0.2.jar;C:\Users\DELL\.m2\repository\org\springframework\boot\spring-boot-starter-logging\4.0.2\spring-boot-starter-logging-4.0.2.jar;C:\Users\DELL\.m2\repository\ch\qos\logback\logback-classic\1.5.25\logback-classic-1.5.25.jar;C:\Users\DELL\.m2\repository\ch\qos\logback\logback-core\1.5.25\logback-core-1.5.25.jar;C:\Users\DELL\.m2\repository\org\apache\logging\log4j\log4j-to-slf4j\2.25.3\log4j-to-slf4j-2.25.3.jar;C:\Users\DELL\.m2\repository\org\apache\logging\log4j\log4j-api\2.25.3\log4j-api-2.25.3.jar;C:\Users\DELL\.m2\repository\org\slf4j\jul-to-slf4j\2.0.17\jul-to-slf4j-2.0.17.jar;C:\Users\DELL\.m2\repository\org\springframework\boot\spring-boot-autoconfigure\4.0.2\spring-boot-autoconfigure-4.0.2.jar;C:\Users\DELL\.m2\repository\jakarta\annotation\jakarta.annotation-api\3.0.0\jakarta.annotation-api-3.0.0.jar;C:\Users\DELL\.m2\repository\org\yaml\snakeyaml\2.5\snakeyaml-2.5.jar;C:\Users\DELL\.m2\repository\org\springframework\boot\spring-boot-starter-jdbc\4.0.2\spring-boot-starter-jdbc-4.0.2.jar;C:\Users\DELL\.m2\repository\com\zaxxer\HikariCP\7.0.2\HikariCP-7.0.2.jar;C:\Users\DELL\.m2\repository\org\slf4j\slf4j-api\2.0.17\slf4j-api-2.0.17.jar;C:\Users\DELL\.m2\repository\org\springframework\boot\spring-boot-data-jdbc\4.0.2\spring-boot-data-jdbc-4.0.2.jar;C:\Users\DELL\.m2\repository\org\springframework\boot\spring-boot-data-commons\4.0.2\spring-boot-data-commons-4.0.2.jar;C:\Users\DELL\.m2\repository\org\springframework\boot\spring-boot-persistence\4.0.2\spring-boot-persistence-4.0.2.jar;C:\Users\DELL\.m2\repository\org\springframework\data\spring-data-commons\4.0.2\spring-data-commons-4.0.2.jar;C:\Users\DELL\.m2\repository\org\springframework\data\spring-data-jdbc\4.0.2\spring-data-jdbc-4.0.2.jar;C:\Users\DELL\.m2\repository\org\springframework\data\spring-data-relational\4.0.2\spring-data-relational-4.0.2.jar;C:\Users\DELL\.m2\repository\org\springframework\spring-tx\7.0.3\spring-tx-7.0.3.jar;C:\Users\DELL\.m2\repository\org\springframework\spring-context\7.0.3\spring-context-7.0.3.jar;C:\Users\DELL\.m2\repository\org\springframework\boot\spring-boot-jdbc\4.0.2\spring-boot-jdbc-4.0.2.jar;C:\Users\DELL\.m2\repository\org\springframework\boot\spring-boot\4.0.2\spring-boot-4.0.2.jar;C:\Users\DELL\.m2\repository\org\springframework\boot\spring-boot-sql\4.0.2\spring-boot-sql-4.0.2.jar;C:\Users\DELL\.m2\repository\org\springframework\boot\spring-boot-transaction\4.0.2\spring-boot-transaction-4.0.2.jar;C:\Users\DELL\.m2\repository\org\springframework\spring-jdbc\7.0.3\spring-jdbc-7.0.3.jar;C:\Users\DELL\.m2\repository\org\springframework\boot\spring-boot-starter-data-jpa\4.0.2\spring-boot-starter-data-jpa-4.0.2.jar;C:\Users\DELL\.m2\repository\org\springframework\boot\spring-boot-data-jpa\4.0.2\spring-boot-data-jpa-4.0.2.jar;C:\Users\DELL\.m2\repository\org\springframework\boot\spring-boot-hibernate\4.0.2\spring-boot-hibernate-4.0.2.jar;C:\Users\DELL\.m2\repository\org\springframework\boot\spring-boot-jpa\4.0.2\spring-boot-jpa-4.0.2.jar;C:\Users\DELL\.m2\repository\jakarta\persistence\jakarta.persistence-api\3.2.0\jakarta.persistence-api-3.2.0.jar;C:\Users\DELL\.m2\repository\org\hibernate\orm\hibernate-core\7.2.1.Final\hibernate-core-7.2.1.Final.jar;C:\Users\DELL\.m2\repository\jakarta\transaction\jakarta.transaction-api\2.0.1\jakarta.transaction-api-2.0.1.jar;C:\Users\DELL\.m2\repository\org\hibernate\models\hibernate-models\1.0.1\hibernate-models-1.0.1.jar;C:\Users\DELL\.m2\repository\org\glassfish\jaxb\jaxb-runtime\4.0.6\jaxb-runtime-4.0.6.jar;C:\Users\DELL\.m2\repository\org\glassfish\jaxb\jaxb-core\4.0.6\jaxb-core-4.0.6.jar;C:\Users\DELL\.m2\repository\org\glassfish\jaxb\txw2\4.0.6\txw2-4.0.6.jar;C:\Users\DELL\.m2\repository\com\sun\istack\istack-commons-runtime\4.1.2\istack-commons-runtime-4.1.2.jar;C:\Users\DELL\.m2\repository\jakarta\inject\jakarta.inject-api\2.0.1\jakarta.inject-api-2.0.1.jar;C:\Users\DELL\.m2\repository\org\springframework\spring-orm\7.0.3\spring-orm-7.0.3.jar;C:\Users\DELL\.m2\repository\org\springframework\data\spring-data-jpa\4.0.2\spring-data-jpa-4.0.2.jar;C:\Users\DELL\.m2\repository\org\antlr\antlr4-runtime\4.13.2\antlr4-runtime-4.13.2.jar;C:\Users\DELL\.m2\repository\org\springframework\spring-aspects\7.0.3\spring-aspects-7.0.3.jar;C:\Users\DELL\.m2\repository\org\aspectj\aspectjweaver\1.9.25.1\aspectjweaver-1.9.25.1.jar;C:\Users\DELL\.m2\repository\org\springframework\boot\spring-boot-starter-mail\4.0.2\spring-boot-starter-mail-4.0.2.jar;C:\Users\DELL\.m2\repository\org\springframework\boot\spring-boot-mail\4.0.2\spring-boot-mail-4.0.2.jar;C:\Users\DELL\.m2\repository\org\springframework\spring-context-support\7.0.3\spring-context-support-7.0.3.jar;C:\Users\DELL\.m2\repository\jakarta\mail\jakarta.mail-api\2.1.5\jakarta.mail-api-2.1.5.jar;C:\Users\DELL\.m2\repository\jakarta\activation\jakarta.activation-api\2.1.4\jakarta.activation-api-2.1.4.jar;C:\Users\DELL\.m2\repository\org\eclipse\angus\angus-mail\2.0.5\angus-mail-2.0.5.jar;C:\Users\DELL\.m2\repository\org\eclipse\angus\angus-activation\2.0.3\angus-activation-2.0.3.jar;C:\Users\DELL\.m2\repository\org\springframework\boot\spring-boot-starter-webmvc\4.0.2\spring-boot-starter-webmvc-4.0.2.jar;C:\Users\DELL\.m2\repository\org\springframework\boot\spring-boot-starter-jackson\4.0.2\spring-boot-starter-jackson-4.0.2.jar;C:\Users\DELL\.m2\repository\org\springframework\boot\spring-boot-jackson\4.0.2\spring-boot-jackson-4.0.2.jar;C:\Users\DELL\.m2\repository\tools\jackson\core\jackson-databind\3.0.4\jackson-databind-3.0.4.jar;C:\Users\DELL\.m2\repository\tools\jackson\core\jackson-core\3.0.4\jackson-core-3.0.4.jar;C:\Users\DELL\.m2\repository\org\springframework\boot\spring-boot-starter-tomcat\4.0.2\spring-boot-starter-tomcat-4.0.2.jar;C:\Users\DELL\.m2\repository\org\springframework\boot\spring-boot-starter-tomcat-runtime\4.0.2\spring-boot-starter-tomcat-runtime-4.0.2.jar;C:\Users\DELL\.m2\repository\org\apache\tomcat\embed\tomcat-embed-core\11.0.15\tomcat-embed-core-11.0.15.jar;C:\Users\DELL\.m2\repository\org\apache\tomcat\embed\tomcat-embed-websocket\11.0.15\tomcat-embed-websocket-11.0.15.jar;C:\Users\DELL\.m2\repository\org\springframework\boot\spring-boot-tomcat\4.0.2\spring-boot-tomcat-4.0.2.jar;C:\Users\DELL\.m2\repository\org\springframework\boot\spring-boot-http-converter\4.0.2\spring-boot-http-converter-4.0.2.jar;C:\Users\DELL\.m2\repository\org\springframework\spring-web\7.0.3\spring-web-7.0.3.jar;C:\Users\DELL\.m2\repository\io\micrometer\micrometer-observation\1.16.2\micrometer-observation-1.16.2.jar;C:\Users\DELL\.m2\repository\io\micrometer\micrometer-commons\1.16.2\micrometer-commons-1.16.2.jar;C:\Users\DELL\.m2\repository\org\springframework\boot\spring-boot-webmvc\4.0.2\spring-boot-webmvc-4.0.2.jar;C:\Users\DELL\.m2\repository\org\springframework\boot\spring-boot-servlet\4.0.2\spring-boot-servlet-4.0.2.jar;C:\Users\DELL\.m2\repository\org\springframework\spring-webmvc\7.0.3\spring-webmvc-7.0.3.jar;C:\Users\DELL\.m2\repository\org\springframework\spring-expression\7.0.3\spring-expression-7.0.3.jar;C:\Users\DELL\.m2\repository\org\projectlombok\lombok\1.18.42\lombok-1.18.42.jar;C:\Users\DELL\.m2\repository\jakarta\xml\bind\jakarta.xml.bind-api\4.0.4\jakarta.xml.bind-api-4.0.4.jar;C:\Users\DELL\.m2\repository\net\bytebuddy\byte-buddy\1.17.8\byte-buddy-1.17.8.jar;C:\Users\DELL\.m2\repository\org\springframework\spring-core\7.0.3\spring-core-7.0.3.jar;C:\Users\DELL\.m2\repository\commons-logging\commons-logging\1.3.5\commons-logging-1.3.5.jar;C:\Users\DELL\.m2\repository\org\jspecify\jspecify\1.0.0\jspecify-1.0.0.jar;C:\Users\DELL\.m2\repository\org\springframework\boot\spring-boot-web-server\4.0.2\spring-boot-web-server-4.0.2.jar;C:\Users\DELL\.m2\repository\org\postgresql\postgresql\42.7.9\postgresql-42.7.9.jar;C:\Users\DELL\.m2\repository\org\checkerframework\checker-qual\3.52.0\checker-qual-3.52.0.jar;C:\Users\DELL\.m2\repository\io\jsonwebtoken\jjwt-impl\0.12.3\jjwt-impl-0.12.3.jar;C:\Users\DELL\.m2\repository\io\jsonwebtoken\jjwt-api\0.12.3\jjwt-api-0.12.3.jar;C:\Users\DELL\.m2\repository\io\jsonwebtoken\jjwt-jackson\0.12.3\jjwt-jackson-0.12.3.jar;C:\Users\DELL\.m2\repository\com\fasterxml\jackson\core\jackson-databind\2.20.2\jackson-databind-2.20.2.jar;C:\Users\DELL\.m2\repository\org\springframework\boot\spring-boot-starter-security\4.0.2\spring-boot-starter-security-4.0.2.jar;C:\Users\DELL\.m2\repository\org\springframework\boot\spring-boot-security\4.0.2\spring-boot-security-4.0.2.jar;C:\Users\DELL\.m2\repository\org\springframework\security\spring-security-config\7.0.2\spring-security-config-7.0.2.jar;C:\Users\DELL\.m2\repository\org\springframework\security\spring-security-core\7.0.2\spring-security-core-7.0.2.jar;C:\Users\DELL\.m2\repository\org\springframework\security\spring-security-crypto\7.0.2\spring-security-crypto-7.0.2.jar;C:\Users\DELL\.m2\repository\org\springframework\security\spring-security-web\7.0.2\spring-security-web-7.0.2.jar;C:\Users\DELL\.m2\repository\org\springframework\spring-aop\7.0.3\spring-aop-7.0.3.jar;C:\Users\DELL\.m2\repository\org\springframework\spring-beans\7.0.3\spring-beans-7.0.3.jar;C:\Users\DELL\.m2\repository\com\resend\resend-java\4.12.0\resend-java-4.12.0.jar;C:\Users\DELL\.m2\repository\com\fasterxml\jackson\core\jackson-core\2.20.2\jackson-core-2.20.2.jar;C:\Users\DELL\.m2\repository\com\fasterxml\jackson\core\jackson-annotations\2.20\jackson-annotations-2.20.jar;C:\Users\DELL\.m2\repository\com\fasterxml\jackson\datatype\jackson-datatype-jsr310\2.20.2\jackson-datatype-jsr310-2.20.2.jar;C:\Users\DELL\.m2\repository\com\squareup\okhttp3\okhttp\4.11.0\okhttp-4.11.0.jar;C:\Users\DELL\.m2\repository\com\squareup\okio\okio\3.2.0\okio-3.2.0.jar;C:\Users\DELL\.m2\repository\com\squareup\okio\okio-jvm\3.2.0\okio-jvm-3.2.0.jar;C:\Users\DELL\.m2\repository\org\jetbrains\kotlin\kotlin-stdlib-common\1.6.20\kotlin-stdlib-common-1.6.20.jar;C:\Users\DELL\.m2\repository\org\jetbrains\kotlin\kotlin-stdlib\2.2.21\kotlin-stdlib-2.2.21.jar;C:\Users\DELL\.m2\repository\org\jetbrains\annotations\13.0\annotations-13.0.jar;C:\Users\DELL\.m2\repository\org\jetbrains\kotlin\kotlin-stdlib-jdk8\2.2.21\kotlin-stdlib-jdk8-2.2.21.jar;C:\Users\DELL\.m2\repository\org\jetbrains\kotlin\kotlin-stdlib-jdk7\2.2.21\kotlin-stdlib-jdk7-2.2.21.jar;C:\Users\DELL\.m2\repository\org\json\json\20250517\json-20250517.jar;C:\Users\DELL\.m2\repository\org\modelmapper\modelmapper\3.2.4\modelmapper-3.2.4.jar;C:\Users\DELL\.m2\repository\org\springframework\boot\spring-boot-starter-validation\4.0.2\spring-boot-starter-validation-4.0.2.jar;C:\Users\DELL\.m2\repository\org\springframework\boot\spring-boot-validation\4.0.2\spring-boot-validation-4.0.2.jar;C:\Users\DELL\.m2\repository\org\apache\tomcat\embed\tomcat-embed-el\11.0.15\tomcat-embed-el-11.0.15.jar;C:\Users\DELL\.m2\repository\org\hibernate\validator\hibernate-validator\9.0.1.Final\hibernate-validator-9.0.1.Final.jar;C:\Users\DELL\.m2\repository\jakarta\validation\jakarta.validation-api\3.1.1\jakarta.validation-api-3.1.1.jar;C:\Users\DELL\.m2\repository\org\jboss\logging\jboss-logging\3.6.1.Final\jboss-logging-3.6.1.Final.jar;C:\Users\DELL\.m2\repository\com\fasterxml\classmate\1.7.3\classmate-1.7.3.jar;C:\Users\DELL\.m2\repository\org\springframework\boot\spring-boot-configuration-processor\4.0.2\spring-boot-configuration-processor-4.0.2.jar
Launcher Type: SUN_STANDARD

[Global flags]
     intx CICompilerCount                          = 3                                         {product} {ergonomic}
     uint ConcGCThreads                            = 1                                         {product} {ergonomic}
     uint G1ConcRefinementThreads                  = 4                                         {product} {ergonomic}
   size_t G1HeapRegionSize                         = 1048576                                   {product} {ergonomic}
   size_t InitialHeapSize                          = 65011712                                  {product} {ergonomic}
   size_t MarkStackSize                            = 4194304                                   {product} {ergonomic}
   size_t MarkStackSizeMax                         = 536870912                                 {product} {ergonomic}
   size_t MaxHeapSize                              = 1012924416                                {product} {ergonomic}
   size_t MaxNewSize                               = 607125504                                 {product} {ergonomic}
   size_t MinHeapDeltaBytes                        = 1048576                                   {product} {ergonomic}
   size_t MinHeapSize                              = 8388608                                   {product} {ergonomic}
    uintx NonNMethodCodeHeapSize                   = 5832704                                {pd product} {ergonomic}
    uintx NonProfiledCodeHeapSize                  = 122945536                              {pd product} {ergonomic}
    uintx ProfiledCodeHeapSize                     = 122880000                              {pd product} {ergonomic}
    uintx ReservedCodeCacheSize                    = 251658240                              {pd product} {ergonomic}
     bool SegmentedCodeCache                       = true                                      {product} {ergonomic}
   size_t SoftMaxHeapSize                          = 1012924416                             {manageable} {ergonomic}
     bool UseCompressedOops                        = true                           {product lp64_product} {ergonomic}
     bool UseG1GC                                  = true                                      {product} {ergonomic}
     bool UseLargePagesIndividualAllocation        = false                                  {pd product} {ergonomic}

Logging:
Log output configuration:
 #0: stdout all=warning uptime,level,tags foldmultilines=false
 #1: stderr all=off uptime,level,tags foldmultilines=false

Environment Variables:
JAVA_HOME=C:\Program Files\Java\jdk-24
PATH=C:\Program Files\Python313\Scripts\;C:\Program Files\Python313\;C:\Program Files\Common Files\Oracle\Java\javapath;C:\WINDOWS\system32;C:\WINDOWS;C:\WINDOWS\System32\Wbem;C:\WINDOWS\System32\WindowsPowerShell\v1.0\;C:\WINDOWS\System32\OpenSSH\;C:\Program Files\Git\cmd;C:\Program Files\MySQL\MySQL Server 8.0\bin;C:\Program Files\nodejs\;C:\Program Files\apache-maven-3.9.12-bin\apache-maven-3.9.12\bin;C:\Program Files\win_flex_bison-latest;C:\MinGW\bin;;C:\Program Files\Docker\Docker\resources\bin;C:\Program Files\3.2.2\bin\i386-Win32;C:\Users\DELL\AppData\Local\Microsoft\WindowsApps;C:\Users\DELL\AppData\Local\Programs\Microsoft VS Code\bin;C:\Users\DELL\AppData\Roaming\npm
USERNAME=DELL
OS=Windows_NT
PROCESSOR_IDENTIFIER=Intel64 Family 6 Model 126 Stepping 5, GenuineIntel
TMP=C:\Users\DELL\AppData\Local\Temp
TEMP=C:\Users\DELL\AppData\Local\Temp




Periodic native trim disabled

---------------  S Y S T E M  ---------------

OS:
 Windows 11 , 64 bit Build 26100 (10.0.26100.7705)
OS uptime: 0 days 17:19 hours
Hyper-V role detected

CPU: total 4 (initial active 4) (2 cores per cpu, 2 threads per core) family 6 model 126 stepping 5 microcode 0xc2, cx8, cmov, fxsr, ht, mmx, 3dnowpref, sse, sse2, sse3, ssse3, sse4.1, sse4.2, popcnt, lzcnt, tsc, tscinvbit, avx, avx2, aes, erms, clmul, bmi1, bmi2, adx, avx512f, avx512dq, avx512cd, avx512bw, avx512vl, sha, fma, vzeroupper, avx512_vpopcntdq, avx512_vpclmulqdq, avx512_vaes, avx512_vnni, clflush, clflushopt, avx512_vbmi2, avx512_vbmi, hv, rdtscp, rdpid, fsrm, gfni, avx512_bitalg, f16c, avx512_ifma
Processor Information for the first 4 processors :
  Max Mhz: 1190, Current Mhz: 1190, Mhz Limit: 1190

Memory: 4k page, system-wide physical 3863M (127M free)
TotalPageFile size 15639M (AvailPageFile size 28M)
current process WorkingSet (physical memory assigned to process): 122M, peak: 122M
current process commit charge ("private bytes"): 174M, peak: 180M

vm_info: Java HotSpot(TM) 64-Bit Server VM (24.0.2+12-54) for windows-amd64 JRE (24.0.2+12-54), built on 2025-07-08T12:10:27Z with MS VC++ 17.6 (VS2022)

END.
