2026-02-26 20:05:51 [main] INFO  com.rmis.rmis.RmisApplication - Starting RmisApplication using Java 24.0.2 with PID 9120 (C:\Users\DELL\Desktop\SE project\RMIS\rmis-BE\rmis\target\classes started by DELL in C:\Users\DELL\Desktop\SE project\RMIS\rmis-BE)
2026-02-26 20:05:51 [main] DEBUG com.rmis.rmis.RmisApplication - Running with Spring Boot v4.0.2, Spring v7.0.3
2026-02-26 20:05:51 [main] INFO  com.rmis.rmis.RmisApplication - The following 1 profile is active: "dev"
2026-02-26 20:05:55 [main] INFO  o.s.d.r.c.RepositoryConfigurationDelegate - Multiple Spring Data modules found, entering strict repository configuration mode
2026-02-26 20:05:55 [main] INFO  o.s.d.r.c.RepositoryConfigurationDelegate - Bootstrapping Spring Data JDBC repositories in DEFAULT mode.
2026-02-26 20:05:55 [main] INFO  o.s.d.r.c.RepositoryConfigurationExtensionSupport - Spring Data JDBC - Could not safely identify store assignment for repository candidate interface com.rmis.rmis.repositories.CertificationRepository; If you want this repository to be a JDBC repository, consider annotating your entities with one of these annotations: org.springframework.data.relational.core.mapping.Table.
2026-02-26 20:05:55 [main] INFO  o.s.d.r.c.RepositoryConfigurationExtensionSupport - Spring Data JDBC - Could not safely identify store assignment for repository candidate interface com.rmis.rmis.repositories.CompanyRepository; If you want this repository to be a JDBC repository, consider annotating your entities with one of these annotations: org.springframework.data.relational.core.mapping.Table.
2026-02-26 20:05:55 [main] INFO  o.s.d.r.c.RepositoryConfigurationExtensionSupport - Spring Data JDBC - Could not safely identify store assignment for repository candidate interface com.rmis.rmis.repositories.RoleRepository; If you want this repository to be a JDBC repository, consider annotating your entities with one of these annotations: org.springframework.data.relational.core.mapping.Table.
2026-02-26 20:05:55 [main] INFO  o.s.d.r.c.RepositoryConfigurationExtensionSupport - Spring Data JDBC - Could not safely identify store assignment for repository candidate interface com.rmis.rmis.repositories.TechnicianRepository; If you want this repository to be a JDBC repository, consider annotating your entities with one of these annotations: org.springframework.data.relational.core.mapping.Table.
2026-02-26 20:05:55 [main] INFO  o.s.d.r.c.RepositoryConfigurationDelegate - Finished Spring Data repository scanning in 97 ms. Found 0 JDBC repository interfaces.
2026-02-26 20:05:55 [main] INFO  o.s.d.r.c.RepositoryConfigurationDelegate - Multiple Spring Data modules found, entering strict repository configuration mode
2026-02-26 20:05:55 [main] INFO  o.s.d.r.c.RepositoryConfigurationDelegate - Bootstrapping Spring Data JPA repositories in DEFAULT mode.
2026-02-26 20:05:56 [main] INFO  o.s.d.r.c.RepositoryConfigurationDelegate - Finished Spring Data repository scanning in 171 ms. Found 4 JPA repository interfaces.
2026-02-26 20:05:57 [main] INFO  o.s.boot.tomcat.TomcatWebServer - Tomcat initialized with port 8080 (http)
2026-02-26 20:05:57 [main] INFO  o.a.catalina.core.StandardService - Starting service [Tomcat]
2026-02-26 20:05:57 [main] INFO  o.a.catalina.core.StandardEngine - Starting Servlet engine: [Apache Tomcat/11.0.15]
2026-02-26 20:05:57 [main] INFO  o.s.b.w.c.s.WebApplicationContextInitializer - Root WebApplicationContext: initialization completed in 5536 ms
2026-02-26 20:05:57 [main] ERROR o.s.b.t.s.DeferredServletContainerInitializers - Error starting Tomcat context. Exception: org.springframework.beans.factory.UnsatisfiedDependencyException. Message: Error creating bean with name 'jwtAuthenticationFilter' defined in file [C:\Users\DELL\Desktop\SE project\RMIS\rmis-BE\rmis\target\classes\com\rmis\rmis\utils\JwtAuthenticationFilter.class]: Unsatisfied dependency expressed through constructor parameter 1: Error creating bean with name 'securityConfig': Unsatisfied dependency expressed through field 'jwtAuthenticationFilter': Error creating bean with name 'jwtAuthenticationFilter': Requested bean is currently in creation: Is there an unresolvable circular reference or an asynchronous initialization dependency?
2026-02-26 20:05:57 [main] INFO  o.a.catalina.core.StandardService - Stopping service [Tomcat]
2026-02-26 20:05:57 [main] WARN  o.s.b.w.s.s.c.AnnotationConfigServletWebServerApplicationContext - Exception encountered during context initialization - cancelling refresh attempt: org.springframework.context.ApplicationContextException: Unable to start web server
2026-02-26 20:05:57 [main] INFO  o.s.b.a.l.ConditionEvaluationReportLogger - 

Error starting ApplicationContext. To display the condition evaluation report re-run your application with 'debug' enabled.
2026-02-26 20:05:57 [main] ERROR o.s.b.d.LoggingFailureAnalysisReporter - 

***************************
APPLICATION FAILED TO START
***************************

Description:

The dependencies of some of the beans in the application context form a cycle:

┌─────┐
|  jwtAuthenticationFilter defined in file [C:\Users\DELL\Desktop\SE project\RMIS\rmis-BE\rmis\target\classes\com\rmis\rmis\utils\JwtAuthenticationFilter.class]
↑     ↓
|  securityConfig (field private com.rmis.rmis.utils.JwtAuthenticationFilter com.rmis.rmis.config.SecurityConfig.jwtAuthenticationFilter)
└─────┘


Action:

Relying upon circular references is discouraged and they are prohibited by default. Update your application to remove the dependency cycle between beans. As a last resort, it may be possible to break the cycle automatically by setting spring.main.allow-circular-references to true.

2026-02-26 20:42:32 [main] INFO  com.rmis.rmis.RmisApplication - Starting RmisApplication using Java 24.0.2 with PID 13092 (C:\Users\DELL\Desktop\SE project\RMIS\rmis-BE\rmis\target\classes started by DELL in C:\Users\DELL\Desktop\SE project\RMIS\rmis-BE)
2026-02-26 20:42:32 [main] DEBUG com.rmis.rmis.RmisApplication - Running with Spring Boot v4.0.2, Spring v7.0.3
2026-02-26 20:42:32 [main] INFO  com.rmis.rmis.RmisApplication - The following 1 profile is active: "dev"
2026-02-26 20:42:35 [main] INFO  o.s.d.r.c.RepositoryConfigurationDelegate - Multiple Spring Data modules found, entering strict repository configuration mode
2026-02-26 20:42:35 [main] INFO  o.s.d.r.c.RepositoryConfigurationDelegate - Bootstrapping Spring Data JDBC repositories in DEFAULT mode.
2026-02-26 20:42:35 [main] INFO  o.s.d.r.c.RepositoryConfigurationExtensionSupport - Spring Data JDBC - Could not safely identify store assignment for repository candidate interface com.rmis.rmis.repositories.CertificationRepository; If you want this repository to be a JDBC repository, consider annotating your entities with one of these annotations: org.springframework.data.relational.core.mapping.Table.
2026-02-26 20:42:35 [main] INFO  o.s.d.r.c.RepositoryConfigurationExtensionSupport - Spring Data JDBC - Could not safely identify store assignment for repository candidate interface com.rmis.rmis.repositories.CompanyRepository; If you want this repository to be a JDBC repository, consider annotating your entities with one of these annotations: org.springframework.data.relational.core.mapping.Table.
2026-02-26 20:42:35 [main] INFO  o.s.d.r.c.RepositoryConfigurationExtensionSupport - Spring Data JDBC - Could not safely identify store assignment for repository candidate interface com.rmis.rmis.repositories.RoleRepository; If you want this repository to be a JDBC repository, consider annotating your entities with one of these annotations: org.springframework.data.relational.core.mapping.Table.
2026-02-26 20:42:35 [main] INFO  o.s.d.r.c.RepositoryConfigurationExtensionSupport - Spring Data JDBC - Could not safely identify store assignment for repository candidate interface com.rmis.rmis.repositories.TechnicianRepository; If you want this repository to be a JDBC repository, consider annotating your entities with one of these annotations: org.springframework.data.relational.core.mapping.Table.
2026-02-26 20:42:35 [main] INFO  o.s.d.r.c.RepositoryConfigurationDelegate - Finished Spring Data repository scanning in 101 ms. Found 0 JDBC repository interfaces.
2026-02-26 20:42:35 [main] INFO  o.s.d.r.c.RepositoryConfigurationDelegate - Multiple Spring Data modules found, entering strict repository configuration mode
2026-02-26 20:42:35 [main] INFO  o.s.d.r.c.RepositoryConfigurationDelegate - Bootstrapping Spring Data JPA repositories in DEFAULT mode.
2026-02-26 20:42:35 [main] INFO  o.s.d.r.c.RepositoryConfigurationDelegate - Finished Spring Data repository scanning in 83 ms. Found 4 JPA repository interfaces.
2026-02-26 20:42:37 [main] INFO  o.s.boot.tomcat.TomcatWebServer - Tomcat initialized with port 8080 (http)
2026-02-26 20:42:37 [main] INFO  o.a.catalina.core.StandardService - Starting service [Tomcat]
2026-02-26 20:42:37 [main] INFO  o.a.catalina.core.StandardEngine - Starting Servlet engine: [Apache Tomcat/11.0.15]
2026-02-26 20:42:37 [main] INFO  o.s.b.w.c.s.WebApplicationContextInitializer - Root WebApplicationContext: initialization completed in 4817 ms
2026-02-26 20:42:37 [main] INFO  org.hibernate.orm.jpa - HHH008540: Processing PersistenceUnitInfo [name: default]
2026-02-26 20:42:38 [main] INFO  org.hibernate.orm.core - HHH000001: Hibernate ORM core version 7.2.1.Final
2026-02-26 20:42:39 [main] INFO  o.s.o.j.p.SpringPersistenceUnitInfo - No LoadTimeWeaver setup: ignoring JPA class transformer
2026-02-26 20:42:39 [main] INFO  com.zaxxer.hikari.HikariDataSource - RMISHikariPool - Starting...
2026-02-26 20:42:40 [main] INFO  com.zaxxer.hikari.pool.HikariPool - RMISHikariPool - Added connection org.postgresql.jdbc.PgConnection@77d959f1
2026-02-26 20:42:40 [main] INFO  com.zaxxer.hikari.HikariDataSource - RMISHikariPool - Start completed.
2026-02-26 20:42:40 [main] WARN  org.hibernate.orm.deprecation - HHH90000025: PostgreSQLDialect does not need to be specified explicitly using 'hibernate.dialect' (remove the property setting and it will be selected by default)
2026-02-26 20:42:40 [main] INFO  o.hibernate.orm.connections.pooling - HHH10001005: Database info:
	Database JDBC URL [jdbc:postgresql://localhost:5432/rmis_db]
	Database driver: PostgreSQL JDBC Driver
	Database dialect: PostgreSQLDialect
	Database version: 15.16
	Default catalog/schema: rmis_db/public
	Autocommit mode: undefined/unknown
	Isolation level: READ_COMMITTED [default READ_COMMITTED]
	JDBC fetch size: none
	Pool: DataSourceConnectionProvider
	Minimum pool size: undefined/unknown
	Maximum pool size: undefined/unknown
2026-02-26 20:42:43 [main] INFO  org.hibernate.orm.core - HHH000489: No JTA platform available (set 'hibernate.transaction.jta.platform' to enable JTA platform integration)
2026-02-26 20:42:43 [main] INFO  org.hibernate.orm.jdbc.batch - HHH100501: Automatic JDBC statement batching enabled (maximum batch size 20)
2026-02-26 20:42:43 [main] INFO  o.s.o.j.LocalContainerEntityManagerFactoryBean - Initialized JPA EntityManagerFactory for persistence unit 'default'
2026-02-26 20:42:43 [main] INFO  o.s.d.j.r.q.QueryEnhancerFactories - Hibernate is in classpath; If applicable, HQL parser will be used.
2026-02-26 20:42:44 [main] DEBUG c.r.r.utils.JwtAuthenticationFilter - Filter 'jwtAuthenticationFilter' configured for use
2026-02-26 20:42:44 [main] INFO  o.s.s.c.a.a.c.InitializeAuthenticationProviderBeanManagerConfigurer$InitializeAuthenticationProviderManagerConfigurer - Global AuthenticationManager configured with AuthenticationProvider bean with name authenticationProvider
2026-02-26 20:42:44 [main] WARN  o.s.s.c.a.a.c.InitializeUserDetailsBeanManagerConfigurer$InitializeUserDetailsManagerConfigurer - Global AuthenticationManager configured with an AuthenticationProvider bean. UserDetailsService beans will not be used by Spring Security for automatically configuring username/password login. Consider removing the AuthenticationProvider bean. Alternatively, consider using the UserDetailsService in a manually instantiated DaoAuthenticationProvider. If the current configuration is intentional, to turn off this warning, increase the logging level of 'org.springframework.security.config.annotation.authentication.configuration.InitializeUserDetailsBeanManagerConfigurer' to ERROR
2026-02-26 20:42:44 [main] INFO  c.r.r.s.impl.FileStorageService - File upload directory created: C:\Users\DELL\Desktop\SE project\RMIS\rmis-BE\uploads\certifications
2026-02-26 20:42:44 [main] WARN  o.s.b.j.a.JpaBaseConfiguration$JpaWebConfiguration - spring.jpa.open-in-view is enabled by default. Therefore, database queries may be performed during view rendering. Explicitly configure spring.jpa.open-in-view to disable this warning
2026-02-26 20:42:45 [main] INFO  o.s.boot.tomcat.TomcatWebServer - Tomcat started on port 8080 (http) with context path '/'
2026-02-26 20:42:45 [main] INFO  com.rmis.rmis.RmisApplication - Started RmisApplication in 14.53 seconds (process running for 15.909)
2026-02-26 20:42:46 [main] DEBUG org.hibernate.SQL - 
    /* SELECT
        r 
    FROM
        Role r 
    WHERE
        r.name = :name */ select
            r1_0.id,
            r1_0.name 
        from
            roles r1_0 
        where
            r1_0.name=?
2026-02-26 20:42:46 [main] DEBUG org.hibernate.SQL - 
    /* SELECT
        r 
    FROM
        Role r 
    WHERE
        r.name = :name */ select
            r1_0.id,
            r1_0.name 
        from
            roles r1_0 
        where
            r1_0.name=?
2026-02-26 20:42:46 [main] DEBUG org.hibernate.SQL - 
    /* SELECT
        r 
    FROM
        Role r 
    WHERE
        r.name = :name */ select
            r1_0.id,
            r1_0.name 
        from
            roles r1_0 
        where
            r1_0.name=?
2026-02-26 20:42:46 [main] DEBUG org.hibernate.SQL - 
    /* SELECT
        r 
    FROM
        Role r 
    WHERE
        r.name = :name */ select
            r1_0.id,
            r1_0.name 
        from
            roles r1_0 
        where
            r1_0.name=?
2026-02-26 20:45:06 [http-nio-8080-exec-2] INFO  o.a.c.c.C.[Tomcat].[localhost].[/] - Initializing Spring DispatcherServlet 'dispatcherServlet'
2026-02-26 20:45:06 [http-nio-8080-exec-2] INFO  o.s.web.servlet.DispatcherServlet - Initializing Servlet 'dispatcherServlet'
2026-02-26 20:45:06 [http-nio-8080-exec-2] INFO  o.s.web.servlet.DispatcherServlet - Completed initialization in 197 ms
2026-02-26 20:45:06 [http-nio-8080-exec-2] WARN  o.apache.catalina.connector.Request - Creating the temporary upload location [C:\Users\DELL\AppData\Local\Temp\tomcat.8080.3203123285642427056\work\Tomcat\localhost\ROOT\.\uploads\temp] as it is required by the servlet [dispatcherServlet]
2026-02-26 20:45:08 [http-nio-8080-exec-2] INFO  c.r.r.c.TechnicianAuthController - Received technician registration request for email: john.doe@example.com
2026-02-26 20:45:08 [http-nio-8080-exec-2] INFO  c.r.r.s.i.TechnicianAuthServiceImpl - Attempting to register technician with email: john.doe@example.com
2026-02-26 20:45:09 [http-nio-8080-exec-2] DEBUG org.hibernate.SQL - 
    /* SELECT
        t.id id 
    FROM
        Technician t 
    WHERE
        t.email = :email */ select
            t1_0.id 
        from
            technicians t1_0 
        where
            t1_0.email=? 
        fetch
            first ? rows only
2026-02-26 20:45:09 [http-nio-8080-exec-2] WARN  c.r.r.s.i.TechnicianAuthServiceImpl - Registration failed - email already exists: john.doe@example.com
2026-02-26 20:45:09 [http-nio-8080-exec-2] WARN  c.r.r.c.TechnicianAuthController - Registration failed: Email already registered!
2026-02-26 20:46:33 [http-nio-8080-exec-4] INFO  c.r.r.c.TechnicianAuthController - Received login request for technician: john.doe@example.com
2026-02-26 20:46:33 [http-nio-8080-exec-4] INFO  c.r.r.s.i.TechnicianAuthServiceImpl - Login attempt for technician: john.doe@example.com
2026-02-26 20:46:34 [http-nio-8080-exec-4] DEBUG org.hibernate.SQL - 
    /* SELECT
        t 
    FROM
        Technician t 
    WHERE
        t.email = :email */ select
            t1_0.id,
            t1_0.address,
            t1_0.approval_date,
            t1_0.email,
            t1_0.first_name,
            t1_0.last_name,
            t1_0.password,
            t1_0.phone_number,
            t1_0.registration_date,
            t1_0.rejection_reason,
            t1_0.role_id,
            t1_0.specialization,
            t1_0.status,
            t1_0.years_of_experience 
        from
            technicians t1_0 
        where
            t1_0.email=?
2026-02-26 20:46:35 [http-nio-8080-exec-4] DEBUG org.hibernate.SQL - 
    select
        r1_0.id,
        r1_0.name 
    from
        roles r1_0 
    where
        r1_0.id=?
2026-02-26 20:46:36 [http-nio-8080-exec-4] DEBUG org.hibernate.SQL - 
    /* SELECT
        t 
    FROM
        Technician t 
    WHERE
        t.email = :email */ select
            t1_0.id,
            t1_0.address,
            t1_0.approval_date,
            t1_0.email,
            t1_0.first_name,
            t1_0.last_name,
            t1_0.password,
            t1_0.phone_number,
            t1_0.registration_date,
            t1_0.rejection_reason,
            t1_0.role_id,
            t1_0.specialization,
            t1_0.status,
            t1_0.years_of_experience 
        from
            technicians t1_0 
        where
            t1_0.email=?
2026-02-26 20:46:37 [http-nio-8080-exec-4] WARN  c.r.r.s.i.TechnicianAuthServiceImpl - Login attempt by non-active technician: john.doe@example.com
2026-02-26 20:46:37 [http-nio-8080-exec-4] WARN  c.r.r.c.TechnicianAuthController - Login failed for technician: john.doe@example.com
2026-02-26 20:50:01 [http-nio-8080-exec-7] DEBUG org.hibernate.SQL - 
    /* SELECT
        t 
    FROM
        Technician t 
    WHERE
        t.email = :email */ select
            t1_0.id,
            t1_0.address,
            t1_0.approval_date,
            t1_0.email,
            t1_0.first_name,
            t1_0.last_name,
            t1_0.password,
            t1_0.phone_number,
            t1_0.registration_date,
            t1_0.rejection_reason,
            t1_0.role_id,
            t1_0.specialization,
            t1_0.status,
            t1_0.years_of_experience 
        from
            technicians t1_0 
        where
            t1_0.email=?
2026-02-26 20:50:02 [http-nio-8080-exec-7] DEBUG org.hibernate.SQL - 
    /* SELECT
        c 
    FROM
        Company c 
    WHERE
        c.email = :email */ select
            c1_0.id,
            c1_0.companyid,
            c1_0.email,
            c1_0.name,
            c1_0.password,
            c1_0.role_id 
        from
            companies c1_0 
        where
            c1_0.email=?
2026-02-26 20:50:41 [http-nio-8080-exec-9] DEBUG org.hibernate.SQL - 
    /* SELECT
        t 
    FROM
        Technician t 
    WHERE
        t.email = :email */ select
            t1_0.id,
            t1_0.address,
            t1_0.approval_date,
            t1_0.email,
            t1_0.first_name,
            t1_0.last_name,
            t1_0.password,
            t1_0.phone_number,
            t1_0.registration_date,
            t1_0.rejection_reason,
            t1_0.role_id,
            t1_0.specialization,
            t1_0.status,
            t1_0.years_of_experience 
        from
            technicians t1_0 
        where
            t1_0.email=?
2026-02-26 20:50:42 [http-nio-8080-exec-9] DEBUG org.hibernate.SQL - 
    /* SELECT
        c 
    FROM
        Company c 
    WHERE
        c.email = :email */ select
            c1_0.id,
            c1_0.companyid,
            c1_0.email,
            c1_0.name,
            c1_0.password,
            c1_0.role_id 
        from
            companies c1_0 
        where
            c1_0.email=?
2026-02-26 21:04:02 [SpringApplicationShutdownHook] INFO  o.s.boot.tomcat.GracefulShutdown - Commencing graceful shutdown. Waiting for active requests to complete
2026-02-26 21:04:03 [tomcat-shutdown] INFO  o.s.boot.tomcat.GracefulShutdown - Graceful shutdown complete
2026-02-26 21:04:04 [SpringApplicationShutdownHook] INFO  o.s.o.j.LocalContainerEntityManagerFactoryBean - Closing JPA EntityManagerFactory for persistence unit 'default'
2026-02-26 21:04:05 [SpringApplicationShutdownHook] INFO  com.zaxxer.hikari.HikariDataSource - RMISHikariPool - Shutdown initiated...
2026-02-26 21:04:06 [SpringApplicationShutdownHook] INFO  com.zaxxer.hikari.HikariDataSource - RMISHikariPool - Shutdown completed.
2026-02-26 21:14:49 [main] INFO  com.rmis.rmis.RmisApplication - Starting RmisApplication using Java 24.0.2 with PID 14756 (C:\Users\DELL\Desktop\SE project\RMIS\rmis-BE\rmis\target\classes started by DELL in C:\Users\DELL\Desktop\SE project\RMIS\rmis-BE)
2026-02-26 21:14:49 [main] DEBUG com.rmis.rmis.RmisApplication - Running with Spring Boot v4.0.2, Spring v7.0.3
2026-02-26 21:14:49 [main] INFO  com.rmis.rmis.RmisApplication - The following 1 profile is active: "dev"
2026-02-26 21:14:52 [main] INFO  o.s.d.r.c.RepositoryConfigurationDelegate - Multiple Spring Data modules found, entering strict repository configuration mode
2026-02-26 21:14:52 [main] INFO  o.s.d.r.c.RepositoryConfigurationDelegate - Bootstrapping Spring Data JDBC repositories in DEFAULT mode.
2026-02-26 21:14:52 [main] INFO  o.s.d.r.c.RepositoryConfigurationExtensionSupport - Spring Data JDBC - Could not safely identify store assignment for repository candidate interface com.rmis.rmis.repositories.CertificationRepository; If you want this repository to be a JDBC repository, consider annotating your entities with one of these annotations: org.springframework.data.relational.core.mapping.Table.
2026-02-26 21:14:52 [main] INFO  o.s.d.r.c.RepositoryConfigurationExtensionSupport - Spring Data JDBC - Could not safely identify store assignment for repository candidate interface com.rmis.rmis.repositories.CompanyRepository; If you want this repository to be a JDBC repository, consider annotating your entities with one of these annotations: org.springframework.data.relational.core.mapping.Table.
2026-02-26 21:14:52 [main] INFO  o.s.d.r.c.RepositoryConfigurationExtensionSupport - Spring Data JDBC - Could not safely identify store assignment for repository candidate interface com.rmis.rmis.repositories.RoleRepository; If you want this repository to be a JDBC repository, consider annotating your entities with one of these annotations: org.springframework.data.relational.core.mapping.Table.
2026-02-26 21:14:52 [main] INFO  o.s.d.r.c.RepositoryConfigurationExtensionSupport - Spring Data JDBC - Could not safely identify store assignment for repository candidate interface com.rmis.rmis.repositories.TechnicianRepository; If you want this repository to be a JDBC repository, consider annotating your entities with one of these annotations: org.springframework.data.relational.core.mapping.Table.
2026-02-26 21:14:52 [main] INFO  o.s.d.r.c.RepositoryConfigurationDelegate - Finished Spring Data repository scanning in 100 ms. Found 0 JDBC repository interfaces.
2026-02-26 21:14:52 [main] INFO  o.s.d.r.c.RepositoryConfigurationDelegate - Multiple Spring Data modules found, entering strict repository configuration mode
2026-02-26 21:14:52 [main] INFO  o.s.d.r.c.RepositoryConfigurationDelegate - Bootstrapping Spring Data JPA repositories in DEFAULT mode.
2026-02-26 21:14:53 [main] INFO  o.s.d.r.c.RepositoryConfigurationDelegate - Finished Spring Data repository scanning in 97 ms. Found 4 JPA repository interfaces.
2026-02-26 21:14:55 [main] INFO  o.s.boot.tomcat.TomcatWebServer - Tomcat initialized with port 8080 (http)
2026-02-26 21:14:55 [main] INFO  o.a.catalina.core.StandardService - Starting service [Tomcat]
2026-02-26 21:14:55 [main] INFO  o.a.catalina.core.StandardEngine - Starting Servlet engine: [Apache Tomcat/11.0.15]
2026-02-26 21:14:55 [main] INFO  o.s.b.w.c.s.WebApplicationContextInitializer - Root WebApplicationContext: initialization completed in 6002 ms
2026-02-26 21:14:55 [main] INFO  org.hibernate.orm.jpa - HHH008540: Processing PersistenceUnitInfo [name: default]
2026-02-26 21:14:56 [main] INFO  org.hibernate.orm.core - HHH000001: Hibernate ORM core version 7.2.1.Final
2026-02-26 21:14:57 [main] INFO  o.s.o.j.p.SpringPersistenceUnitInfo - No LoadTimeWeaver setup: ignoring JPA class transformer
2026-02-26 21:14:57 [main] INFO  com.zaxxer.hikari.HikariDataSource - RMISHikariPool - Starting...
2026-02-26 21:14:58 [main] INFO  com.zaxxer.hikari.pool.HikariPool - RMISHikariPool - Added connection org.postgresql.jdbc.PgConnection@77d959f1
2026-02-26 21:14:58 [main] INFO  com.zaxxer.hikari.HikariDataSource - RMISHikariPool - Start completed.
2026-02-26 21:14:59 [main] WARN  org.hibernate.orm.deprecation - HHH90000025: PostgreSQLDialect does not need to be specified explicitly using 'hibernate.dialect' (remove the property setting and it will be selected by default)
2026-02-26 21:14:59 [main] INFO  o.hibernate.orm.connections.pooling - HHH10001005: Database info:
	Database JDBC URL [jdbc:postgresql://localhost:5432/rmis_db]
	Database driver: PostgreSQL JDBC Driver
	Database dialect: PostgreSQLDialect
	Database version: 15.16
	Default catalog/schema: rmis_db/public
	Autocommit mode: undefined/unknown
	Isolation level: READ_COMMITTED [default READ_COMMITTED]
	JDBC fetch size: none
	Pool: DataSourceConnectionProvider
	Minimum pool size: undefined/unknown
	Maximum pool size: undefined/unknown
2026-02-26 21:15:02 [main] INFO  org.hibernate.orm.core - HHH000489: No JTA platform available (set 'hibernate.transaction.jta.platform' to enable JTA platform integration)
2026-02-26 21:15:02 [main] INFO  org.hibernate.orm.jdbc.batch - HHH100501: Automatic JDBC statement batching enabled (maximum batch size 20)
2026-02-26 21:15:02 [main] INFO  o.s.o.j.LocalContainerEntityManagerFactoryBean - Initialized JPA EntityManagerFactory for persistence unit 'default'
2026-02-26 21:15:02 [main] INFO  o.s.d.j.r.q.QueryEnhancerFactories - Hibernate is in classpath; If applicable, HQL parser will be used.
2026-02-26 21:15:03 [main] DEBUG c.r.r.utils.JwtAuthenticationFilter - Filter 'jwtAuthenticationFilter' configured for use
2026-02-26 21:15:03 [main] INFO  o.s.s.c.a.a.c.InitializeAuthenticationProviderBeanManagerConfigurer$InitializeAuthenticationProviderManagerConfigurer - Global AuthenticationManager configured with AuthenticationProvider bean with name authenticationProvider
2026-02-26 21:15:03 [main] WARN  o.s.s.c.a.a.c.InitializeUserDetailsBeanManagerConfigurer$InitializeUserDetailsManagerConfigurer - Global AuthenticationManager configured with an AuthenticationProvider bean. UserDetailsService beans will not be used by Spring Security for automatically configuring username/password login. Consider removing the AuthenticationProvider bean. Alternatively, consider using the UserDetailsService in a manually instantiated DaoAuthenticationProvider. If the current configuration is intentional, to turn off this warning, increase the logging level of 'org.springframework.security.config.annotation.authentication.configuration.InitializeUserDetailsBeanManagerConfigurer' to ERROR
2026-02-26 21:15:03 [main] INFO  c.r.r.s.impl.FileStorageService - File upload directory created: C:\Users\DELL\Desktop\SE project\RMIS\rmis-BE\uploads\certifications
2026-02-26 21:15:03 [main] WARN  o.s.b.j.a.JpaBaseConfiguration$JpaWebConfiguration - spring.jpa.open-in-view is enabled by default. Therefore, database queries may be performed during view rendering. Explicitly configure spring.jpa.open-in-view to disable this warning
2026-02-26 21:15:05 [main] INFO  o.s.boot.tomcat.TomcatWebServer - Tomcat started on port 8080 (http) with context path '/'
2026-02-26 21:15:05 [main] INFO  com.rmis.rmis.RmisApplication - Started RmisApplication in 18.037 seconds (process running for 20.167)
2026-02-26 21:15:06 [main] DEBUG org.hibernate.SQL - 
    /* SELECT
        r 
    FROM
        Role r 
    WHERE
        r.name = :name */ select
            r1_0.id,
            r1_0.name 
        from
            roles r1_0 
        where
            r1_0.name=?
2026-02-26 21:15:06 [main] DEBUG org.hibernate.SQL - 
    /* SELECT
        r 
    FROM
        Role r 
    WHERE
        r.name = :name */ select
            r1_0.id,
            r1_0.name 
        from
            roles r1_0 
        where
            r1_0.name=?
2026-02-26 21:15:06 [main] DEBUG org.hibernate.SQL - 
    /* SELECT
        r 
    FROM
        Role r 
    WHERE
        r.name = :name */ select
            r1_0.id,
            r1_0.name 
        from
            roles r1_0 
        where
            r1_0.name=?
2026-02-26 21:15:06 [main] DEBUG org.hibernate.SQL - 
    /* SELECT
        r 
    FROM
        Role r 
    WHERE
        r.name = :name */ select
            r1_0.id,
            r1_0.name 
        from
            roles r1_0 
        where
            r1_0.name=?
2026-02-26 21:15:26 [http-nio-8080-exec-1] INFO  o.a.c.c.C.[Tomcat].[localhost].[/] - Initializing Spring DispatcherServlet 'dispatcherServlet'
2026-02-26 21:15:26 [http-nio-8080-exec-1] INFO  o.s.web.servlet.DispatcherServlet - Initializing Servlet 'dispatcherServlet'
2026-02-26 21:15:26 [http-nio-8080-exec-1] INFO  o.s.web.servlet.DispatcherServlet - Completed initialization in 124 ms
2026-02-26 21:15:28 [http-nio-8080-exec-1] DEBUG org.hibernate.SQL - 
    /* SELECT
        t 
    FROM
        Technician t 
    WHERE
        t.email = :email */ select
            t1_0.id,
            t1_0.address,
            t1_0.approval_date,
            t1_0.email,
            t1_0.first_name,
            t1_0.last_name,
            t1_0.password,
            t1_0.phone_number,
            t1_0.registration_date,
            t1_0.rejection_reason,
            t1_0.role_id,
            t1_0.specialization,
            t1_0.status,
            t1_0.years_of_experience 
        from
            technicians t1_0 
        where
            t1_0.email=?
2026-02-26 21:15:28 [http-nio-8080-exec-1] DEBUG org.hibernate.SQL - 
    select
        r1_0.id,
        r1_0.name 
    from
        roles r1_0 
    where
        r1_0.id=?
2026-02-26 22:05:32 [http-nio-8080-exec-7] DEBUG org.hibernate.SQL - 
    /* SELECT
        t 
    FROM
        Technician t 
    WHERE
        t.email = :email */ select
            t1_0.id,
            t1_0.address,
            t1_0.approval_date,
            t1_0.email,
            t1_0.first_name,
            t1_0.last_name,
            t1_0.password,
            t1_0.phone_number,
            t1_0.registration_date,
            t1_0.rejection_reason,
            t1_0.role_id,
            t1_0.specialization,
            t1_0.status,
            t1_0.years_of_experience 
        from
            technicians t1_0 
        where
            t1_0.email=?
2026-02-26 22:05:32 [http-nio-8080-exec-7] DEBUG org.hibernate.SQL - 
    select
        r1_0.id,
        r1_0.name 
    from
        roles r1_0 
    where
        r1_0.id=?
2026-02-26 22:09:19 [http-nio-8080-exec-4] DEBUG org.hibernate.SQL - 
    /* SELECT
        t 
    FROM
        Technician t 
    WHERE
        t.email = :email */ select
            t1_0.id,
            t1_0.address,
            t1_0.approval_date,
            t1_0.email,
            t1_0.first_name,
            t1_0.last_name,
            t1_0.password,
            t1_0.phone_number,
            t1_0.registration_date,
            t1_0.rejection_reason,
            t1_0.role_id,
            t1_0.specialization,
            t1_0.status,
            t1_0.years_of_experience 
        from
            technicians t1_0 
        where
            t1_0.email=?
2026-02-26 22:09:19 [http-nio-8080-exec-4] DEBUG org.hibernate.SQL - 
    select
        r1_0.id,
        r1_0.name 
    from
        roles r1_0 
    where
        r1_0.id=?
2026-02-26 22:09:19 [http-nio-8080-exec-4] DEBUG org.hibernate.SQL - 
    /* SELECT
        t 
    FROM
        Technician t 
    WHERE
        t.email = :email */ select
            t1_0.id,
            t1_0.address,
            t1_0.approval_date,
            t1_0.email,
            t1_0.first_name,
            t1_0.last_name,
            t1_0.password,
            t1_0.phone_number,
            t1_0.registration_date,
            t1_0.rejection_reason,
            t1_0.role_id,
            t1_0.specialization,
            t1_0.status,
            t1_0.years_of_experience 
        from
            technicians t1_0 
        where
            t1_0.email=?
2026-02-26 22:09:19 [http-nio-8080-exec-4] DEBUG org.hibernate.SQL - 
    select
        r1_0.id,
        r1_0.name 
    from
        roles r1_0 
    where
        r1_0.id=?
2026-02-26 22:10:19 [http-nio-8080-exec-8] DEBUG org.hibernate.SQL - 
    /* SELECT
        t 
    FROM
        Technician t 
    WHERE
        t.email = :email */ select
            t1_0.id,
            t1_0.address,
            t1_0.approval_date,
            t1_0.email,
            t1_0.first_name,
            t1_0.last_name,
            t1_0.password,
            t1_0.phone_number,
            t1_0.registration_date,
            t1_0.rejection_reason,
            t1_0.role_id,
            t1_0.specialization,
            t1_0.status,
            t1_0.years_of_experience 
        from
            technicians t1_0 
        where
            t1_0.email=?
2026-02-26 22:10:19 [http-nio-8080-exec-8] DEBUG org.hibernate.SQL - 
    select
        r1_0.id,
        r1_0.name 
    from
        roles r1_0 
    where
        r1_0.id=?
2026-02-26 22:10:20 [http-nio-8080-exec-8] INFO  c.r.r.c.AdminTechnicianController - Admin fetching pending technicians
2026-02-26 22:10:20 [http-nio-8080-exec-8] DEBUG org.hibernate.SQL - 
    /* SELECT
        t 
    FROM
        Technician t 
    WHERE
        t.status = :status */ select
            t1_0.id,
            t1_0.address,
            t1_0.approval_date,
            t1_0.email,
            t1_0.first_name,
            t1_0.last_name,
            t1_0.password,
            t1_0.phone_number,
            t1_0.registration_date,
            t1_0.rejection_reason,
            t1_0.role_id,
            t1_0.specialization,
            t1_0.status,
            t1_0.years_of_experience 
        from
            technicians t1_0 
        where
            t1_0.status=?
2026-02-26 22:10:20 [http-nio-8080-exec-8] DEBUG org.hibernate.SQL - 
    select
        r1_0.id,
        r1_0.name 
    from
        roles r1_0 
    where
        r1_0.id=?
2026-02-26 22:10:21 [http-nio-8080-exec-8] DEBUG org.hibernate.SQL - 
    select
        c1_0.technician_id,
        c1_0.id,
        c1_0.certificate_number,
        c1_0.certification_name,
        c1_0.expiry_date,
        c1_0.file_path,
        c1_0.file_size,
        c1_0.file_type,
        c1_0.issue_date,
        c1_0.issuing_authority,
        c1_0.original_file_name 
    from
        certifications c1_0 
    where
        c1_0.technician_id=?
2026-02-26 22:12:08 [http-nio-8080-exec-10] DEBUG org.hibernate.SQL - 
    /* SELECT
        t 
    FROM
        Technician t 
    WHERE
        t.email = :email */ select
            t1_0.id,
            t1_0.address,
            t1_0.approval_date,
            t1_0.email,
            t1_0.first_name,
            t1_0.last_name,
            t1_0.password,
            t1_0.phone_number,
            t1_0.registration_date,
            t1_0.rejection_reason,
            t1_0.role_id,
            t1_0.specialization,
            t1_0.status,
            t1_0.years_of_experience 
        from
            technicians t1_0 
        where
            t1_0.email=?
2026-02-26 22:12:08 [http-nio-8080-exec-10] DEBUG org.hibernate.SQL - 
    select
        r1_0.id,
        r1_0.name 
    from
        roles r1_0 
    where
        r1_0.id=?
2026-02-26 22:12:09 [http-nio-8080-exec-10] WARN  o.s.w.s.m.s.DefaultHandlerExceptionResolver - Resolved [org.springframework.web.method.annotation.MethodArgumentTypeMismatchException: Method parameter 'id': Failed to convert value of type 'java.lang.String' to required type 'java.lang.Long'; For input string: "approve"]
2026-02-26 22:12:48 [http-nio-8080-exec-2] DEBUG org.hibernate.SQL - 
    /* SELECT
        t 
    FROM
        Technician t 
    WHERE
        t.email = :email */ select
            t1_0.id,
            t1_0.address,
            t1_0.approval_date,
            t1_0.email,
            t1_0.first_name,
            t1_0.last_name,
            t1_0.password,
            t1_0.phone_number,
            t1_0.registration_date,
            t1_0.rejection_reason,
            t1_0.role_id,
            t1_0.specialization,
            t1_0.status,
            t1_0.years_of_experience 
        from
            technicians t1_0 
        where
            t1_0.email=?
2026-02-26 22:12:49 [http-nio-8080-exec-2] DEBUG org.hibernate.SQL - 
    select
        r1_0.id,
        r1_0.name 
    from
        roles r1_0 
    where
        r1_0.id=?
2026-02-26 22:12:49 [http-nio-8080-exec-2] WARN  o.s.w.s.m.s.DefaultHandlerExceptionResolver - Resolved [org.springframework.web.method.annotation.MethodArgumentTypeMismatchException: Method parameter 'id': Failed to convert value of type 'java.lang.String' to required type 'java.lang.Long'; For input string: "approve"]
2026-02-26 22:13:21 [http-nio-8080-exec-3] DEBUG org.hibernate.SQL - 
    /* SELECT
        t 
    FROM
        Technician t 
    WHERE
        t.email = :email */ select
            t1_0.id,
            t1_0.address,
            t1_0.approval_date,
            t1_0.email,
            t1_0.first_name,
            t1_0.last_name,
            t1_0.password,
            t1_0.phone_number,
            t1_0.registration_date,
            t1_0.rejection_reason,
            t1_0.role_id,
            t1_0.specialization,
            t1_0.status,
            t1_0.years_of_experience 
        from
            technicians t1_0 
        where
            t1_0.email=?
2026-02-26 22:13:21 [http-nio-8080-exec-3] DEBUG org.hibernate.SQL - 
    select
        r1_0.id,
        r1_0.name 
    from
        roles r1_0 
    where
        r1_0.id=?
2026-02-26 22:13:22 [http-nio-8080-exec-3] WARN  o.s.w.s.m.s.DefaultHandlerExceptionResolver - Resolved [org.springframework.web.method.annotation.MethodArgumentTypeMismatchException: Method parameter 'id': Failed to convert value of type 'java.lang.String' to required type 'java.lang.Long'; For input string: "approve"]
2026-02-26 22:14:01 [http-nio-8080-exec-5] DEBUG org.hibernate.SQL - 
    /* SELECT
        t 
    FROM
        Technician t 
    WHERE
        t.email = :email */ select
            t1_0.id,
            t1_0.address,
            t1_0.approval_date,
            t1_0.email,
            t1_0.first_name,
            t1_0.last_name,
            t1_0.password,
            t1_0.phone_number,
            t1_0.registration_date,
            t1_0.rejection_reason,
            t1_0.role_id,
            t1_0.specialization,
            t1_0.status,
            t1_0.years_of_experience 
        from
            technicians t1_0 
        where
            t1_0.email=?
2026-02-26 22:14:02 [http-nio-8080-exec-5] DEBUG org.hibernate.SQL - 
    select
        r1_0.id,
        r1_0.name 
    from
        roles r1_0 
    where
        r1_0.id=?
2026-02-26 22:14:02 [http-nio-8080-exec-5] WARN  o.s.w.s.m.s.DefaultHandlerExceptionResolver - Resolved [org.springframework.web.method.annotation.MethodArgumentTypeMismatchException: Method parameter 'id': Failed to convert value of type 'java.lang.String' to required type 'java.lang.Long'; For input string: "approve"]
2026-02-26 22:14:38 [http-nio-8080-exec-4] DEBUG org.hibernate.SQL - 
    /* SELECT
        t 
    FROM
        Technician t 
    WHERE
        t.email = :email */ select
            t1_0.id,
            t1_0.address,
            t1_0.approval_date,
            t1_0.email,
            t1_0.first_name,
            t1_0.last_name,
            t1_0.password,
            t1_0.phone_number,
            t1_0.registration_date,
            t1_0.rejection_reason,
            t1_0.role_id,
            t1_0.specialization,
            t1_0.status,
            t1_0.years_of_experience 
        from
            technicians t1_0 
        where
            t1_0.email=?
2026-02-26 22:14:38 [http-nio-8080-exec-4] DEBUG org.hibernate.SQL - 
    select
        r1_0.id,
        r1_0.name 
    from
        roles r1_0 
    where
        r1_0.id=?
2026-02-26 22:14:38 [http-nio-8080-exec-4] WARN  o.s.w.s.m.s.DefaultHandlerExceptionResolver - Resolved [org.springframework.web.method.annotation.MethodArgumentTypeMismatchException: Method parameter 'id': Failed to convert value of type 'java.lang.String' to required type 'java.lang.Long'; For input string: "approve"]
2026-02-26 22:55:31 [http-nio-8080-exec-7] DEBUG org.hibernate.SQL - 
    /* SELECT
        t 
    FROM
        Technician t 
    WHERE
        t.email = :email */ select
            t1_0.id,
            t1_0.address,
            t1_0.approval_date,
            t1_0.email,
            t1_0.first_name,
            t1_0.last_name,
            t1_0.password,
            t1_0.phone_number,
            t1_0.registration_date,
            t1_0.rejection_reason,
            t1_0.role_id,
            t1_0.specialization,
            t1_0.status,
            t1_0.years_of_experience 
        from
            technicians t1_0 
        where
            t1_0.email=?
2026-02-26 22:55:32 [http-nio-8080-exec-7] DEBUG org.hibernate.SQL - 
    select
        r1_0.id,
        r1_0.name 
    from
        roles r1_0 
    where
        r1_0.id=?
2026-02-26 22:55:32 [http-nio-8080-exec-7] WARN  o.s.w.s.m.s.DefaultHandlerExceptionResolver - Resolved [org.springframework.web.method.annotation.MethodArgumentTypeMismatchException: Method parameter 'id': Failed to convert value of type 'java.lang.String' to required type 'java.lang.Long'; For input string: "approve"]
2026-02-26 22:55:43 [http-nio-8080-exec-9] DEBUG org.hibernate.SQL - 
    /* SELECT
        t 
    FROM
        Technician t 
    WHERE
        t.email = :email */ select
            t1_0.id,
            t1_0.address,
            t1_0.approval_date,
            t1_0.email,
            t1_0.first_name,
            t1_0.last_name,
            t1_0.password,
            t1_0.phone_number,
            t1_0.registration_date,
            t1_0.rejection_reason,
            t1_0.role_id,
            t1_0.specialization,
            t1_0.status,
            t1_0.years_of_experience 
        from
            technicians t1_0 
        where
            t1_0.email=?
2026-02-26 22:55:43 [http-nio-8080-exec-9] DEBUG org.hibernate.SQL - 
    select
        r1_0.id,
        r1_0.name 
    from
        roles r1_0 
    where
        r1_0.id=?
2026-02-26 22:56:24 [http-nio-8080-exec-1] DEBUG org.hibernate.SQL - 
    /* SELECT
        t 
    FROM
        Technician t 
    WHERE
        t.email = :email */ select
            t1_0.id,
            t1_0.address,
            t1_0.approval_date,
            t1_0.email,
            t1_0.first_name,
            t1_0.last_name,
            t1_0.password,
            t1_0.phone_number,
            t1_0.registration_date,
            t1_0.rejection_reason,
            t1_0.role_id,
            t1_0.specialization,
            t1_0.status,
            t1_0.years_of_experience 
        from
            technicians t1_0 
        where
            t1_0.email=?
2026-02-26 22:56:24 [http-nio-8080-exec-1] DEBUG org.hibernate.SQL - 
    select
        r1_0.id,
        r1_0.name 
    from
        roles r1_0 
    where
        r1_0.id=?
2026-02-26 22:56:25 [http-nio-8080-exec-1] WARN  o.s.w.s.m.s.DefaultHandlerExceptionResolver - Resolved [org.springframework.web.method.annotation.MethodArgumentTypeMismatchException: Method parameter 'id': Failed to convert value of type 'java.lang.String' to required type 'java.lang.Long'; For input string: "approve"]
2026-02-26 22:57:30 [http-nio-8080-exec-2] DEBUG org.hibernate.SQL - 
    /* SELECT
        t 
    FROM
        Technician t 
    WHERE
        t.email = :email */ select
            t1_0.id,
            t1_0.address,
            t1_0.approval_date,
            t1_0.email,
            t1_0.first_name,
            t1_0.last_name,
            t1_0.password,
            t1_0.phone_number,
            t1_0.registration_date,
            t1_0.rejection_reason,
            t1_0.role_id,
            t1_0.specialization,
            t1_0.status,
            t1_0.years_of_experience 
        from
            technicians t1_0 
        where
            t1_0.email=?
2026-02-26 22:57:31 [http-nio-8080-exec-2] DEBUG org.hibernate.SQL - 
    select
        r1_0.id,
        r1_0.name 
    from
        roles r1_0 
    where
        r1_0.id=?
2026-02-26 22:57:31 [http-nio-8080-exec-2] WARN  o.s.w.s.m.s.DefaultHandlerExceptionResolver - Resolved [org.springframework.web.method.annotation.MethodArgumentTypeMismatchException: Method parameter 'id': Failed to convert value of type 'java.lang.String' to required type 'java.lang.Long'; For input string: "approve"]
2026-02-26 22:59:47 [http-nio-8080-exec-6] DEBUG org.hibernate.SQL - 
    /* SELECT
        t 
    FROM
        Technician t 
    WHERE
        t.email = :email */ select
            t1_0.id,
            t1_0.address,
            t1_0.approval_date,
            t1_0.email,
            t1_0.first_name,
            t1_0.last_name,
            t1_0.password,
            t1_0.phone_number,
            t1_0.registration_date,
            t1_0.rejection_reason,
            t1_0.role_id,
            t1_0.specialization,
            t1_0.status,
            t1_0.years_of_experience 
        from
            technicians t1_0 
        where
            t1_0.email=?
2026-02-26 22:59:47 [http-nio-8080-exec-6] DEBUG org.hibernate.SQL - 
    select
        r1_0.id,
        r1_0.name 
    from
        roles r1_0 
    where
        r1_0.id=?
2026-02-26 22:59:51 [http-nio-8080-exec-6] INFO  c.r.r.c.AdminTechnicianController - Admin processing technician approval: 4
2026-02-26 22:59:51 [http-nio-8080-exec-6] INFO  c.r.r.s.i.TechnicianAuthServiceImpl - Approving technician with ID: 4
2026-02-26 22:59:51 [http-nio-8080-exec-6] DEBUG org.hibernate.SQL - 
    select
        t1_0.id,
        t1_0.address,
        t1_0.approval_date,
        t1_0.email,
        t1_0.first_name,
        t1_0.last_name,
        t1_0.password,
        t1_0.phone_number,
        t1_0.registration_date,
        t1_0.rejection_reason,
        t1_0.role_id,
        r1_0.id,
        r1_0.name,
        t1_0.specialization,
        t1_0.status,
        t1_0.years_of_experience 
    from
        technicians t1_0 
    join
        roles r1_0 
            on r1_0.id=t1_0.role_id 
    where
        t1_0.id=?
2026-02-26 22:59:52 [http-nio-8080-exec-6] INFO  c.r.r.s.i.TechnicianAuthServiceImpl - Technician approved successfully: 4
2026-02-26 22:59:52 [http-nio-8080-exec-6] DEBUG org.hibernate.SQL - 
    select
        c1_0.technician_id,
        c1_0.id,
        c1_0.certificate_number,
        c1_0.certification_name,
        c1_0.expiry_date,
        c1_0.file_path,
        c1_0.file_size,
        c1_0.file_type,
        c1_0.issue_date,
        c1_0.issuing_authority,
        c1_0.original_file_name 
    from
        certifications c1_0 
    where
        c1_0.technician_id=?
2026-02-26 22:59:52 [http-nio-8080-exec-6] DEBUG org.hibernate.SQL - 
    /* update
        
    for
        com.rmis.rmis.domain.entities.Technician */update technicians 
    set
        address=?,
        approval_date=?,
        email=?,
        first_name=?,
        last_name=?,
        password=?,
        phone_number=?,
        registration_date=?,
        rejection_reason=?,
        role_id=?,
        specialization=?,
        status=?,
        years_of_experience=? 
    where
        id=?
2026-02-26 22:59:53 [http-nio-8080-exec-6] INFO  c.r.r.c.AdminTechnicianController - Technician approved: 4
2026-02-26 23:01:14 [http-nio-8080-exec-9] INFO  c.r.r.c.TechnicianAuthController - Received login request for technician: john.doe@example.com
2026-02-26 23:01:14 [http-nio-8080-exec-9] INFO  c.r.r.s.i.TechnicianAuthServiceImpl - Login attempt for technician: john.doe@example.com
2026-02-26 23:01:15 [http-nio-8080-exec-9] DEBUG org.hibernate.SQL - 
    /* SELECT
        t 
    FROM
        Technician t 
    WHERE
        t.email = :email */ select
            t1_0.id,
            t1_0.address,
            t1_0.approval_date,
            t1_0.email,
            t1_0.first_name,
            t1_0.last_name,
            t1_0.password,
            t1_0.phone_number,
            t1_0.registration_date,
            t1_0.rejection_reason,
            t1_0.role_id,
            t1_0.specialization,
            t1_0.status,
            t1_0.years_of_experience 
        from
            technicians t1_0 
        where
            t1_0.email=?
2026-02-26 23:01:15 [http-nio-8080-exec-9] DEBUG org.hibernate.SQL - 
    select
        r1_0.id,
        r1_0.name 
    from
        roles r1_0 
    where
        r1_0.id=?
2026-02-26 23:01:15 [http-nio-8080-exec-9] DEBUG org.hibernate.SQL - 
    /* SELECT
        t 
    FROM
        Technician t 
    WHERE
        t.email = :email */ select
            t1_0.id,
            t1_0.address,
            t1_0.approval_date,
            t1_0.email,
            t1_0.first_name,
            t1_0.last_name,
            t1_0.password,
            t1_0.phone_number,
            t1_0.registration_date,
            t1_0.rejection_reason,
            t1_0.role_id,
            t1_0.specialization,
            t1_0.status,
            t1_0.years_of_experience 
        from
            technicians t1_0 
        where
            t1_0.email=?
2026-02-26 23:01:15 [http-nio-8080-exec-9] INFO  c.r.r.s.i.TechnicianAuthServiceImpl - Technician logged in successfully: john.doe@example.com
2026-02-26 23:01:15 [http-nio-8080-exec-9] INFO  c.r.r.c.TechnicianAuthController - Login successful for technician: john.doe@example.com
2026-02-26 23:03:42 [http-nio-8080-exec-3] DEBUG org.hibernate.SQL - 
    /* SELECT
        t 
    FROM
        Technician t 
    WHERE
        t.email = :email */ select
            t1_0.id,
            t1_0.address,
            t1_0.approval_date,
            t1_0.email,
            t1_0.first_name,
            t1_0.last_name,
            t1_0.password,
            t1_0.phone_number,
            t1_0.registration_date,
            t1_0.rejection_reason,
            t1_0.role_id,
            t1_0.specialization,
            t1_0.status,
            t1_0.years_of_experience 
        from
            technicians t1_0 
        where
            t1_0.email=?
2026-02-26 23:03:43 [http-nio-8080-exec-3] DEBUG org.hibernate.SQL - 
    select
        r1_0.id,
        r1_0.name 
    from
        roles r1_0 
    where
        r1_0.id=?
2026-02-26 23:03:43 [http-nio-8080-exec-3] INFO  c.r.r.c.AdminTechnicianController - Admin processing technician approval: 4
2026-02-26 23:03:43 [http-nio-8080-exec-3] INFO  c.r.r.s.i.TechnicianAuthServiceImpl - Rejecting technician with ID: 4
2026-02-26 23:03:43 [http-nio-8080-exec-3] DEBUG org.hibernate.SQL - 
    select
        t1_0.id,
        t1_0.address,
        t1_0.approval_date,
        t1_0.email,
        t1_0.first_name,
        t1_0.last_name,
        t1_0.password,
        t1_0.phone_number,
        t1_0.registration_date,
        t1_0.rejection_reason,
        t1_0.role_id,
        r1_0.id,
        r1_0.name,
        t1_0.specialization,
        t1_0.status,
        t1_0.years_of_experience 
    from
        technicians t1_0 
    join
        roles r1_0 
            on r1_0.id=t1_0.role_id 
    where
        t1_0.id=?
2026-02-26 23:03:43 [http-nio-8080-exec-3] INFO  c.r.r.s.i.TechnicianAuthServiceImpl - Technician rejected: 4
2026-02-26 23:03:43 [http-nio-8080-exec-3] DEBUG org.hibernate.SQL - 
    select
        c1_0.technician_id,
        c1_0.id,
        c1_0.certificate_number,
        c1_0.certification_name,
        c1_0.expiry_date,
        c1_0.file_path,
        c1_0.file_size,
        c1_0.file_type,
        c1_0.issue_date,
        c1_0.issuing_authority,
        c1_0.original_file_name 
    from
        certifications c1_0 
    where
        c1_0.technician_id=?
2026-02-26 23:03:43 [http-nio-8080-exec-3] DEBUG org.hibernate.SQL - 
    /* update
        
    for
        com.rmis.rmis.domain.entities.Technician */update technicians 
    set
        address=?,
        approval_date=?,
        email=?,
        first_name=?,
        last_name=?,
        password=?,
        phone_number=?,
        registration_date=?,
        rejection_reason=?,
        role_id=?,
        specialization=?,
        status=?,
        years_of_experience=? 
    where
        id=?
2026-02-26 23:03:43 [http-nio-8080-exec-3] INFO  c.r.r.c.AdminTechnicianController - Technician rejected: 4
2026-02-26 23:04:25 [http-nio-8080-exec-2] WARN  o.s.w.s.m.s.DefaultHandlerExceptionResolver - Resolved [org.springframework.web.HttpMediaTypeNotSupportedException: Content-Type 'text/plain;charset=UTF-8' is not supported]
2026-02-26 23:04:53 [http-nio-8080-exec-5] INFO  c.r.r.c.TechnicianAuthController - Received login request for technician: john.doe@example.com
2026-02-26 23:04:53 [http-nio-8080-exec-5] INFO  c.r.r.s.i.TechnicianAuthServiceImpl - Login attempt for technician: john.doe@example.com
2026-02-26 23:04:53 [http-nio-8080-exec-5] DEBUG org.hibernate.SQL - 
    /* SELECT
        t 
    FROM
        Technician t 
    WHERE
        t.email = :email */ select
            t1_0.id,
            t1_0.address,
            t1_0.approval_date,
            t1_0.email,
            t1_0.first_name,
            t1_0.last_name,
            t1_0.password,
            t1_0.phone_number,
            t1_0.registration_date,
            t1_0.rejection_reason,
            t1_0.role_id,
            t1_0.specialization,
            t1_0.status,
            t1_0.years_of_experience 
        from
            technicians t1_0 
        where
            t1_0.email=?
2026-02-26 23:04:54 [http-nio-8080-exec-5] DEBUG org.hibernate.SQL - 
    select
        r1_0.id,
        r1_0.name 
    from
        roles r1_0 
    where
        r1_0.id=?
2026-02-26 23:04:54 [http-nio-8080-exec-5] DEBUG org.hibernate.SQL - 
    /* SELECT
        t 
    FROM
        Technician t 
    WHERE
        t.email = :email */ select
            t1_0.id,
            t1_0.address,
            t1_0.approval_date,
            t1_0.email,
            t1_0.first_name,
            t1_0.last_name,
            t1_0.password,
            t1_0.phone_number,
            t1_0.registration_date,
            t1_0.rejection_reason,
            t1_0.role_id,
            t1_0.specialization,
            t1_0.status,
            t1_0.years_of_experience 
        from
            technicians t1_0 
        where
            t1_0.email=?
2026-02-26 23:04:54 [http-nio-8080-exec-5] WARN  c.r.r.s.i.TechnicianAuthServiceImpl - Login attempt by non-active technician: john.doe@example.com
2026-02-26 23:04:54 [http-nio-8080-exec-5] WARN  c.r.r.c.TechnicianAuthController - Login failed for technician: john.doe@example.com
2026-02-26 23:20:18 [http-nio-8080-exec-6] WARN  o.apache.catalina.connector.Request - Creating the temporary upload location [C:\Users\DELL\AppData\Local\Temp\tomcat.8080.649411794402048242\work\Tomcat\localhost\ROOT\.\uploads\temp] as it is required by the servlet [dispatcherServlet]
2026-02-26 23:20:22 [http-nio-8080-exec-6] INFO  c.r.r.c.TechnicianAuthController - Received technician registration request for email: john.doe@example.com
2026-02-26 23:20:22 [http-nio-8080-exec-6] INFO  c.r.r.s.i.TechnicianAuthServiceImpl - Attempting to register technician with email: john.doe@example.com
2026-02-26 23:20:23 [http-nio-8080-exec-6] DEBUG org.hibernate.SQL - 
    /* SELECT
        t.id id 
    FROM
        Technician t 
    WHERE
        t.email = :email */ select
            t1_0.id 
        from
            technicians t1_0 
        where
            t1_0.email=? 
        fetch
            first ? rows only
2026-02-26 23:20:27 [http-nio-8080-exec-6] DEBUG org.hibernate.SQL - 
    /* SELECT
        r 
    FROM
        Role r 
    WHERE
        r.name = :name */ select
            r1_0.id,
            r1_0.name 
        from
            roles r1_0 
        where
            r1_0.name=?
2026-02-26 23:20:29 [http-nio-8080-exec-6] DEBUG org.hibernate.SQL - 
    /* insert 
    for
        com.rmis.rmis.domain.entities.Technician
        */insert 
    into
        technicians (address, approval_date, email, first_name, last_name, password, phone_number, registration_date, rejection_reason, role_id, specialization, status, years_of_experience) 
    values
        (?, ?, ?, ?, ?, ?, ?, ?, ?, ?, ?, ?, ?)
2026-02-26 23:20:31 [http-nio-8080-exec-6] INFO  c.r.r.s.i.TechnicianAuthServiceImpl - Technician saved with ID: 8
2026-02-26 23:20:31 [http-nio-8080-exec-6] ERROR c.r.r.s.i.TechnicianAuthServiceImpl - Error processing certification: Certification file is required
2026-02-26 23:20:32 [http-nio-8080-exec-6] ERROR c.r.r.c.TechnicianAuthController - Registration failed unexpectedly
java.lang.RuntimeException: Failed to process certification: Certification file is required
	at com.rmis.rmis.services.impl.TechnicianAuthServiceImpl.register(TechnicianAuthServiceImpl.java:145)
	at java.base/jdk.internal.reflect.DirectMethodHandleAccessor.invoke(DirectMethodHandleAccessor.java:104)
	at java.base/java.lang.reflect.Method.invoke(Method.java:565)
	at org.springframework.aop.support.AopUtils.invokeJoinpointUsingReflection(AopUtils.java:359)
	at org.springframework.aop.framework.ReflectiveMethodInvocation.invokeJoinpoint(ReflectiveMethodInvocation.java:190)
	at org.springframework.aop.framework.ReflectiveMethodInvocation.proceed(ReflectiveMethodInvocation.java:158)
	at org.springframework.transaction.interceptor.TransactionInterceptor$1.proceedWithInvocation(TransactionInterceptor.java:133)
	at org.springframework.transaction.interceptor.TransactionAspectSupport.invokeWithinTransaction(TransactionAspectSupport.java:371)
	at org.springframework.transaction.interceptor.TransactionInterceptor.invoke(TransactionInterceptor.java:130)
	at org.springframework.aop.framework.ReflectiveMethodInvocation.proceed(ReflectiveMethodInvocation.java:179)
	at org.springframework.aop.framework.CglibAopProxy$DynamicAdvisedInterceptor.intercept(CglibAopProxy.java:719)
	at com.rmis.rmis.services.impl.TechnicianAuthServiceImpl$$SpringCGLIB$$0.register(<generated>)
	at com.rmis.rmis.controllers.TechnicianAuthController.register(TechnicianAuthController.java:37)
	at java.base/jdk.internal.reflect.DirectMethodHandleAccessor.invoke(DirectMethodHandleAccessor.java:104)
	at java.base/java.lang.reflect.Method.invoke(Method.java:565)
	at org.springframework.web.method.support.InvocableHandlerMethod.doInvoke(InvocableHandlerMethod.java:258)
	at org.springframework.web.method.support.InvocableHandlerMethod.invokeForRequest(InvocableHandlerMethod.java:190)
	at org.springframework.web.servlet.mvc.method.annotation.ServletInvocableHandlerMethod.invokeAndHandle(ServletInvocableHandlerMethod.java:117)
	at org.springframework.web.servlet.mvc.method.annotation.RequestMappingHandlerAdapter.invokeHandlerMethod(RequestMappingHandlerAdapter.java:934)
	at org.springframework.web.servlet.mvc.method.annotation.RequestMappingHandlerAdapter.handleInternal(RequestMappingHandlerAdapter.java:853)
	at org.springframework.web.servlet.mvc.method.AbstractHandlerMethodAdapter.handle(AbstractHandlerMethodAdapter.java:86)
	at org.springframework.web.servlet.DispatcherServlet.doDispatch(DispatcherServlet.java:963)
	at org.springframework.web.servlet.DispatcherServlet.doService(DispatcherServlet.java:866)
	at org.springframework.web.servlet.FrameworkServlet.processRequest(FrameworkServlet.java:1003)
	at org.springframework.web.servlet.FrameworkServlet.doPost(FrameworkServlet.java:903)
	at jakarta.servlet.http.HttpServlet.service(HttpServlet.java:649)
	at org.springframework.web.servlet.FrameworkServlet.service(FrameworkServlet.java:874)
	at jakarta.servlet.http.HttpServlet.service(HttpServlet.java:710)
	at org.apache.catalina.core.ApplicationFilterChain.doFilter(ApplicationFilterChain.java:128)
	at org.apache.tomcat.websocket.server.WsFilter.doFilter(WsFilter.java:53)
	at org.apache.catalina.core.ApplicationFilterChain.doFilter(ApplicationFilterChain.java:107)
	at org.springframework.web.filter.OncePerRequestFilter.doFilter(OncePerRequestFilter.java:110)
	at org.apache.catalina.core.ApplicationFilterChain.doFilter(ApplicationFilterChain.java:107)
	at org.springframework.web.filter.CompositeFilter$VirtualFilterChain.doFilter(CompositeFilter.java:108)
	at org.springframework.security.web.FilterChainProxy.lambda$doFilterInternal$3(FilterChainProxy.java:235)
	at org.springframework.security.web.FilterChainProxy$VirtualFilterChain.doFilter(FilterChainProxy.java:371)
	at org.springframework.security.web.access.intercept.AuthorizationFilter.doFilter(AuthorizationFilter.java:101)
	at org.springframework.security.web.FilterChainProxy$VirtualFilterChain.doFilter(FilterChainProxy.java:380)
	at org.springframework.security.web.access.ExceptionTranslationFilter.doFilter(ExceptionTranslationFilter.java:126)
	at org.springframework.security.web.access.ExceptionTranslationFilter.doFilter(ExceptionTranslationFilter.java:120)
	at org.springframework.security.web.FilterChainProxy$VirtualFilterChain.doFilter(FilterChainProxy.java:380)
	at org.springframework.security.web.session.SessionManagementFilter.doFilter(SessionManagementFilter.java:132)
	at org.springframework.security.web.session.SessionManagementFilter.doFilter(SessionManagementFilter.java:86)
	at org.springframework.security.web.FilterChainProxy$VirtualFilterChain.doFilter(FilterChainProxy.java:380)
	at org.springframework.security.web.authentication.AnonymousAuthenticationFilter.doFilter(AnonymousAuthenticationFilter.java:100)
	at org.springframework.security.web.FilterChainProxy$VirtualFilterChain.doFilter(FilterChainProxy.java:380)
	at org.springframework.security.web.servletapi.SecurityContextHolderAwareRequestFilter.doFilter(SecurityContextHolderAwareRequestFilter.java:181)
	at org.springframework.security.web.FilterChainProxy$VirtualFilterChain.doFilter(FilterChainProxy.java:380)
	at org.springframework.security.web.savedrequest.RequestCacheAwareFilter.doFilter(RequestCacheAwareFilter.java:63)
	at org.springframework.security.web.FilterChainProxy$VirtualFilterChain.doFilter(FilterChainProxy.java:380)
	at com.rmis.rmis.utils.JwtAuthenticationFilter.doFilterInternal(JwtAuthenticationFilter.java:67)
	at org.springframework.web.filter.OncePerRequestFilter.doFilter(OncePerRequestFilter.java:116)
	at org.springframework.security.web.FilterChainProxy$VirtualFilterChain.doFilter(FilterChainProxy.java:380)
	at org.springframework.security.web.authentication.logout.LogoutFilter.doFilter(LogoutFilter.java:110)
	at org.springframework.security.web.authentication.logout.LogoutFilter.doFilter(LogoutFilter.java:96)
	at org.springframework.security.web.FilterChainProxy$VirtualFilterChain.doFilter(FilterChainProxy.java:380)
	at org.springframework.web.filter.CorsFilter.doFilterInternal(CorsFilter.java:91)
	at org.springframework.web.filter.OncePerRequestFilter.doFilter(OncePerRequestFilter.java:116)
	at org.springframework.security.web.FilterChainProxy$VirtualFilterChain.doFilter(FilterChainProxy.java:380)
	at org.springframework.security.web.header.HeaderWriterFilter.doHeadersAfter(HeaderWriterFilter.java:90)
	at org.springframework.security.web.header.HeaderWriterFilter.doFilterInternal(HeaderWriterFilter.java:75)
	at org.springframework.web.filter.OncePerRequestFilter.doFilter(OncePerRequestFilter.java:116)
	at org.springframework.security.web.FilterChainProxy$VirtualFilterChain.doFilter(FilterChainProxy.java:380)
	at org.springframework.security.web.context.SecurityContextHolderFilter.doFilter(SecurityContextHolderFilter.java:82)
	at org.springframework.security.web.context.SecurityContextHolderFilter.doFilter(SecurityContextHolderFilter.java:69)
	at org.springframework.security.web.FilterChainProxy$VirtualFilterChain.doFilter(FilterChainProxy.java:380)
	at org.springframework.security.web.context.request.async.WebAsyncManagerIntegrationFilter.doFilterInternal(WebAsyncManagerIntegrationFilter.java:62)
	at org.springframework.web.filter.OncePerRequestFilter.doFilter(OncePerRequestFilter.java:116)
	at org.springframework.security.web.FilterChainProxy$VirtualFilterChain.doFilter(FilterChainProxy.java:380)
	at org.springframework.security.web.session.DisableEncodeUrlFilter.doFilterInternal(DisableEncodeUrlFilter.java:42)
	at org.springframework.web.filter.OncePerRequestFilter.doFilter(OncePerRequestFilter.java:116)
	at org.springframework.security.web.FilterChainProxy$VirtualFilterChain.doFilter(FilterChainProxy.java:380)
	at org.springframework.security.web.FilterChainProxy.doFilterInternal(FilterChainProxy.java:237)
	at org.springframework.security.web.FilterChainProxy.doFilter(FilterChainProxy.java:195)
	at org.springframework.web.filter.CompositeFilter$VirtualFilterChain.doFilter(CompositeFilter.java:113)
	at org.springframework.web.filter.ServletRequestPathFilter.doFilter(ServletRequestPathFilter.java:52)
	at org.springframework.web.filter.CompositeFilter$VirtualFilterChain.doFilter(CompositeFilter.java:113)
	at org.springframework.web.filter.CompositeFilter.doFilter(CompositeFilter.java:74)
	at org.springframework.security.config.annotation.web.configuration.WebSecurityConfiguration$CompositeFilterChainProxy.doFilter(WebSecurityConfiguration.java:317)
	at org.springframework.web.filter.DelegatingFilterProxy.invokeDelegate(DelegatingFilterProxy.java:355)
	at org.springframework.web.filter.DelegatingFilterProxy.doFilter(DelegatingFilterProxy.java:272)
	at org.apache.catalina.core.ApplicationFilterChain.doFilter(ApplicationFilterChain.java:107)
	at org.springframework.web.filter.RequestContextFilter.doFilterInternal(RequestContextFilter.java:100)
	at org.springframework.web.filter.OncePerRequestFilter.doFilter(OncePerRequestFilter.java:116)
	at org.apache.catalina.core.ApplicationFilterChain.doFilter(ApplicationFilterChain.java:107)
	at org.springframework.web.filter.FormContentFilter.doFilterInternal(FormContentFilter.java:93)
	at org.springframework.web.filter.OncePerRequestFilter.doFilter(OncePerRequestFilter.java:116)
	at org.apache.catalina.core.ApplicationFilterChain.doFilter(ApplicationFilterChain.java:107)
	at org.springframework.web.filter.CharacterEncodingFilter.doFilterInternal(CharacterEncodingFilter.java:199)
	at org.springframework.web.filter.OncePerRequestFilter.doFilter(OncePerRequestFilter.java:116)
	at org.apache.catalina.core.ApplicationFilterChain.doFilter(ApplicationFilterChain.java:107)
	at org.apache.catalina.core.StandardWrapperValve.invoke(StandardWrapperValve.java:165)
	at org.apache.catalina.core.StandardContextValve.invoke(StandardContextValve.java:77)
	at org.apache.catalina.authenticator.AuthenticatorBase.invoke(AuthenticatorBase.java:482)
	at org.apache.catalina.core.StandardHostValve.invoke(StandardHostValve.java:113)
	at org.apache.catalina.valves.ErrorReportValve.invoke(ErrorReportValve.java:83)
	at org.apache.catalina.core.StandardEngineValve.invoke(StandardEngineValve.java:72)
	at org.apache.catalina.connector.CoyoteAdapter.service(CoyoteAdapter.java:341)
	at org.apache.coyote.http11.Http11Processor.service(Http11Processor.java:397)
	at org.apache.coyote.AbstractProcessorLight.process(AbstractProcessorLight.java:63)
	at org.apache.coyote.AbstractProtocol$ConnectionHandler.process(AbstractProtocol.java:903)
	at org.apache.tomcat.util.net.NioEndpoint$SocketProcessor.doRun(NioEndpoint.java:1778)
	at org.apache.tomcat.util.net.SocketProcessorBase.run(SocketProcessorBase.java:52)
	at org.apache.tomcat.util.threads.ThreadPoolExecutor.runWorker(ThreadPoolExecutor.java:946)
	at org.apache.tomcat.util.threads.ThreadPoolExecutor$Worker.run(ThreadPoolExecutor.java:480)
	at org.apache.tomcat.util.threads.TaskThread$WrappingRunnable.run(TaskThread.java:57)
	at java.base/java.lang.Thread.run(Thread.java:1447)
2026-02-26 23:21:58 [RMISHikariPool:housekeeper] WARN  com.zaxxer.hikari.pool.PoolBase - RMISHikariPool - Failed to validate connection org.postgresql.jdbc.PgConnection@14e05533 (This connection has been closed.). Possibly consider using a shorter maxLifetime value.
2026-02-26 23:21:59 [http-nio-8080-exec-9] INFO  c.r.r.c.TechnicianAuthController - Received technician registration request for email: john.doe@example.com
2026-02-26 23:21:59 [http-nio-8080-exec-9] INFO  c.r.r.s.i.TechnicianAuthServiceImpl - Attempting to register technician with email: john.doe@example.com
2026-02-26 23:22:01 [http-nio-8080-exec-9] DEBUG org.hibernate.SQL - 
    /* SELECT
        t.id id 
    FROM
        Technician t 
    WHERE
        t.email = :email */ select
            t1_0.id 
        from
            technicians t1_0 
        where
            t1_0.email=? 
        fetch
            first ? rows only
2026-02-26 23:22:03 [http-nio-8080-exec-9] DEBUG org.hibernate.SQL - 
    /* SELECT
        r 
    FROM
        Role r 
    WHERE
        r.name = :name */ select
            r1_0.id,
            r1_0.name 
        from
            roles r1_0 
        where
            r1_0.name=?
2026-02-26 23:22:04 [http-nio-8080-exec-9] DEBUG org.hibernate.SQL - 
    /* insert 
    for
        com.rmis.rmis.domain.entities.Technician
        */insert 
    into
        technicians (address, approval_date, email, first_name, last_name, password, phone_number, registration_date, rejection_reason, role_id, specialization, status, years_of_experience) 
    values
        (?, ?, ?, ?, ?, ?, ?, ?, ?, ?, ?, ?, ?)
2026-02-26 23:22:04 [http-nio-8080-exec-9] INFO  c.r.r.s.i.TechnicianAuthServiceImpl - Technician saved with ID: 9
2026-02-26 23:22:05 [http-nio-8080-exec-9] INFO  c.r.r.s.impl.FileStorageService - File stored successfully: 5cf8777a-0e21-4a78-a123-8c89c7f45322.pdf
2026-02-26 23:22:05 [http-nio-8080-exec-9] DEBUG org.hibernate.SQL - 
    /* insert 
    for
        com.rmis.rmis.domain.entities.Certification
        */insert 
    into
        certifications (certificate_number, certification_name, expiry_date, file_path, file_size, file_type, issue_date, issuing_authority, original_file_name, technician_id) 
    values
        (?, ?, ?, ?, ?, ?, ?, ?, ?, ?)
2026-02-26 23:22:06 [http-nio-8080-exec-9] INFO  c.r.r.s.i.TechnicianAuthServiceImpl - Certification saved for technician: 9
2026-02-26 23:22:06 [http-nio-8080-exec-9] INFO  c.r.r.s.i.TechnicianAuthServiceImpl - Technician registration completed successfully for: john.doe@example.com
2026-02-26 23:22:06 [http-nio-8080-exec-9] INFO  c.r.r.c.TechnicianAuthController - Technician registered successfully with ID: 9
2026-02-26 23:22:47 [http-nio-8080-exec-1] INFO  c.r.r.c.TechnicianAuthController - Received login request for technician: john.doe@example.com
2026-02-26 23:22:47 [http-nio-8080-exec-1] INFO  c.r.r.s.i.TechnicianAuthServiceImpl - Login attempt for technician: john.doe@example.com
2026-02-26 23:22:48 [http-nio-8080-exec-1] DEBUG org.hibernate.SQL - 
    /* SELECT
        t 
    FROM
        Technician t 
    WHERE
        t.email = :email */ select
            t1_0.id,
            t1_0.address,
            t1_0.approval_date,
            t1_0.email,
            t1_0.first_name,
            t1_0.last_name,
            t1_0.password,
            t1_0.phone_number,
            t1_0.registration_date,
            t1_0.rejection_reason,
            t1_0.role_id,
            t1_0.specialization,
            t1_0.status,
            t1_0.years_of_experience 
        from
            technicians t1_0 
        where
            t1_0.email=?
2026-02-26 23:22:49 [http-nio-8080-exec-1] DEBUG org.hibernate.SQL - 
    select
        r1_0.id,
        r1_0.name 
    from
        roles r1_0 
    where
        r1_0.id=?
2026-02-26 23:22:51 [http-nio-8080-exec-1] DEBUG org.hibernate.SQL - 
    /* SELECT
        t 
    FROM
        Technician t 
    WHERE
        t.email = :email */ select
            t1_0.id,
            t1_0.address,
            t1_0.approval_date,
            t1_0.email,
            t1_0.first_name,
            t1_0.last_name,
            t1_0.password,
            t1_0.phone_number,
            t1_0.registration_date,
            t1_0.rejection_reason,
            t1_0.role_id,
            t1_0.specialization,
            t1_0.status,
            t1_0.years_of_experience 
        from
            technicians t1_0 
        where
            t1_0.email=?
2026-02-26 23:22:51 [http-nio-8080-exec-1] WARN  c.r.r.s.i.TechnicianAuthServiceImpl - Login attempt by non-active technician: john.doe@example.com
2026-02-26 23:22:51 [http-nio-8080-exec-1] WARN  c.r.r.c.TechnicianAuthController - Login failed for technician: john.doe@example.com
2026-02-26 23:23:57 [http-nio-8080-exec-10] DEBUG org.hibernate.SQL - 
    /* SELECT
        t 
    FROM
        Technician t 
    WHERE
        t.email = :email */ select
            t1_0.id,
            t1_0.address,
            t1_0.approval_date,
            t1_0.email,
            t1_0.first_name,
            t1_0.last_name,
            t1_0.password,
            t1_0.phone_number,
            t1_0.registration_date,
            t1_0.rejection_reason,
            t1_0.role_id,
            t1_0.specialization,
            t1_0.status,
            t1_0.years_of_experience 
        from
            technicians t1_0 
        where
            t1_0.email=?
2026-02-26 23:23:58 [http-nio-8080-exec-10] DEBUG org.hibernate.SQL - 
    select
        r1_0.id,
        r1_0.name 
    from
        roles r1_0 
    where
        r1_0.id=?
2026-02-26 23:23:59 [http-nio-8080-exec-10] INFO  c.r.r.c.AdminTechnicianController - Admin fetching pending technicians
2026-02-26 23:23:59 [http-nio-8080-exec-10] DEBUG org.hibernate.SQL - 
    /* SELECT
        t 
    FROM
        Technician t 
    WHERE
        t.status = :status */ select
            t1_0.id,
            t1_0.address,
            t1_0.approval_date,
            t1_0.email,
            t1_0.first_name,
            t1_0.last_name,
            t1_0.password,
            t1_0.phone_number,
            t1_0.registration_date,
            t1_0.rejection_reason,
            t1_0.role_id,
            t1_0.specialization,
            t1_0.status,
            t1_0.years_of_experience 
        from
            technicians t1_0 
        where
            t1_0.status=?
2026-02-26 23:23:59 [http-nio-8080-exec-10] DEBUG org.hibernate.SQL - 
    select
        r1_0.id,
        r1_0.name 
    from
        roles r1_0 
    where
        r1_0.id=?
2026-02-26 23:23:59 [http-nio-8080-exec-10] DEBUG org.hibernate.SQL - 
    select
        c1_0.technician_id,
        c1_0.id,
        c1_0.certificate_number,
        c1_0.certification_name,
        c1_0.expiry_date,
        c1_0.file_path,
        c1_0.file_size,
        c1_0.file_type,
        c1_0.issue_date,
        c1_0.issuing_authority,
        c1_0.original_file_name 
    from
        certifications c1_0 
    where
        c1_0.technician_id=?
2026-02-26 23:24:19 [http-nio-8080-exec-5] DEBUG org.hibernate.SQL - 
    /* SELECT
        t 
    FROM
        Technician t 
    WHERE
        t.email = :email */ select
            t1_0.id,
            t1_0.address,
            t1_0.approval_date,
            t1_0.email,
            t1_0.first_name,
            t1_0.last_name,
            t1_0.password,
            t1_0.phone_number,
            t1_0.registration_date,
            t1_0.rejection_reason,
            t1_0.role_id,
            t1_0.specialization,
            t1_0.status,
            t1_0.years_of_experience 
        from
            technicians t1_0 
        where
            t1_0.email=?
2026-02-26 23:24:20 [http-nio-8080-exec-5] DEBUG org.hibernate.SQL - 
    select
        r1_0.id,
        r1_0.name 
    from
        roles r1_0 
    where
        r1_0.id=?
2026-02-26 23:24:21 [http-nio-8080-exec-5] INFO  c.r.r.c.AdminTechnicianController - Admin processing technician approval: 9
2026-02-26 23:24:21 [http-nio-8080-exec-5] INFO  c.r.r.s.i.TechnicianAuthServiceImpl - Approving technician with ID: 9
2026-02-26 23:24:21 [http-nio-8080-exec-5] DEBUG org.hibernate.SQL - 
    select
        t1_0.id,
        t1_0.address,
        t1_0.approval_date,
        t1_0.email,
        t1_0.first_name,
        t1_0.last_name,
        t1_0.password,
        t1_0.phone_number,
        t1_0.registration_date,
        t1_0.rejection_reason,
        t1_0.role_id,
        r1_0.id,
        r1_0.name,
        t1_0.specialization,
        t1_0.status,
        t1_0.years_of_experience 
    from
        technicians t1_0 
    join
        roles r1_0 
            on r1_0.id=t1_0.role_id 
    where
        t1_0.id=?
2026-02-26 23:24:21 [http-nio-8080-exec-5] INFO  c.r.r.s.i.TechnicianAuthServiceImpl - Technician approved successfully: 9
2026-02-26 23:24:21 [http-nio-8080-exec-5] DEBUG org.hibernate.SQL - 
    select
        c1_0.technician_id,
        c1_0.id,
        c1_0.certificate_number,
        c1_0.certification_name,
        c1_0.expiry_date,
        c1_0.file_path,
        c1_0.file_size,
        c1_0.file_type,
        c1_0.issue_date,
        c1_0.issuing_authority,
        c1_0.original_file_name 
    from
        certifications c1_0 
    where
        c1_0.technician_id=?
2026-02-26 23:24:22 [http-nio-8080-exec-5] DEBUG org.hibernate.SQL - 
    /* update
        
    for
        com.rmis.rmis.domain.entities.Technician */update technicians 
    set
        address=?,
        approval_date=?,
        email=?,
        first_name=?,
        last_name=?,
        password=?,
        phone_number=?,
        registration_date=?,
        rejection_reason=?,
        role_id=?,
        specialization=?,
        status=?,
        years_of_experience=? 
    where
        id=?
2026-02-26 23:24:23 [http-nio-8080-exec-5] INFO  c.r.r.c.AdminTechnicianController - Technician approved: 9
2026-02-26 23:24:55 [http-nio-8080-exec-4] INFO  c.r.r.c.TechnicianAuthController - Received login request for technician: john.doe@example.com
2026-02-26 23:24:55 [http-nio-8080-exec-4] INFO  c.r.r.s.i.TechnicianAuthServiceImpl - Login attempt for technician: john.doe@example.com
2026-02-26 23:24:56 [http-nio-8080-exec-4] DEBUG org.hibernate.SQL - 
    /* SELECT
        t 
    FROM
        Technician t 
    WHERE
        t.email = :email */ select
            t1_0.id,
            t1_0.address,
            t1_0.approval_date,
            t1_0.email,
            t1_0.first_name,
            t1_0.last_name,
            t1_0.password,
            t1_0.phone_number,
            t1_0.registration_date,
            t1_0.rejection_reason,
            t1_0.role_id,
            t1_0.specialization,
            t1_0.status,
            t1_0.years_of_experience 
        from
            technicians t1_0 
        where
            t1_0.email=?
2026-02-26 23:24:57 [http-nio-8080-exec-4] DEBUG org.hibernate.SQL - 
    select
        r1_0.id,
        r1_0.name 
    from
        roles r1_0 
    where
        r1_0.id=?
2026-02-26 23:25:03 [http-nio-8080-exec-4] DEBUG org.hibernate.SQL - 
    /* SELECT
        t 
    FROM
        Technician t 
    WHERE
        t.email = :email */ select
            t1_0.id,
            t1_0.address,
            t1_0.approval_date,
            t1_0.email,
            t1_0.first_name,
            t1_0.last_name,
            t1_0.password,
            t1_0.phone_number,
            t1_0.registration_date,
            t1_0.rejection_reason,
            t1_0.role_id,
            t1_0.specialization,
            t1_0.status,
            t1_0.years_of_experience 
        from
            technicians t1_0 
        where
            t1_0.email=?
2026-02-26 23:25:04 [http-nio-8080-exec-4] INFO  c.r.r.s.i.TechnicianAuthServiceImpl - Technician logged in successfully: john.doe@example.com
2026-02-26 23:25:04 [http-nio-8080-exec-4] INFO  c.r.r.c.TechnicianAuthController - Login successful for technician: john.doe@example.com
2026-02-26 23:26:03 [SpringApplicationShutdownHook] INFO  o.s.boot.tomcat.GracefulShutdown - Commencing graceful shutdown. Waiting for active requests to complete
2026-02-26 23:26:03 [tomcat-shutdown] INFO  o.s.boot.tomcat.GracefulShutdown - Graceful shutdown complete
2026-02-26 23:26:03 [SpringApplicationShutdownHook] INFO  o.s.o.j.LocalContainerEntityManagerFactoryBean - Closing JPA EntityManagerFactory for persistence unit 'default'
2026-02-26 23:26:03 [SpringApplicationShutdownHook] INFO  com.zaxxer.hikari.HikariDataSource - RMISHikariPool - Shutdown initiated...
2026-02-26 23:26:03 [SpringApplicationShutdownHook] INFO  com.zaxxer.hikari.HikariDataSource - RMISHikariPool - Shutdown completed.
